#
# A fatal error has been detected by the Java Runtime Environment:
#
#  SIGSEGV (0xb) at pc=0x00007f16a4ff4da0, pid=14033, tid=139735399626496
#
# JRE version: 6.0_27-b27
# Java VM: OpenJDK 64-Bit Server VM (20.0-b12 mixed mode linux-amd64 compressed oops)
# Derivative: IcedTea6 1.12.7
# Distribution: Dummy Product (x86_64), package suse-45.1-x86_64
# Problematic frame:
# C  [libkvf.so.0+0xda0]  _kvf_find_impl+0x30
#
# If you would like to submit a bug report, please include
# instructions how to reproduce the bug and visit:
#   http://icedtea.classpath.org/bugzilla
# The crash happened outside the Java Virtual Machine in native code.
# See problematic frame for where to report the bug.
#

---------------  T H R E A D  ---------------

Current thread (0x0000000000612800):  JavaThread "main" [_thread_in_native, id=14034, stack(0x00007f16aecb7000,0x00007f16aedb8000)]

siginfo:si_signo=SIGSEGV: si_errno=0, si_code=1 (SEGV_MAPERR), si_addr=0xffffffffffffffe8

Registers:
RAX=0x00007f16aedb68f0, RBX=0x0000000000000000, RCX=0x0000000000000000, RDX=0x00007f16aedb68f0
RSP=0x00007f16aedb6800, RBP=0x00007f16aedb6870, RSI=0x00007f16aedb68e0, RDI=0x00007f16aedb68f0
R8 =0xc300007f16a943cf, R9 =0x0000000000000000, R10=0x00007f16aedb65e0, R11=0x00007f16a4ff5290
R12=0x0000000000000000, R13=0x00007f16a51f6040, R14=0x00007f16aedb68f0, R15=0x0000000000612800
RIP=0x00007f16a4ff4da0, EFLAGS=0x0000000000010287, CSGSFS=0x0000000000000033, ERR=0x0000000000000005
  TRAPNO=0x000000000000000e

Top of Stack: (sp=0x00007f16aedb6800)
0x00007f16aedb6800:   00000005fe2d40c0 00007f16aedb6870
0x00007f16aedb6810:   0000000000000000 00000005fe2d40c0
0x00007f16aedb6820:   00007f16aedb68f0 00007f16a51f8349
0x00007f16aedb6830:   00007f16a9433dd0 00007f16aedb68f0
0x00007f16aedb6840:   00007f16aedb68e0 00000000006129d0
0x00007f16aedb6850:   00007f16aedb68f0 0000000000612800
0x00007f16aedb6860:   0000000000000000 0000000000000000
0x00007f16aedb6870:   00007f16aedb68d0 00007f16a943fd68
0x00007f16aedb6880:   0000000000613178 0000000000613180
0x00007f16aedb6890:   00007f16aedb6890 00000005fe2d40c0
0x00007f16aedb68a0:   00007f16aedb68f0 00000005fe2d4dd0
0x00007f16aedb68b0:   0000000000000000 00000005fe2d40c0
0x00007f16aedb68c0:   0000000000000000 00007f16aedb68f0
0x00007f16aedb68d0:   00007f16aedb6940 00007f16a9434929
0x00007f16aedb68e0:   00000005fe2d4d30 00007f16a943cf57
0x00007f16aedb68f0:   00000005fe2d5218 000000075823a340
0x00007f16aedb6900:   00007f16aedb6900 00000005fe2d39e3
0x00007f16aedb6910:   00007f16aedb6958 00000005fe2d4dd0
0x00007f16aedb6920:   0000000000000000 00000005fe2d3a10
0x00007f16aedb6930:   00007f16aedb68f0 00007f16aedb6950
0x00007f16aedb6940:   00007f16aedb69a8 00007f16a943485a
0x00007f16aedb6950:   00000005fe2d5218 000000075823a340
0x00007f16aedb6960:   000000075823a340 00007f16aedb6968
0x00007f16aedb6970:   00000005fe2d4866 00007f16aedb6a08
0x00007f16aedb6980:   00000005fe2d4dd0 0000000000000000
0x00007f16aedb6990:   00000005fe2d4a00 00007f16aedb6950
0x00007f16aedb69a0:   00007f16aedb6a08 00007f16aedb6a70
0x00007f16aedb69b0:   00007f16a942f438 0000000000000000
0x00007f16aedb69c0:   0000000000000000 0000000000000000
0x00007f16aedb69d0:   0000000000000000 0000000000000000
0x00007f16aedb69e0:   0000000000000000 0000000000000000
0x00007f16aedb69f0:   0000000000000000 0000000000000000 

Instructions: (pc=0x00007f16a4ff4da0)
0x00007f16a4ff4d80:   45 31 e4 55 53 48 8b 1d b4 12 20 00 4c 39 eb 75
0x00007f16a4ff4d90:   0f eb 2f 0f 1f 44 00 00 48 8b 1b 4c 39 eb 74 30
0x00007f16a4ff4da0:   48 8b 6b e8 4c 8d 63 e0 48 89 ef e8 c8 fe ff ff
0x00007f16a4ff4db0:   4c 89 f6 48 89 c2 48 89 ef e8 9a fe ff ff 85 c0 

Register to memory mapping:

RAX=0x00007f16aedb68f0 is pointing into the stack for thread: 0x0000000000612800
RBX=0x0000000000000000 is an unknown value
RCX=0x0000000000000000 is an unknown value
RDX=0x00007f16aedb68f0 is pointing into the stack for thread: 0x0000000000612800
RSP=0x00007f16aedb6800 is pointing into the stack for thread: 0x0000000000612800
RBP=0x00007f16aedb6870 is pointing into the stack for thread: 0x0000000000612800
RSI=0x00007f16aedb68e0 is pointing into the stack for thread: 0x0000000000612800
RDI=0x00007f16aedb68f0 is pointing into the stack for thread: 0x0000000000612800
R8 =0xc300007f16a943cf is an unknown value
R9 =0x0000000000000000 is an unknown value
R10=0x00007f16aedb65e0 is pointing into the stack for thread: 0x0000000000612800
R11=0x00007f16a4ff5290: get_kvf+0 in /home/runhui/ananas/lib/.libs/libkvf.so.0 at 0x00007f16a4ff4000
R12=0x0000000000000000 is an unknown value
R13=0x00007f16a51f6040: <offset 0x202040> in /home/runhui/ananas/lib/.libs/libkvf.so.0 at 0x00007f16a4ff4000
R14=0x00007f16aedb68f0 is pointing into the stack for thread: 0x0000000000612800
R15=0x0000000000612800 is a thread


Stack: [0x00007f16aecb7000,0x00007f16aedb8000],  sp=0x00007f16aedb6800,  free space=1022k
Native frames: (J=compiled Java code, j=interpreted, Vv=VM code, C=native code)
C  [libkvf.so.0+0xda0]  _kvf_find_impl+0x30
j  com.yahoo.ycsb.db.JAnanas.connect(Ljava/lang/String;)J+0
j  com.yahoo.ycsb.db.JAnanas.<init>(Ljava/lang/String;)V+11
j  com.yahoo.ycsb.db.JAnanas.main([Ljava/lang/String;)V+6
v  ~StubRoutines::call_stub
V  [libjvm.so+0x4cead8]  JavaCalls::call_helper(JavaValue*, methodHandle*, JavaCallArguments*, Thread*)+0x2b8
V  [libjvm.so+0x4cdf48]  JavaCalls::call(JavaValue*, methodHandle, JavaCallArguments*, Thread*)+0x28
V  [libjvm.so+0x4dab23]  _ZL17jni_invoke_staticP7JNIEnv_P9JavaValueP8_jobject11JNICallTypeP10_jmethodIDP18JNI_ArgumentPusherP6Thread.clone.53+0x1e3
V  [libjvm.so+0x4ec03d]  jni_CallStaticVoidMethod+0x16d
C  [java+0x2e7d]  JavaMain+0xddd

Java frames: (J=compiled Java code, j=interpreted, Vv=VM code)
j  com.yahoo.ycsb.db.JAnanas.connect(Ljava/lang/String;)J+0
j  com.yahoo.ycsb.db.JAnanas.<init>(Ljava/lang/String;)V+11
j  com.yahoo.ycsb.db.JAnanas.main([Ljava/lang/String;)V+6
v  ~StubRoutines::call_stub

---------------  P R O C E S S  ---------------

Java Threads: ( => current thread )
  0x00007f16a0008800 JavaThread "Low Memory Detector" daemon [_thread_blocked, id=14058, stack(0x00007f16a54fc000,0x00007f16a55fd000)]
  0x00007f16a0006000 JavaThread "C2 CompilerThread1" daemon [_thread_blocked, id=14057, stack(0x00007f16a55fd000,0x00007f16a56fe000)]
  0x00000000006b7800 JavaThread "C2 CompilerThread0" daemon [_thread_blocked, id=14056, stack(0x00007f16a56fe000,0x00007f16a57ff000)]
  0x00000000006b6000 JavaThread "Signal Dispatcher" daemon [_thread_blocked, id=14055, stack(0x00007f16a57ff000,0x00007f16a5900000)]
  0x0000000000695000 JavaThread "Finalizer" daemon [_thread_blocked, id=14054, stack(0x00007f16a593f000,0x00007f16a5a40000)]
  0x0000000000692800 JavaThread "Reference Handler" daemon [_thread_blocked, id=14053, stack(0x00007f16a5a40000,0x00007f16a5b41000)]
=>0x0000000000612800 JavaThread "main" [_thread_in_native, id=14034, stack(0x00007f16aecb7000,0x00007f16aedb8000)]

Other Threads:
  0x000000000068d800 VMThread [stack: 0x00007f16a5b41000,0x00007f16a5c42000] [id=14052]
  0x00007f16a0013800 WatcherThread [stack: 0x00007f16a53fb000,0x00007f16a54fc000] [id=14059]

VM state:not at safepoint (normal execution)

VM Mutex/Monitor currently owned by a thread: None

Heap
 PSYoungGen      total 150400K, used 2579K [0x0000000758200000, 0x00000007629d0000, 0x0000000800000000)
  eden space 128960K, 2% used [0x0000000758200000,0x0000000758484cd8,0x000000075fff0000)
  from space 21440K, 0% used [0x00000007614e0000,0x00000007614e0000,0x00000007629d0000)
  to   space 21440K, 0% used [0x000000075fff0000,0x000000075fff0000,0x00000007614e0000)
 PSOldGen        total 343808K, used 0K [0x0000000608600000, 0x000000061d5c0000, 0x0000000758200000)
  object space 343808K, 0% used [0x0000000608600000,0x0000000608600000,0x000000061d5c0000)
 PSPermGen       total 21248K, used 2900K [0x00000005fe000000, 0x00000005ff4c0000, 0x0000000608600000)
  object space 21248K, 13% used [0x00000005fe000000,0x00000005fe2d5258,0x00000005ff4c0000)

Code Cache  [0x00007f16a942f000, 0x00007f16a969f000, 0x00007f16ac42f000)
 total_blobs=155 nmethods=0 adapters=123 free_code_cache=49951040 largest_free_block=0

Dynamic libraries:
00400000-00409000 r-xp 00000000 08:01 7867297                            /usr/lib64/jvm/java-1.6.0-openjdk-1.6.0/bin/java
00608000-00609000 r--p 00008000 08:01 7867297                            /usr/lib64/jvm/java-1.6.0-openjdk-1.6.0/bin/java
00609000-0060a000 rw-p 00009000 08:01 7867297                            /usr/lib64/jvm/java-1.6.0-openjdk-1.6.0/bin/java
0060a000-006d0000 rw-p 00000000 00:00 0                                  [heap]
5fe000000-5ff4c0000 rw-p 00000000 00:00 0 
5ff4c0000-608600000 rw-p 00000000 00:00 0 
608600000-61d5c0000 rw-p 00000000 00:00 0 
61d5c0000-758200000 rw-p 00000000 00:00 0 
758200000-7629d0000 rw-p 00000000 00:00 0 
7629d0000-800000000 rw-p 00000000 00:00 0 
7f16a0000000-7f16a0047000 rw-p 00000000 00:00 0 
7f16a0047000-7f16a4000000 ---p 00000000 00:00 0 
7f16a4ff4000-7f16a4ff6000 r-xp 00000000 08:06 28839488                   /home/runhui/ananas/lib/.libs/libkvf.so.0.0.0
7f16a4ff6000-7f16a51f5000 ---p 00002000 08:06 28839488                   /home/runhui/ananas/lib/.libs/libkvf.so.0.0.0
7f16a51f5000-7f16a51f6000 r--p 00001000 08:06 28839488                   /home/runhui/ananas/lib/.libs/libkvf.so.0.0.0
7f16a51f6000-7f16a51f7000 rw-p 00002000 08:06 28839488                   /home/runhui/ananas/lib/.libs/libkvf.so.0.0.0
7f16a51f7000-7f16a51f9000 r-xp 00000000 08:06 28839466                   /home/runhui/ananas/java/src/com/yahoo/ycsb/db/libcom_yahoo_ycsb_db_JAnanas.so
7f16a51f9000-7f16a53f9000 ---p 00002000 08:06 28839466                   /home/runhui/ananas/java/src/com/yahoo/ycsb/db/libcom_yahoo_ycsb_db_JAnanas.so
7f16a53f9000-7f16a53fa000 r--p 00002000 08:06 28839466                   /home/runhui/ananas/java/src/com/yahoo/ycsb/db/libcom_yahoo_ycsb_db_JAnanas.so
7f16a53fa000-7f16a53fb000 rw-p 00003000 08:06 28839466                   /home/runhui/ananas/java/src/com/yahoo/ycsb/db/libcom_yahoo_ycsb_db_JAnanas.so
7f16a53fb000-7f16a53fc000 ---p 00000000 00:00 0 
7f16a53fc000-7f16a54fc000 rw-p 00000000 00:00 0 
7f16a54fc000-7f16a54ff000 ---p 00000000 00:00 0 
7f16a54ff000-7f16a55fd000 rw-p 00000000 00:00 0 
7f16a55fd000-7f16a5600000 ---p 00000000 00:00 0 
7f16a5600000-7f16a56fe000 rw-p 00000000 00:00 0 
7f16a56fe000-7f16a5701000 ---p 00000000 00:00 0 
7f16a5701000-7f16a57ff000 rw-p 00000000 00:00 0 
7f16a57ff000-7f16a5802000 ---p 00000000 00:00 0 
7f16a5802000-7f16a5900000 rw-p 00000000 00:00 0 
7f16a5900000-7f16a593f000 r--p 00000000 08:01 6294262                    /usr/lib/locale/en_US.utf8/LC_CTYPE
7f16a593f000-7f16a5942000 ---p 00000000 00:00 0 
7f16a5942000-7f16a5a40000 rw-p 00000000 00:00 0 
7f16a5a40000-7f16a5a43000 ---p 00000000 00:00 0 
7f16a5a43000-7f16a5b41000 rw-p 00000000 00:00 0 
7f16a5b41000-7f16a5b42000 ---p 00000000 00:00 0 
7f16a5b42000-7f16a6a83000 rw-p 00000000 00:00 0 
7f16a6a83000-7f16a6c18000 r--s 03849000 08:01 7604847                    /usr/lib64/jvm/java-1.6.0-openjdk-1.6.0/jre/lib/rt.jar
7f16a6c18000-7f16a6c40000 rw-p 00000000 00:00 0 
7f16a6c40000-7f16a6c41000 ---p 00000000 00:00 0 
7f16a6c41000-7f16a6d41000 rw-p 00000000 00:00 0 
7f16a6d41000-7f16a6d42000 ---p 00000000 00:00 0 
7f16a6d42000-7f16a6e42000 rw-p 00000000 00:00 0 
7f16a6e42000-7f16a6e43000 ---p 00000000 00:00 0 
7f16a6e43000-7f16a6f43000 rw-p 00000000 00:00 0 
7f16a6f43000-7f16a6f44000 ---p 00000000 00:00 0 
7f16a6f44000-7f16a7044000 rw-p 00000000 00:00 0 
7f16a7044000-7f16a7045000 ---p 00000000 00:00 0 
7f16a7045000-7f16a7145000 rw-p 00000000 00:00 0 
7f16a7145000-7f16a7146000 ---p 00000000 00:00 0 
7f16a7146000-7f16a7246000 rw-p 00000000 00:00 0 
7f16a7246000-7f16a7247000 ---p 00000000 00:00 0 
7f16a7247000-7f16a7347000 rw-p 00000000 00:00 0 
7f16a7347000-7f16a7348000 ---p 00000000 00:00 0 
7f16a7348000-7f16a7448000 rw-p 00000000 00:00 0 
7f16a7448000-7f16a7449000 ---p 00000000 00:00 0 
7f16a7449000-7f16a7549000 rw-p 00000000 00:00 0 
7f16a7549000-7f16a754a000 ---p 00000000 00:00 0 
7f16a754a000-7f16a764a000 rw-p 00000000 00:00 0 
7f16a764a000-7f16a764b000 ---p 00000000 00:00 0 
7f16a764b000-7f16a774b000 rw-p 00000000 00:00 0 
7f16a774b000-7f16a774c000 ---p 00000000 00:00 0 
7f16a774c000-7f16a784c000 rw-p 00000000 00:00 0 
7f16a784c000-7f16a784d000 ---p 00000000 00:00 0 
7f16a784d000-7f16a7958000 rw-p 00000000 00:00 0 
7f16a7958000-7f16a79a0000 rw-p 00000000 00:00 0 
7f16a79a0000-7f16a7a48000 rw-p 00000000 00:00 0 
7f16a7a48000-7f16a841e000 rw-p 00000000 00:00 0 
7f16a841e000-7f16a8429000 rw-p 00000000 00:00 0 
7f16a8429000-7f16a8471000 rw-p 00000000 00:00 0 
7f16a8471000-7f16a8519000 rw-p 00000000 00:00 0 
7f16a8519000-7f16a8eef000 rw-p 00000000 00:00 0 
7f16a8eef000-7f16a8f43000 rw-p 00000000 00:00 0 
7f16a8f43000-7f16a942e000 rw-p 00000000 00:00 0 
7f16a942e000-7f16a942f000 rw-p 00000000 00:00 0 
7f16a942f000-7f16a969f000 rwxp 00000000 00:00 0 
7f16a969f000-7f16ac42f000 rw-p 00000000 00:00 0 
7f16ac42f000-7f16ac436000 r-xp 00000000 08:01 7604764                    /usr/lib64/jvm/java-1.6.0-openjdk-1.6.0/jre/lib/amd64/libzip.so
7f16ac436000-7f16ac635000 ---p 00007000 08:01 7604764                    /usr/lib64/jvm/java-1.6.0-openjdk-1.6.0/jre/lib/amd64/libzip.so
7f16ac635000-7f16ac636000 r--p 00006000 08:01 7604764                    /usr/lib64/jvm/java-1.6.0-openjdk-1.6.0/jre/lib/amd64/libzip.so
7f16ac636000-7f16ac637000 rw-p 00007000 08:01 7604764                    /usr/lib64/jvm/java-1.6.0-openjdk-1.6.0/jre/lib/amd64/libzip.so
7f16ac637000-7f16ac665000 r-xp 00000000 08:01 7604744                    /usr/lib64/jvm/java-1.6.0-openjdk-1.6.0/jre/lib/amd64/libjava.so
7f16ac665000-7f16ac864000 ---p 0002e000 08:01 7604744                    /usr/lib64/jvm/java-1.6.0-openjdk-1.6.0/jre/lib/amd64/libjava.so
7f16ac864000-7f16ac865000 r--p 0002d000 08:01 7604744                    /usr/lib64/jvm/java-1.6.0-openjdk-1.6.0/jre/lib/amd64/libjava.so
7f16ac865000-7f16ac868000 rw-p 0002e000 08:01 7604744                    /usr/lib64/jvm/java-1.6.0-openjdk-1.6.0/jre/lib/amd64/libjava.so
7f16ac868000-7f16ac869000 rw-p 00000000 00:00 0 
7f16ac869000-7f16ac877000 r-xp 00000000 08:01 7604763                    /usr/lib64/jvm/java-1.6.0-openjdk-1.6.0/jre/lib/amd64/libverify.so
7f16ac877000-7f16aca76000 ---p 0000e000 08:01 7604763                    /usr/lib64/jvm/java-1.6.0-openjdk-1.6.0/jre/lib/amd64/libverify.so
7f16aca76000-7f16aca78000 r--p 0000d000 08:01 7604763                    /usr/lib64/jvm/java-1.6.0-openjdk-1.6.0/jre/lib/amd64/libverify.so
7f16aca78000-7f16aca79000 rw-p 0000f000 08:01 7604763                    /usr/lib64/jvm/java-1.6.0-openjdk-1.6.0/jre/lib/amd64/libverify.so
7f16aca79000-7f16aca81000 r-xp 00000000 08:01 6029526                    /lib64/librt-2.11.3.so
7f16aca81000-7f16acc80000 ---p 00008000 08:01 6029526                    /lib64/librt-2.11.3.so
7f16acc80000-7f16acc81000 r--p 00007000 08:01 6029526                    /lib64/librt-2.11.3.so
7f16acc81000-7f16acc82000 rw-p 00008000 08:01 6029526                    /lib64/librt-2.11.3.so
7f16acc82000-7f16acc97000 r-xp 00000000 08:01 6029453                    /lib64/libgcc_s.so.1
7f16acc97000-7f16ace96000 ---p 00015000 08:01 6029453                    /lib64/libgcc_s.so.1
7f16ace96000-7f16ace97000 r--p 00014000 08:01 6029453                    /lib64/libgcc_s.so.1
7f16ace97000-7f16ace98000 rw-p 00015000 08:01 6029453                    /lib64/libgcc_s.so.1
7f16ace98000-7f16aceee000 r-xp 00000000 08:01 6029450                    /lib64/libm-2.11.3.so
7f16aceee000-7f16ad0ed000 ---p 00056000 08:01 6029450                    /lib64/libm-2.11.3.so
7f16ad0ed000-7f16ad0ee000 r--p 00055000 08:01 6029450                    /lib64/libm-2.11.3.so
7f16ad0ee000-7f16ad0ef000 rw-p 00056000 08:01 6029450                    /lib64/libm-2.11.3.so
7f16ad0ef000-7f16ad1da000 r-xp 00000000 08:01 6163108                    /usr/lib64/libstdc++.so.6.0.14
7f16ad1da000-7f16ad3d9000 ---p 000eb000 08:01 6163108                    /usr/lib64/libstdc++.so.6.0.14
7f16ad3d9000-7f16ad3e1000 r--p 000ea000 08:01 6163108                    /usr/lib64/libstdc++.so.6.0.14
7f16ad3e1000-7f16ad3e3000 rw-p 000f2000 08:01 6163108                    /usr/lib64/libstdc++.so.6.0.14
7f16ad3e3000-7f16ad3f8000 rw-p 00000000 00:00 0 
7f16ad3f8000-7f16add55000 r-xp 00000000 08:01 7610206                    /usr/lib64/jvm/java-1.6.0-openjdk-1.6.0/jre/lib/amd64/server/libjvm.so
7f16add55000-7f16adf54000 ---p 0095d000 08:01 7610206                    /usr/lib64/jvm/java-1.6.0-openjdk-1.6.0/jre/lib/amd64/server/libjvm.so
7f16adf54000-7f16adfd5000 r--p 0095c000 08:01 7610206                    /usr/lib64/jvm/java-1.6.0-openjdk-1.6.0/jre/lib/amd64/server/libjvm.so
7f16adfd5000-7f16adff0000 rw-p 009dd000 08:01 7610206                    /usr/lib64/jvm/java-1.6.0-openjdk-1.6.0/jre/lib/amd64/server/libjvm.so
7f16adff0000-7f16ae019000 rw-p 00000000 00:00 0 
7f16ae019000-7f16ae02f000 r-xp 00000000 08:01 6029318                    /lib64/libz.so.1.2.5
7f16ae02f000-7f16ae22f000 ---p 00016000 08:01 6029318                    /lib64/libz.so.1.2.5
7f16ae22f000-7f16ae230000 r--p 00016000 08:01 6029318                    /lib64/libz.so.1.2.5
7f16ae230000-7f16ae231000 rw-p 00017000 08:01 6029318                    /lib64/libz.so.1.2.5
7f16ae231000-7f16ae395000 r-xp 00000000 08:01 6029425                    /lib64/libc-2.11.3.so
7f16ae395000-7f16ae594000 ---p 00164000 08:01 6029425                    /lib64/libc-2.11.3.so
7f16ae594000-7f16ae598000 r--p 00163000 08:01 6029425                    /lib64/libc-2.11.3.so
7f16ae598000-7f16ae599000 rw-p 00167000 08:01 6029425                    /lib64/libc-2.11.3.so
7f16ae599000-7f16ae59e000 rw-p 00000000 00:00 0 
7f16ae59e000-7f16ae5a0000 r-xp 00000000 08:01 6029446                    /lib64/libdl-2.11.3.so
7f16ae5a0000-7f16ae7a0000 ---p 00002000 08:01 6029446                    /lib64/libdl-2.11.3.so
7f16ae7a0000-7f16ae7a1000 r--p 00002000 08:01 6029446                    /lib64/libdl-2.11.3.so
7f16ae7a1000-7f16ae7a2000 rw-p 00003000 08:01 6029446                    /lib64/libdl-2.11.3.so
7f16ae7a2000-7f16ae7a6000 r-xp 00000000 08:01 8395764                    /usr/lib64/jvm/java-1.6.0-openjdk-1.6.0/lib/amd64/jli/libjli.so
7f16ae7a6000-7f16ae9a5000 ---p 00004000 08:01 8395764                    /usr/lib64/jvm/java-1.6.0-openjdk-1.6.0/lib/amd64/jli/libjli.so
7f16ae9a5000-7f16ae9a6000 r--p 00003000 08:01 8395764                    /usr/lib64/jvm/java-1.6.0-openjdk-1.6.0/lib/amd64/jli/libjli.so
7f16ae9a6000-7f16ae9a7000 rw-p 00004000 08:01 8395764                    /usr/lib64/jvm/java-1.6.0-openjdk-1.6.0/lib/amd64/jli/libjli.so
7f16ae9a7000-7f16ae9be000 r-xp 00000000 08:01 6029514                    /lib64/libpthread-2.11.3.so
7f16ae9be000-7f16aebbe000 ---p 00017000 08:01 6029514                    /lib64/libpthread-2.11.3.so
7f16aebbe000-7f16aebbf000 r--p 00017000 08:01 6029514                    /lib64/libpthread-2.11.3.so
7f16aebbf000-7f16aebc0000 rw-p 00018000 08:01 6029514                    /lib64/libpthread-2.11.3.so
7f16aebc0000-7f16aebc4000 rw-p 00000000 00:00 0 
7f16aebc4000-7f16aebe2000 r-xp 00000000 08:01 6029348                    /lib64/ld-2.11.3.so
7f16aebf7000-7f16aec01000 rw-p 00000000 00:00 0 
7f16aec01000-7f16aecb7000 rw-p 00000000 00:00 0 
7f16aecb7000-7f16aecba000 ---p 00000000 00:00 0 
7f16aecba000-7f16aedbd000 rw-p 00000000 00:00 0 
7f16aedc3000-7f16aedcc000 r--s 00065000 08:01 7604786                    /usr/lib64/jvm/java-1.6.0-openjdk-1.6.0/jre/lib/ext/gnome-java-bridge.jar
7f16aedcc000-7f16aedcf000 r--s 0000f000 08:01 7604790                    /usr/lib64/jvm/java-1.6.0-openjdk-1.6.0/jre/lib/ext/pulse-java.jar
7f16aedcf000-7f16aedd6000 r--s 00000000 08:01 6165667                    /usr/lib64/gconv/gconv-modules.cache
7f16aedd6000-7f16aedde000 rw-s 00000000 08:01 22151590                   /tmp/hsperfdata_runhui/14033
7f16aedde000-7f16aeddf000 rw-p 00000000 00:00 0 
7f16aeddf000-7f16aede0000 r--p 00000000 00:00 0 
7f16aede0000-7f16aede1000 rw-p 00000000 00:00 0 
7f16aede1000-7f16aede2000 r--p 0001d000 08:01 6029348                    /lib64/ld-2.11.3.so
7f16aede2000-7f16aede3000 rw-p 0001e000 08:01 6029348                    /lib64/ld-2.11.3.so
7f16aede3000-7f16aede4000 rw-p 00000000 00:00 0 
7fff1c116000-7fff1c137000 rw-p 00000000 00:00 0                          [stack]
7fff1c1ee000-7fff1c1ef000 r-xp 00000000 00:00 0                          [vdso]
ffffffffff600000-ffffffffff601000 r-xp 00000000 00:00 0                  [vsyscall]

VM Arguments:
jvm_args: -Dfile.encoding=UTF-8 
java_command: com.yahoo.ycsb.db.JAnanas
Launcher Type: SUN_STANDARD

Environment Variables:
JAVA_HOME=/usr/lib64/jvm/java
JRE_HOME=/usr/lib64/jvm/jre
PATH=/usr/lib64/mpi/gcc/openmpi/bin:/home/runhui/bin:/usr/local/bin:/usr/bin:/bin:/usr/bin/X11:/usr/X11R6/bin:/usr/games
LD_LIBRARY_PATH=/usr/lib64/jvm/java-1.6.0-openjdk-1.6.0/jre/lib/amd64/server:/usr/lib64/jvm/java-1.6.0-openjdk-1.6.0/jre/lib/amd64:/usr/lib64/jvm/java-1.6.0-openjdk-1.6.0/jre/../lib/amd64:/home/runhui/ananas/lib/.libs:/home/runhui/ananas/java/src/com/yahoo/ycsb/db:/usr/lib64/mpi/gcc/openmpi/lib64
SHELL=/bin/bash
DISPLAY=localhost:13.0
HOSTTYPE=x86_64
OSTYPE=linux
MACHTYPE=x86_64-suse-linux

Signal Handlers:
SIGSEGV: [libjvm.so+0x7dbbe0], sa_mask[0]=0x7ffbfeff, sa_flags=0x10000004
SIGBUS: [libjvm.so+0x7dbbe0], sa_mask[0]=0x7ffbfeff, sa_flags=0x10000004
SIGFPE: [libjvm.so+0x68be50], sa_mask[0]=0x7ffbfeff, sa_flags=0x10000004
SIGPIPE: [libjvm.so+0x68be50], sa_mask[0]=0x7ffbfeff, sa_flags=0x10000004
SIGXFSZ: [libjvm.so+0x68be50], sa_mask[0]=0x7ffbfeff, sa_flags=0x10000004
SIGILL: [libjvm.so+0x68be50], sa_mask[0]=0x7ffbfeff, sa_flags=0x10000004
SIGUSR1: SIG_DFL, sa_mask[0]=0x00000000, sa_flags=0x00000000
SIGUSR2: [libjvm.so+0x68c070], sa_mask[0]=0x00000004, sa_flags=0x10000004
SIGHUP: [libjvm.so+0x68ea80], sa_mask[0]=0x7ffbfeff, sa_flags=0x10000004
SIGINT: [libjvm.so+0x68ea80], sa_mask[0]=0x7ffbfeff, sa_flags=0x10000004
SIGTERM: [libjvm.so+0x68ea80], sa_mask[0]=0x7ffbfeff, sa_flags=0x10000004
SIGQUIT: [libjvm.so+0x68ea80], sa_mask[0]=0x7ffbfeff, sa_flags=0x10000004


---------------  S Y S T E M  ---------------

OS:openSUSE 11.4 (x86_64)
VERSION = 11.4
CODENAME = Celadon

uname:Linux 3.0.101-99-default #1 SMP Mon Feb 2 17:54:26 UTC 2015 (96d4595) x86_64
libc:glibc 2.11.3 NPTL 2.11.3 
rlimit: STACK 8192k, CORE 0k, NPROC 257693, NOFILE 8192, AS 28075280k
load average:1.62 0.70 0.51

/proc/meminfo:
MemTotal:       32997976 kB
MemFree:        26211204 kB
Buffers:         1252056 kB
Cached:          1776536 kB
SwapCached:            0 kB
Active:          4779588 kB
Inactive:        1194668 kB
Active(anon):    2944232 kB
Inactive(anon):     1616 kB
Active(file):    1835356 kB
Inactive(file):  1193052 kB
Unevictable:           0 kB
Mlocked:               0 kB
SwapTotal:       2096124 kB
SwapFree:        2096124 kB
Dirty:               152 kB
Writeback:             0 kB
AnonPages:       2933764 kB
Mapped:            73136 kB
Shmem:               192 kB
Slab:             433832 kB
SReclaimable:     384884 kB
SUnreclaim:        48948 kB
KernelStack:        3936 kB
PageTables:        14108 kB
NFS_Unstable:          0 kB
Bounce:                0 kB
WritebackTmp:          0 kB
CommitLimit:    18595112 kB
Committed_AS:    5669908 kB
VmallocTotal:   34359738367 kB
VmallocUsed:      340520 kB
VmallocChunk:   34342618724 kB
HardwareCorrupted:     0 kB
AnonHugePages:   2445312 kB
HugePages_Total:       0
HugePages_Free:        0
HugePages_Rsvd:        0
HugePages_Surp:        0
Hugepagesize:       2048 kB
DirectMap4k:       91620 kB
DirectMap2M:     3041280 kB
DirectMap1G:    30408704 kB


CPU:total 16 (4 cores per cpu, 2 threads per core) family 6 model 44 stepping 2, cmov, cx8, fxsr, mmx, sse, sse2, sse3, ssse3, sse4.1, sse4.2, popcnt, ht

Memory: 4k page, physical 32997976k(26211204k free), swap 2096124k(2096124k free)

vm_info: OpenJDK 64-Bit Server VM (20.0-b12) for linux-amd64 JRE (1.6.0_27-b27), built on Dec  7 2013 20:38:31 by "abuild" with gcc 4.5.1 20101208 [gcc-4_5-branch revision 167585]

time: Tue Oct 20 20:43:29 2015
elapsed time: 0 seconds

