#
# A fatal error has been detected by the Java Runtime Environment:
#
#  SIGSEGV (0xb) at pc=0x00007f49dec8dda0, pid=9964, tid=139955412469504
#
# JRE version: 6.0_27-b27
# Java VM: OpenJDK 64-Bit Server VM (20.0-b12 mixed mode linux-amd64 compressed oops)
# Derivative: IcedTea6 1.12.7
# Distribution: Dummy Product (x86_64), package suse-45.1-x86_64
# Problematic frame:
# C  [libkvf.so.0+0xda0]  _kvf_find_impl+0x30
#
# If you would like to submit a bug report, please include
# instructions how to reproduce the bug and visit:
#   http://icedtea.classpath.org/bugzilla
# The crash happened outside the Java Virtual Machine in native code.
# See problematic frame for where to report the bug.
#

---------------  T H R E A D  ---------------

Current thread (0x0000000000612800):  JavaThread "main" [_thread_in_native, id=9970, stack(0x00007f49e8950000,0x00007f49e8a51000)]

siginfo:si_signo=SIGSEGV: si_errno=0, si_code=1 (SEGV_MAPERR), si_addr=0xffffffffffffffe8

Registers:
RAX=0x00007f49e8a4f8f0, RBX=0x0000000000000000, RCX=0x0000000000000000, RDX=0x00007f49e8a4f8f0
RSP=0x00007f49e8a4f800, RBP=0x00007f49e8a4f870, RSI=0x00007f49e8a4f8e0, RDI=0x00007f49e8a4f8f0
R8 =0xc300007f49e30d5f, R9 =0x0000000000000000, R10=0x00007f49e8a4f5e0, R11=0x00007f49dec8e290
R12=0x0000000000000000, R13=0x00007f49dee8f040, R14=0x00007f49e8a4f8f0, R15=0x0000000000612800
RIP=0x00007f49dec8dda0, EFLAGS=0x0000000000010287, CSGSFS=0x0000000000000033, ERR=0x0000000000000005
  TRAPNO=0x000000000000000e

Top of Stack: (sp=0x00007f49e8a4f800)
0x00007f49e8a4f800:   00000005fe2d40a8 00007f49e8a4f870
0x00007f49e8a4f810:   0000000000000000 00000005fe2d40a8
0x00007f49e8a4f820:   00007f49e8a4f8f0 00007f49dee91319
0x00007f49e8a4f830:   00007f49e30ccdd0 00007f49e8a4f8f0
0x00007f49e8a4f840:   00007f49e8a4f8e0 00000000006129d0
0x00007f49e8a4f850:   00007f49e8a4f8f0 0000000000612800
0x00007f49e8a4f860:   0000000000000000 0000000000000000
0x00007f49e8a4f870:   00007f49e8a4f8d0 00007f49e30d8d68
0x00007f49e8a4f880:   0000000000613178 0000000000613180
0x00007f49e8a4f890:   00007f49e8a4f890 00000005fe2d40a8
0x00007f49e8a4f8a0:   00007f49e8a4f8f0 00000005fe2d4db8
0x00007f49e8a4f8b0:   0000000000000000 00000005fe2d40a8
0x00007f49e8a4f8c0:   0000000000000000 00007f49e8a4f8f0
0x00007f49e8a4f8d0:   00007f49e8a4f940 00007f49e30cd929
0x00007f49e8a4f8e0:   00000005fe2d4d18 00007f49e30d5f57
0x00007f49e8a4f8f0:   00000005fe104dd8 000000075823a338
0x00007f49e8a4f900:   00007f49e8a4f900 00000005fe2d39cb
0x00007f49e8a4f910:   00007f49e8a4f958 00000005fe2d4db8
0x00007f49e8a4f920:   0000000000000000 00000005fe2d39f8
0x00007f49e8a4f930:   00007f49e8a4f8f0 00007f49e8a4f950
0x00007f49e8a4f940:   00007f49e8a4f9a8 00007f49e30cd85a
0x00007f49e8a4f950:   00000005fe104dd8 000000075823a338
0x00007f49e8a4f960:   000000075823a338 00007f49e8a4f968
0x00007f49e8a4f970:   00000005fe2d484e 00007f49e8a4fa08
0x00007f49e8a4f980:   00000005fe2d4db8 0000000000000000
0x00007f49e8a4f990:   00000005fe2d49e8 00007f49e8a4f950
0x00007f49e8a4f9a0:   00007f49e8a4fa08 00007f49e8a4fa70
0x00007f49e8a4f9b0:   00007f49e30c8438 0000000000000000
0x00007f49e8a4f9c0:   0000000000000000 0000000000000000
0x00007f49e8a4f9d0:   0000000000000000 0000000000000000
0x00007f49e8a4f9e0:   0000000000000000 0000000000000000
0x00007f49e8a4f9f0:   0000000000000000 0000000000000000 

Instructions: (pc=0x00007f49dec8dda0)
0x00007f49dec8dd80:   45 31 e4 55 53 48 8b 1d b4 12 20 00 4c 39 eb 75
0x00007f49dec8dd90:   0f eb 2f 0f 1f 44 00 00 48 8b 1b 4c 39 eb 74 30
0x00007f49dec8dda0:   48 8b 6b e8 4c 8d 63 e0 48 89 ef e8 c8 fe ff ff
0x00007f49dec8ddb0:   4c 89 f6 48 89 c2 48 89 ef e8 9a fe ff ff 85 c0 

Register to memory mapping:

RAX=0x00007f49e8a4f8f0 is pointing into the stack for thread: 0x0000000000612800
RBX=0x0000000000000000 is an unknown value
RCX=0x0000000000000000 is an unknown value
RDX=0x00007f49e8a4f8f0 is pointing into the stack for thread: 0x0000000000612800
RSP=0x00007f49e8a4f800 is pointing into the stack for thread: 0x0000000000612800
RBP=0x00007f49e8a4f870 is pointing into the stack for thread: 0x0000000000612800
RSI=0x00007f49e8a4f8e0 is pointing into the stack for thread: 0x0000000000612800
RDI=0x00007f49e8a4f8f0 is pointing into the stack for thread: 0x0000000000612800
R8 =0xc300007f49e30d5f is an unknown value
R9 =0x0000000000000000 is an unknown value
R10=0x00007f49e8a4f5e0 is pointing into the stack for thread: 0x0000000000612800
R11=0x00007f49dec8e290: get_kvf+0 in /home/runhui/ananas/lib/.libs/libkvf.so.0 at 0x00007f49dec8d000
R12=0x0000000000000000 is an unknown value
R13=0x00007f49dee8f040: <offset 0x202040> in /home/runhui/ananas/lib/.libs/libkvf.so.0 at 0x00007f49dec8d000
R14=0x00007f49e8a4f8f0 is pointing into the stack for thread: 0x0000000000612800
R15=0x0000000000612800 is a thread


Stack: [0x00007f49e8950000,0x00007f49e8a51000],  sp=0x00007f49e8a4f800,  free space=1022k
Native frames: (J=compiled Java code, j=interpreted, Vv=VM code, C=native code)
C  [libkvf.so.0+0xda0]  _kvf_find_impl+0x30
j  com.yahoo.ycsb.db.JAnanas.connect(Ljava/lang/String;)J+0
j  com.yahoo.ycsb.db.JAnanas.<init>(Ljava/lang/String;)V+11
j  com.yahoo.ycsb.db.JAnanas.main([Ljava/lang/String;)V+6
v  ~StubRoutines::call_stub
V  [libjvm.so+0x4cead8]  JavaCalls::call_helper(JavaValue*, methodHandle*, JavaCallArguments*, Thread*)+0x2b8
V  [libjvm.so+0x4cdf48]  JavaCalls::call(JavaValue*, methodHandle, JavaCallArguments*, Thread*)+0x28
V  [libjvm.so+0x4dab23]  _ZL17jni_invoke_staticP7JNIEnv_P9JavaValueP8_jobject11JNICallTypeP10_jmethodIDP18JNI_ArgumentPusherP6Thread.clone.53+0x1e3
V  [libjvm.so+0x4ec03d]  jni_CallStaticVoidMethod+0x16d
C  [java+0x2e7d]  JavaMain+0xddd

Java frames: (J=compiled Java code, j=interpreted, Vv=VM code)
j  com.yahoo.ycsb.db.JAnanas.connect(Ljava/lang/String;)J+0
j  com.yahoo.ycsb.db.JAnanas.<init>(Ljava/lang/String;)V+11
j  com.yahoo.ycsb.db.JAnanas.main([Ljava/lang/String;)V+6
v  ~StubRoutines::call_stub

---------------  P R O C E S S  ---------------

Java Threads: ( => current thread )
  0x00007f49d8029000 JavaThread "Low Memory Detector" daemon [_thread_blocked, id=9990, stack(0x00007f49df195000,0x00007f49df296000)]
  0x00007f49d8026800 JavaThread "C2 CompilerThread1" daemon [_thread_blocked, id=9989, stack(0x00007f49df296000,0x00007f49df397000)]
  0x00007f49d8023800 JavaThread "C2 CompilerThread0" daemon [_thread_blocked, id=9988, stack(0x00007f49df397000,0x00007f49df498000)]
  0x00007f49d8022000 JavaThread "Signal Dispatcher" daemon [_thread_blocked, id=9987, stack(0x00007f49df498000,0x00007f49df599000)]
  0x00007f49d8001000 JavaThread "Finalizer" daemon [_thread_blocked, id=9986, stack(0x00007f49df5d8000,0x00007f49df6d9000)]
  0x0000000000692800 JavaThread "Reference Handler" daemon [_thread_blocked, id=9985, stack(0x00007f49df6d9000,0x00007f49df7da000)]
=>0x0000000000612800 JavaThread "main" [_thread_in_native, id=9970, stack(0x00007f49e8950000,0x00007f49e8a51000)]

Other Threads:
  0x000000000068d800 VMThread [stack: 0x00007f49df7da000,0x00007f49df8db000] [id=9984]
  0x00007f49d802c000 WatcherThread [stack: 0x00007f49df094000,0x00007f49df195000] [id=9991]

VM state:not at safepoint (normal execution)

VM Mutex/Monitor currently owned by a thread: None

Heap
 PSYoungGen      total 150400K, used 2579K [0x0000000758200000, 0x00000007629d0000, 0x0000000800000000)
  eden space 128960K, 2% used [0x0000000758200000,0x0000000758484cd8,0x000000075fff0000)
  from space 21440K, 0% used [0x00000007614e0000,0x00000007614e0000,0x00000007629d0000)
  to   space 21440K, 0% used [0x000000075fff0000,0x000000075fff0000,0x00000007614e0000)
 PSOldGen        total 343808K, used 0K [0x0000000608600000, 0x000000061d5c0000, 0x0000000758200000)
  object space 343808K, 0% used [0x0000000608600000,0x0000000608600000,0x000000061d5c0000)
 PSPermGen       total 21248K, used 2900K [0x00000005fe000000, 0x00000005ff4c0000, 0x0000000608600000)
  object space 21248K, 13% used [0x00000005fe000000,0x00000005fe2d5200,0x00000005ff4c0000)

Code Cache  [0x00007f49e30c8000, 0x00007f49e3338000, 0x00007f49e60c8000)
 total_blobs=155 nmethods=0 adapters=123 free_code_cache=49951040 largest_free_block=0

Dynamic libraries:
00400000-00409000 r-xp 00000000 08:01 7867297                            /usr/lib64/jvm/java-1.6.0-openjdk-1.6.0/bin/java
00608000-00609000 r--p 00008000 08:01 7867297                            /usr/lib64/jvm/java-1.6.0-openjdk-1.6.0/bin/java
00609000-0060a000 rw-p 00009000 08:01 7867297                            /usr/lib64/jvm/java-1.6.0-openjdk-1.6.0/bin/java
0060a000-006b4000 rw-p 00000000 00:00 0                                  [heap]
5fe000000-5ff4c0000 rw-p 00000000 00:00 0 
5ff4c0000-608600000 rw-p 00000000 00:00 0 
608600000-61d5c0000 rw-p 00000000 00:00 0 
61d5c0000-758200000 rw-p 00000000 00:00 0 
758200000-7629d0000 rw-p 00000000 00:00 0 
7629d0000-800000000 rw-p 00000000 00:00 0 
7f49d8000000-7f49d8067000 rw-p 00000000 00:00 0 
7f49d8067000-7f49dc000000 ---p 00000000 00:00 0 
7f49dec8d000-7f49dec8f000 r-xp 00000000 08:06 28839488                   /home/runhui/ananas/lib/.libs/libkvf.so.0.0.0
7f49dec8f000-7f49dee8e000 ---p 00002000 08:06 28839488                   /home/runhui/ananas/lib/.libs/libkvf.so.0.0.0
7f49dee8e000-7f49dee8f000 r--p 00001000 08:06 28839488                   /home/runhui/ananas/lib/.libs/libkvf.so.0.0.0
7f49dee8f000-7f49dee90000 rw-p 00002000 08:06 28839488                   /home/runhui/ananas/lib/.libs/libkvf.so.0.0.0
7f49dee90000-7f49dee92000 r-xp 00000000 08:06 28839499                   /home/runhui/ananas/java/src/com/yahoo/ycsb/db/libcom_yahoo_ycsb_db_JAnanas.so
7f49dee92000-7f49df092000 ---p 00002000 08:06 28839499                   /home/runhui/ananas/java/src/com/yahoo/ycsb/db/libcom_yahoo_ycsb_db_JAnanas.so
7f49df092000-7f49df093000 r--p 00002000 08:06 28839499                   /home/runhui/ananas/java/src/com/yahoo/ycsb/db/libcom_yahoo_ycsb_db_JAnanas.so
7f49df093000-7f49df094000 rw-p 00003000 08:06 28839499                   /home/runhui/ananas/java/src/com/yahoo/ycsb/db/libcom_yahoo_ycsb_db_JAnanas.so
7f49df094000-7f49df095000 ---p 00000000 00:00 0 
7f49df095000-7f49df195000 rw-p 00000000 00:00 0 
7f49df195000-7f49df198000 ---p 00000000 00:00 0 
7f49df198000-7f49df296000 rw-p 00000000 00:00 0 
7f49df296000-7f49df299000 ---p 00000000 00:00 0 
7f49df299000-7f49df397000 rw-p 00000000 00:00 0 
7f49df397000-7f49df39a000 ---p 00000000 00:00 0 
7f49df39a000-7f49df498000 rw-p 00000000 00:00 0 
7f49df498000-7f49df49b000 ---p 00000000 00:00 0 
7f49df49b000-7f49df599000 rw-p 00000000 00:00 0 
7f49df599000-7f49df5d8000 r--p 00000000 08:01 6294262                    /usr/lib/locale/en_US.utf8/LC_CTYPE
7f49df5d8000-7f49df5db000 ---p 00000000 00:00 0 
7f49df5db000-7f49df6d9000 rw-p 00000000 00:00 0 
7f49df6d9000-7f49df6dc000 ---p 00000000 00:00 0 
7f49df6dc000-7f49df7da000 rw-p 00000000 00:00 0 
7f49df7da000-7f49df7db000 ---p 00000000 00:00 0 
7f49df7db000-7f49e071c000 rw-p 00000000 00:00 0 
7f49e071c000-7f49e08b1000 r--s 03849000 08:01 7604847                    /usr/lib64/jvm/java-1.6.0-openjdk-1.6.0/jre/lib/rt.jar
7f49e08b1000-7f49e08d9000 rw-p 00000000 00:00 0 
7f49e08d9000-7f49e08da000 ---p 00000000 00:00 0 
7f49e08da000-7f49e09da000 rw-p 00000000 00:00 0 
7f49e09da000-7f49e09db000 ---p 00000000 00:00 0 
7f49e09db000-7f49e0adb000 rw-p 00000000 00:00 0 
7f49e0adb000-7f49e0adc000 ---p 00000000 00:00 0 
7f49e0adc000-7f49e0bdc000 rw-p 00000000 00:00 0 
7f49e0bdc000-7f49e0bdd000 ---p 00000000 00:00 0 
7f49e0bdd000-7f49e0cdd000 rw-p 00000000 00:00 0 
7f49e0cdd000-7f49e0cde000 ---p 00000000 00:00 0 
7f49e0cde000-7f49e0dde000 rw-p 00000000 00:00 0 
7f49e0dde000-7f49e0ddf000 ---p 00000000 00:00 0 
7f49e0ddf000-7f49e0edf000 rw-p 00000000 00:00 0 
7f49e0edf000-7f49e0ee0000 ---p 00000000 00:00 0 
7f49e0ee0000-7f49e0fe0000 rw-p 00000000 00:00 0 
7f49e0fe0000-7f49e0fe1000 ---p 00000000 00:00 0 
7f49e0fe1000-7f49e10e1000 rw-p 00000000 00:00 0 
7f49e10e1000-7f49e10e2000 ---p 00000000 00:00 0 
7f49e10e2000-7f49e11e2000 rw-p 00000000 00:00 0 
7f49e11e2000-7f49e11e3000 ---p 00000000 00:00 0 
7f49e11e3000-7f49e12e3000 rw-p 00000000 00:00 0 
7f49e12e3000-7f49e12e4000 ---p 00000000 00:00 0 
7f49e12e4000-7f49e13e4000 rw-p 00000000 00:00 0 
7f49e13e4000-7f49e13e5000 ---p 00000000 00:00 0 
7f49e13e5000-7f49e14e5000 rw-p 00000000 00:00 0 
7f49e14e5000-7f49e14e6000 ---p 00000000 00:00 0 
7f49e14e6000-7f49e15f1000 rw-p 00000000 00:00 0 
7f49e15f1000-7f49e1639000 rw-p 00000000 00:00 0 
7f49e1639000-7f49e16e1000 rw-p 00000000 00:00 0 
7f49e16e1000-7f49e20b7000 rw-p 00000000 00:00 0 
7f49e20b7000-7f49e20c2000 rw-p 00000000 00:00 0 
7f49e20c2000-7f49e210a000 rw-p 00000000 00:00 0 
7f49e210a000-7f49e21b2000 rw-p 00000000 00:00 0 
7f49e21b2000-7f49e2b88000 rw-p 00000000 00:00 0 
7f49e2b88000-7f49e2bdc000 rw-p 00000000 00:00 0 
7f49e2bdc000-7f49e30c7000 rw-p 00000000 00:00 0 
7f49e30c7000-7f49e30c8000 rw-p 00000000 00:00 0 
7f49e30c8000-7f49e3338000 rwxp 00000000 00:00 0 
7f49e3338000-7f49e60c8000 rw-p 00000000 00:00 0 
7f49e60c8000-7f49e60cf000 r-xp 00000000 08:01 7604764                    /usr/lib64/jvm/java-1.6.0-openjdk-1.6.0/jre/lib/amd64/libzip.so
7f49e60cf000-7f49e62ce000 ---p 00007000 08:01 7604764                    /usr/lib64/jvm/java-1.6.0-openjdk-1.6.0/jre/lib/amd64/libzip.so
7f49e62ce000-7f49e62cf000 r--p 00006000 08:01 7604764                    /usr/lib64/jvm/java-1.6.0-openjdk-1.6.0/jre/lib/amd64/libzip.so
7f49e62cf000-7f49e62d0000 rw-p 00007000 08:01 7604764                    /usr/lib64/jvm/java-1.6.0-openjdk-1.6.0/jre/lib/amd64/libzip.so
7f49e62d0000-7f49e62fe000 r-xp 00000000 08:01 7604744                    /usr/lib64/jvm/java-1.6.0-openjdk-1.6.0/jre/lib/amd64/libjava.so
7f49e62fe000-7f49e64fd000 ---p 0002e000 08:01 7604744                    /usr/lib64/jvm/java-1.6.0-openjdk-1.6.0/jre/lib/amd64/libjava.so
7f49e64fd000-7f49e64fe000 r--p 0002d000 08:01 7604744                    /usr/lib64/jvm/java-1.6.0-openjdk-1.6.0/jre/lib/amd64/libjava.so
7f49e64fe000-7f49e6501000 rw-p 0002e000 08:01 7604744                    /usr/lib64/jvm/java-1.6.0-openjdk-1.6.0/jre/lib/amd64/libjava.so
7f49e6501000-7f49e6502000 rw-p 00000000 00:00 0 
7f49e6502000-7f49e6510000 r-xp 00000000 08:01 7604763                    /usr/lib64/jvm/java-1.6.0-openjdk-1.6.0/jre/lib/amd64/libverify.so
7f49e6510000-7f49e670f000 ---p 0000e000 08:01 7604763                    /usr/lib64/jvm/java-1.6.0-openjdk-1.6.0/jre/lib/amd64/libverify.so
7f49e670f000-7f49e6711000 r--p 0000d000 08:01 7604763                    /usr/lib64/jvm/java-1.6.0-openjdk-1.6.0/jre/lib/amd64/libverify.so
7f49e6711000-7f49e6712000 rw-p 0000f000 08:01 7604763                    /usr/lib64/jvm/java-1.6.0-openjdk-1.6.0/jre/lib/amd64/libverify.so
7f49e6712000-7f49e671a000 r-xp 00000000 08:01 6029526                    /lib64/librt-2.11.3.so
7f49e671a000-7f49e6919000 ---p 00008000 08:01 6029526                    /lib64/librt-2.11.3.so
7f49e6919000-7f49e691a000 r--p 00007000 08:01 6029526                    /lib64/librt-2.11.3.so
7f49e691a000-7f49e691b000 rw-p 00008000 08:01 6029526                    /lib64/librt-2.11.3.so
7f49e691b000-7f49e6930000 r-xp 00000000 08:01 6029453                    /lib64/libgcc_s.so.1
7f49e6930000-7f49e6b2f000 ---p 00015000 08:01 6029453                    /lib64/libgcc_s.so.1
7f49e6b2f000-7f49e6b30000 r--p 00014000 08:01 6029453                    /lib64/libgcc_s.so.1
7f49e6b30000-7f49e6b31000 rw-p 00015000 08:01 6029453                    /lib64/libgcc_s.so.1
7f49e6b31000-7f49e6b87000 r-xp 00000000 08:01 6029450                    /lib64/libm-2.11.3.so
7f49e6b87000-7f49e6d86000 ---p 00056000 08:01 6029450                    /lib64/libm-2.11.3.so
7f49e6d86000-7f49e6d87000 r--p 00055000 08:01 6029450                    /lib64/libm-2.11.3.so
7f49e6d87000-7f49e6d88000 rw-p 00056000 08:01 6029450                    /lib64/libm-2.11.3.so
7f49e6d88000-7f49e6e73000 r-xp 00000000 08:01 6163108                    /usr/lib64/libstdc++.so.6.0.14
7f49e6e73000-7f49e7072000 ---p 000eb000 08:01 6163108                    /usr/lib64/libstdc++.so.6.0.14
7f49e7072000-7f49e707a000 r--p 000ea000 08:01 6163108                    /usr/lib64/libstdc++.so.6.0.14
7f49e707a000-7f49e707c000 rw-p 000f2000 08:01 6163108                    /usr/lib64/libstdc++.so.6.0.14
7f49e707c000-7f49e7091000 rw-p 00000000 00:00 0 
7f49e7091000-7f49e79ee000 r-xp 00000000 08:01 7610206                    /usr/lib64/jvm/java-1.6.0-openjdk-1.6.0/jre/lib/amd64/server/libjvm.so
7f49e79ee000-7f49e7bed000 ---p 0095d000 08:01 7610206                    /usr/lib64/jvm/java-1.6.0-openjdk-1.6.0/jre/lib/amd64/server/libjvm.so
7f49e7bed000-7f49e7c6e000 r--p 0095c000 08:01 7610206                    /usr/lib64/jvm/java-1.6.0-openjdk-1.6.0/jre/lib/amd64/server/libjvm.so
7f49e7c6e000-7f49e7c89000 rw-p 009dd000 08:01 7610206                    /usr/lib64/jvm/java-1.6.0-openjdk-1.6.0/jre/lib/amd64/server/libjvm.so
7f49e7c89000-7f49e7cb2000 rw-p 00000000 00:00 0 
7f49e7cb2000-7f49e7cc8000 r-xp 00000000 08:01 6029318                    /lib64/libz.so.1.2.5
7f49e7cc8000-7f49e7ec8000 ---p 00016000 08:01 6029318                    /lib64/libz.so.1.2.5
7f49e7ec8000-7f49e7ec9000 r--p 00016000 08:01 6029318                    /lib64/libz.so.1.2.5
7f49e7ec9000-7f49e7eca000 rw-p 00017000 08:01 6029318                    /lib64/libz.so.1.2.5
7f49e7eca000-7f49e802e000 r-xp 00000000 08:01 6029425                    /lib64/libc-2.11.3.so
7f49e802e000-7f49e822d000 ---p 00164000 08:01 6029425                    /lib64/libc-2.11.3.so
7f49e822d000-7f49e8231000 r--p 00163000 08:01 6029425                    /lib64/libc-2.11.3.so
7f49e8231000-7f49e8232000 rw-p 00167000 08:01 6029425                    /lib64/libc-2.11.3.so
7f49e8232000-7f49e8237000 rw-p 00000000 00:00 0 
7f49e8237000-7f49e8239000 r-xp 00000000 08:01 6029446                    /lib64/libdl-2.11.3.so
7f49e8239000-7f49e8439000 ---p 00002000 08:01 6029446                    /lib64/libdl-2.11.3.so
7f49e8439000-7f49e843a000 r--p 00002000 08:01 6029446                    /lib64/libdl-2.11.3.so
7f49e843a000-7f49e843b000 rw-p 00003000 08:01 6029446                    /lib64/libdl-2.11.3.so
7f49e843b000-7f49e843f000 r-xp 00000000 08:01 8395764                    /usr/lib64/jvm/java-1.6.0-openjdk-1.6.0/lib/amd64/jli/libjli.so
7f49e843f000-7f49e863e000 ---p 00004000 08:01 8395764                    /usr/lib64/jvm/java-1.6.0-openjdk-1.6.0/lib/amd64/jli/libjli.so
7f49e863e000-7f49e863f000 r--p 00003000 08:01 8395764                    /usr/lib64/jvm/java-1.6.0-openjdk-1.6.0/lib/amd64/jli/libjli.so
7f49e863f000-7f49e8640000 rw-p 00004000 08:01 8395764                    /usr/lib64/jvm/java-1.6.0-openjdk-1.6.0/lib/amd64/jli/libjli.so
7f49e8640000-7f49e8657000 r-xp 00000000 08:01 6029514                    /lib64/libpthread-2.11.3.so
7f49e8657000-7f49e8857000 ---p 00017000 08:01 6029514                    /lib64/libpthread-2.11.3.so
7f49e8857000-7f49e8858000 r--p 00017000 08:01 6029514                    /lib64/libpthread-2.11.3.so
7f49e8858000-7f49e8859000 rw-p 00018000 08:01 6029514                    /lib64/libpthread-2.11.3.so
7f49e8859000-7f49e885d000 rw-p 00000000 00:00 0 
7f49e885d000-7f49e887b000 r-xp 00000000 08:01 6029348                    /lib64/ld-2.11.3.so
7f49e8890000-7f49e889a000 rw-p 00000000 00:00 0 
7f49e889a000-7f49e8950000 rw-p 00000000 00:00 0 
7f49e8950000-7f49e8953000 ---p 00000000 00:00 0 
7f49e8953000-7f49e8a56000 rw-p 00000000 00:00 0 
7f49e8a5c000-7f49e8a65000 r--s 00065000 08:01 7604786                    /usr/lib64/jvm/java-1.6.0-openjdk-1.6.0/jre/lib/ext/gnome-java-bridge.jar
7f49e8a65000-7f49e8a68000 r--s 0000f000 08:01 7604790                    /usr/lib64/jvm/java-1.6.0-openjdk-1.6.0/jre/lib/ext/pulse-java.jar
7f49e8a68000-7f49e8a6f000 r--s 00000000 08:01 6165667                    /usr/lib64/gconv/gconv-modules.cache
7f49e8a6f000-7f49e8a77000 rw-s 00000000 08:01 22151590                   /tmp/hsperfdata_runhui/9964
7f49e8a77000-7f49e8a78000 rw-p 00000000 00:00 0 
7f49e8a78000-7f49e8a79000 r--p 00000000 00:00 0 
7f49e8a79000-7f49e8a7a000 rw-p 00000000 00:00 0 
7f49e8a7a000-7f49e8a7b000 r--p 0001d000 08:01 6029348                    /lib64/ld-2.11.3.so
7f49e8a7b000-7f49e8a7c000 rw-p 0001e000 08:01 6029348                    /lib64/ld-2.11.3.so
7f49e8a7c000-7f49e8a7d000 rw-p 00000000 00:00 0 
7fff03527000-7fff03548000 rw-p 00000000 00:00 0                          [stack]
7fff03559000-7fff0355a000 r-xp 00000000 00:00 0                          [vdso]
ffffffffff600000-ffffffffff601000 r-xp 00000000 00:00 0                  [vsyscall]

VM Arguments:
jvm_args: -Dfile.encoding=UTF-8 
java_command: com.yahoo.ycsb.db.JAnanas
Launcher Type: SUN_STANDARD

Environment Variables:
JAVA_HOME=/usr/lib64/jvm/java
JRE_HOME=/usr/lib64/jvm/jre
PATH=/usr/lib64/mpi/gcc/openmpi/bin:/home/runhui/bin:/usr/local/bin:/usr/bin:/bin:/usr/bin/X11:/usr/X11R6/bin:/usr/games
LD_LIBRARY_PATH=/usr/lib64/jvm/java-1.6.0-openjdk-1.6.0/jre/lib/amd64/server:/usr/lib64/jvm/java-1.6.0-openjdk-1.6.0/jre/lib/amd64:/usr/lib64/jvm/java-1.6.0-openjdk-1.6.0/jre/../lib/amd64:/home/runhui/ananas/lib/.libs:/home/runhui/ananas/java/src/com/yahoo/ycsb/db:/usr/lib64/mpi/gcc/openmpi/lib64
SHELL=/bin/bash
DISPLAY=localhost:10.0
HOSTTYPE=x86_64
OSTYPE=linux
MACHTYPE=x86_64-suse-linux

Signal Handlers:
SIGSEGV: [libjvm.so+0x7dbbe0], sa_mask[0]=0x7ffbfeff, sa_flags=0x10000004
SIGBUS: [libjvm.so+0x7dbbe0], sa_mask[0]=0x7ffbfeff, sa_flags=0x10000004
SIGFPE: [libjvm.so+0x68be50], sa_mask[0]=0x7ffbfeff, sa_flags=0x10000004
SIGPIPE: [libjvm.so+0x68be50], sa_mask[0]=0x7ffbfeff, sa_flags=0x10000004
SIGXFSZ: [libjvm.so+0x68be50], sa_mask[0]=0x7ffbfeff, sa_flags=0x10000004
SIGILL: [libjvm.so+0x68be50], sa_mask[0]=0x7ffbfeff, sa_flags=0x10000004
SIGUSR1: SIG_DFL, sa_mask[0]=0x00000000, sa_flags=0x00000000
SIGUSR2: [libjvm.so+0x68c070], sa_mask[0]=0x00000004, sa_flags=0x10000004
SIGHUP: [libjvm.so+0x68ea80], sa_mask[0]=0x7ffbfeff, sa_flags=0x10000004
SIGINT: [libjvm.so+0x68ea80], sa_mask[0]=0x7ffbfeff, sa_flags=0x10000004
SIGTERM: [libjvm.so+0x68ea80], sa_mask[0]=0x7ffbfeff, sa_flags=0x10000004
SIGQUIT: [libjvm.so+0x68ea80], sa_mask[0]=0x7ffbfeff, sa_flags=0x10000004


---------------  S Y S T E M  ---------------

OS:openSUSE 11.4 (x86_64)
VERSION = 11.4
CODENAME = Celadon

uname:Linux 3.0.101-99-default #1 SMP Mon Feb 2 17:54:26 UTC 2015 (96d4595) x86_64
libc:glibc 2.11.3 NPTL 2.11.3 
rlimit: STACK 8192k, CORE 0k, NPROC 257693, NOFILE 8192, AS 28075280k
load average:0.48 0.42 0.32

/proc/meminfo:
MemTotal:       32997976 kB
MemFree:        26072120 kB
Buffers:         1248776 kB
Cached:          1775592 kB
SwapCached:            0 kB
Active:          4917220 kB
Inactive:        1201392 kB
Active(anon):    3092812 kB
Inactive(anon):     1588 kB
Active(file):    1824408 kB
Inactive(file):  1199804 kB
Unevictable:           0 kB
Mlocked:               0 kB
SwapTotal:       2096124 kB
SwapFree:        2096124 kB
Dirty:               264 kB
Writeback:             0 kB
AnonPages:       3079416 kB
Mapped:            83172 kB
Shmem:               164 kB
Slab:             432428 kB
SReclaimable:     384460 kB
SUnreclaim:        47968 kB
KernelStack:        3712 kB
PageTables:        11576 kB
NFS_Unstable:          0 kB
Bounce:                0 kB
WritebackTmp:          0 kB
CommitLimit:    18595112 kB
Committed_AS:    5825204 kB
VmallocTotal:   34359738367 kB
VmallocUsed:      340520 kB
VmallocChunk:   34342618724 kB
HardwareCorrupted:     0 kB
AnonHugePages:   2428928 kB
HugePages_Total:       0
HugePages_Free:        0
HugePages_Rsvd:        0
HugePages_Surp:        0
Hugepagesize:       2048 kB
DirectMap4k:       91620 kB
DirectMap2M:     3041280 kB
DirectMap1G:    30408704 kB


CPU:total 16 (4 cores per cpu, 2 threads per core) family 6 model 44 stepping 2, cmov, cx8, fxsr, mmx, sse, sse2, sse3, ssse3, sse4.1, sse4.2, popcnt, ht

Memory: 4k page, physical 32997976k(26072120k free), swap 2096124k(2096124k free)

vm_info: OpenJDK 64-Bit Server VM (20.0-b12) for linux-amd64 JRE (1.6.0_27-b27), built on Dec  7 2013 20:38:31 by "abuild" with gcc 4.5.1 20101208 [gcc-4_5-branch revision 167585]

time: Tue Oct 20 17:34:51 2015
elapsed time: 0 seconds

