#
# A fatal error has been detected by the Java Runtime Environment:
#
#  SIGSEGV (0xb) at pc=0x00007fd2c66d8da0, pid=9828, tid=140543481964288
#
# JRE version: 6.0_27-b27
# Java VM: OpenJDK 64-Bit Server VM (20.0-b12 mixed mode linux-amd64 compressed oops)
# Derivative: IcedTea6 1.12.7
# Distribution: Dummy Product (x86_64), package suse-45.1-x86_64
# Problematic frame:
# C  [libkvf.so.0+0xda0]  _kvf_find_impl+0x30
#
# If you would like to submit a bug report, please include
# instructions how to reproduce the bug and visit:
#   http://icedtea.classpath.org/bugzilla
# The crash happened outside the Java Virtual Machine in native code.
# See problematic frame for where to report the bug.
#

---------------  T H R E A D  ---------------

Current thread (0x0000000000612800):  JavaThread "main" [_thread_in_native, id=9833, stack(0x00007fd2d4416000,0x00007fd2d4517000)]

siginfo:si_signo=SIGSEGV: si_errno=0, si_code=1 (SEGV_MAPERR), si_addr=0xffffffffffffffe8

Registers:
RAX=0x00007fd2d4515830, RBX=0x0000000000000000, RCX=0x00007fd2c80a0d91, RDX=0x00007fd2c80a0d90
RSP=0x00007fd2d45157e0, RBP=0x00007fd2d4515870, RSI=0x0000000000000000, RDI=0x00007fd2c68dcad8
R8 =0x00000005fe104df8, R9 =0x0000000000000001, R10=0x00007fd2d45155c0, R11=0x00007fd2c66d9290
R12=0x0000000000000000, R13=0x00007fd2c68da040, R14=0x00007fd2c68dcad8, R15=0x0000000000612800
RIP=0x00007fd2c66d8da0, EFLAGS=0x0000000000010287, CSGSFS=0x0000000000000033, ERR=0x0000000000000005
  TRAPNO=0x000000000000000e

Top of Stack: (sp=0x00007fd2d45157e0)
0x00007fd2d45157e0:   00000005fe2d40a8 00007fd2d4515870
0x00007fd2d45157f0:   0000000000000000 00000005fe2d40a8
0x00007fd2d4515800:   00007fd2d45158f0 00007fd2c68dc330
0x00007fd2d4515810:   00007fd2d4515860 00007fd2d45158f0
0x00007fd2d4515820:   00007fd2d45158e0 00000000006129d0
0x00007fd2d4515830:   00000000006129d0 00007fd2d45158f0
0x00007fd2d4515840:   00007fd2c80a0d90 00000005fe2d40a8
0x00007fd2d4515850:   00007fd2d45158f0 0000000000612800
0x00007fd2d4515860:   0000000000000000 0000000000000000
0x00007fd2d4515870:   00007fd2d45158d0 00007fd2ceb9ed68
0x00007fd2d4515880:   0000000000613178 0000000000613180
0x00007fd2d4515890:   00007fd2d4515890 00000005fe2d40a8
0x00007fd2d45158a0:   00007fd2d45158f0 00000005fe2d4db8
0x00007fd2d45158b0:   0000000000000000 00000005fe2d40a8
0x00007fd2d45158c0:   0000000000000000 00007fd2d45158f0
0x00007fd2d45158d0:   00007fd2d4515940 00007fd2ceb93929
0x00007fd2d45158e0:   00000005fe2d4d18 00007fd2ceb9bf57
0x00007fd2d45158f0:   00000005fe104dd8 000000075823a338
0x00007fd2d4515900:   00007fd2d4515900 00000005fe2d39cb
0x00007fd2d4515910:   00007fd2d4515958 00000005fe2d4db8
0x00007fd2d4515920:   0000000000000000 00000005fe2d39f8
0x00007fd2d4515930:   00007fd2d45158f0 00007fd2d4515950
0x00007fd2d4515940:   00007fd2d45159a8 00007fd2ceb9385a
0x00007fd2d4515950:   00000005fe104dd8 000000075823a338
0x00007fd2d4515960:   000000075823a338 00007fd2d4515968
0x00007fd2d4515970:   00000005fe2d484e 00007fd2d4515a08
0x00007fd2d4515980:   00000005fe2d4db8 0000000000000000
0x00007fd2d4515990:   00000005fe2d49e8 00007fd2d4515950
0x00007fd2d45159a0:   00007fd2d4515a08 00007fd2d4515a70
0x00007fd2d45159b0:   00007fd2ceb8e438 0000000000000000
0x00007fd2d45159c0:   0000000000000000 0000000000000000
0x00007fd2d45159d0:   0000000000000000 0000000000000000 

Instructions: (pc=0x00007fd2c66d8da0)
0x00007fd2c66d8d80:   45 31 e4 55 53 48 8b 1d b4 12 20 00 4c 39 eb 75
0x00007fd2c66d8d90:   0f eb 2f 0f 1f 44 00 00 48 8b 1b 4c 39 eb 74 30
0x00007fd2c66d8da0:   48 8b 6b e8 4c 8d 63 e0 48 89 ef e8 c8 fe ff ff
0x00007fd2c66d8db0:   4c 89 f6 48 89 c2 48 89 ef e8 9a fe ff ff 85 c0 

Register to memory mapping:

RAX=0x00007fd2d4515830 is pointing into the stack for thread: 0x0000000000612800
RBX=0x0000000000000000 is an unknown value
RCX=0x00007fd2c80a0d91 is an unknown value
RDX=0x00007fd2c80a0d90 is an unknown value
RSP=0x00007fd2d45157e0 is pointing into the stack for thread: 0x0000000000612800
RBP=0x00007fd2d4515870 is pointing into the stack for thread: 0x0000000000612800
RSI=0x0000000000000000 is an unknown value
RDI=0x00007fd2c68dcad8: <offset 0x1ad8> in /home/runhui/ananas/java/src/com/yahoo/ycsb/db/libcom_yahoo_ycsb_db_JAnanas.so at 0x00007fd2c68db000
R8 =0x00000005fe104df8 is an oop
[C 
 - klass: {type array char}
 - length: 0
R9 =0x0000000000000001 is an unknown value
R10=0x00007fd2d45155c0 is pointing into the stack for thread: 0x0000000000612800
R11=0x00007fd2c66d9290: get_kvf+0 in /home/runhui/ananas/lib/.libs/libkvf.so.0 at 0x00007fd2c66d8000
R12=0x0000000000000000 is an unknown value
R13=0x00007fd2c68da040: <offset 0x202040> in /home/runhui/ananas/lib/.libs/libkvf.so.0 at 0x00007fd2c66d8000
R14=0x00007fd2c68dcad8: <offset 0x1ad8> in /home/runhui/ananas/java/src/com/yahoo/ycsb/db/libcom_yahoo_ycsb_db_JAnanas.so at 0x00007fd2c68db000
R15=0x0000000000612800 is a thread


Stack: [0x00007fd2d4416000,0x00007fd2d4517000],  sp=0x00007fd2d45157e0,  free space=1021k
Native frames: (J=compiled Java code, j=interpreted, Vv=VM code, C=native code)
C  [libkvf.so.0+0xda0]  _kvf_find_impl+0x30
j  com.yahoo.ycsb.db.JAnanas.connect(Ljava/lang/String;)J+0
j  com.yahoo.ycsb.db.JAnanas.<init>(Ljava/lang/String;)V+11
j  com.yahoo.ycsb.db.JAnanas.main([Ljava/lang/String;)V+6
v  ~StubRoutines::call_stub
V  [libjvm.so+0x4cead8]  JavaCalls::call_helper(JavaValue*, methodHandle*, JavaCallArguments*, Thread*)+0x2b8
V  [libjvm.so+0x4cdf48]  JavaCalls::call(JavaValue*, methodHandle, JavaCallArguments*, Thread*)+0x28
V  [libjvm.so+0x4dab23]  _ZL17jni_invoke_staticP7JNIEnv_P9JavaValueP8_jobject11JNICallTypeP10_jmethodIDP18JNI_ArgumentPusherP6Thread.clone.53+0x1e3
V  [libjvm.so+0x4ec03d]  jni_CallStaticVoidMethod+0x16d
C  [java+0x2e7d]  JavaMain+0xddd

Java frames: (J=compiled Java code, j=interpreted, Vv=VM code)
j  com.yahoo.ycsb.db.JAnanas.connect(Ljava/lang/String;)J+0
j  com.yahoo.ycsb.db.JAnanas.<init>(Ljava/lang/String;)V+11
j  com.yahoo.ycsb.db.JAnanas.main([Ljava/lang/String;)V+6
v  ~StubRoutines::call_stub

---------------  P R O C E S S  ---------------

Java Threads: ( => current thread )
  0x00007fd2c8088000 JavaThread "Low Memory Detector" daemon [_thread_blocked, id=9854, stack(0x00007fd2c6bec000,0x00007fd2c6ced000)]
  0x00007fd2c8085000 JavaThread "C2 CompilerThread1" daemon [_thread_blocked, id=9853, stack(0x00007fd2c6ced000,0x00007fd2c6dee000)]
  0x00007fd2c8082000 JavaThread "C2 CompilerThread0" daemon [_thread_blocked, id=9852, stack(0x00007fd2c6dee000,0x00007fd2c6eef000)]
  0x00007fd2c8081000 JavaThread "Signal Dispatcher" daemon [_thread_blocked, id=9851, stack(0x00007fd2c6eef000,0x00007fd2c6ff0000)]
  0x00007fd2c805f800 JavaThread "Finalizer" daemon [_thread_blocked, id=9850, stack(0x00007fd2c6ff0000,0x00007fd2c70f1000)]
  0x00007fd2c805d800 JavaThread "Reference Handler" daemon [_thread_blocked, id=9849, stack(0x00007fd2c70f1000,0x00007fd2c71f2000)]
=>0x0000000000612800 JavaThread "main" [_thread_in_native, id=9833, stack(0x00007fd2d4416000,0x00007fd2d4517000)]

Other Threads:
  0x00007fd2c8059000 VMThread [stack: 0x00007fd2c71f2000,0x00007fd2c72f3000] [id=9848]
  0x00007fd2c808a800 WatcherThread [stack: 0x00007fd2c6aeb000,0x00007fd2c6bec000] [id=9855]

VM state:not at safepoint (normal execution)

VM Mutex/Monitor currently owned by a thread: None

Heap
 PSYoungGen      total 150400K, used 2579K [0x0000000758200000, 0x00000007629d0000, 0x0000000800000000)
  eden space 128960K, 2% used [0x0000000758200000,0x0000000758484cd8,0x000000075fff0000)
  from space 21440K, 0% used [0x00000007614e0000,0x00000007614e0000,0x00000007629d0000)
  to   space 21440K, 0% used [0x000000075fff0000,0x000000075fff0000,0x00000007614e0000)
 PSOldGen        total 343808K, used 0K [0x0000000608600000, 0x000000061d5c0000, 0x0000000758200000)
  object space 343808K, 0% used [0x0000000608600000,0x0000000608600000,0x000000061d5c0000)
 PSPermGen       total 21248K, used 2900K [0x00000005fe000000, 0x00000005ff4c0000, 0x0000000608600000)
  object space 21248K, 13% used [0x00000005fe000000,0x00000005fe2d5200,0x00000005ff4c0000)

Code Cache  [0x00007fd2ceb8e000, 0x00007fd2cedfe000, 0x00007fd2d1b8e000)
 total_blobs=155 nmethods=0 adapters=123 free_code_cache=49951040 largest_free_block=0

Dynamic libraries:
00400000-00409000 r-xp 00000000 08:01 7867297                            /usr/lib64/jvm/java-1.6.0-openjdk-1.6.0/bin/java
00608000-00609000 r--p 00008000 08:01 7867297                            /usr/lib64/jvm/java-1.6.0-openjdk-1.6.0/bin/java
00609000-0060a000 rw-p 00009000 08:01 7867297                            /usr/lib64/jvm/java-1.6.0-openjdk-1.6.0/bin/java
0060a000-0064c000 rw-p 00000000 00:00 0                                  [heap]
5fe000000-5ff4c0000 rw-p 00000000 00:00 0 
5ff4c0000-608600000 rw-p 00000000 00:00 0 
608600000-61d5c0000 rw-p 00000000 00:00 0 
61d5c0000-758200000 rw-p 00000000 00:00 0 
758200000-7629d0000 rw-p 00000000 00:00 0 
7629d0000-800000000 rw-p 00000000 00:00 0 
7fd2c66d8000-7fd2c66da000 r-xp 00000000 08:06 28839488                   /home/runhui/ananas/lib/.libs/libkvf.so.0.0.0
7fd2c66da000-7fd2c68d9000 ---p 00002000 08:06 28839488                   /home/runhui/ananas/lib/.libs/libkvf.so.0.0.0
7fd2c68d9000-7fd2c68da000 r--p 00001000 08:06 28839488                   /home/runhui/ananas/lib/.libs/libkvf.so.0.0.0
7fd2c68da000-7fd2c68db000 rw-p 00002000 08:06 28839488                   /home/runhui/ananas/lib/.libs/libkvf.so.0.0.0
7fd2c68db000-7fd2c68dd000 r-xp 00000000 08:06 28839499                   /home/runhui/ananas/java/src/com/yahoo/ycsb/db/libcom_yahoo_ycsb_db_JAnanas.so
7fd2c68dd000-7fd2c6add000 ---p 00002000 08:06 28839499                   /home/runhui/ananas/java/src/com/yahoo/ycsb/db/libcom_yahoo_ycsb_db_JAnanas.so
7fd2c6add000-7fd2c6ade000 r--p 00002000 08:06 28839499                   /home/runhui/ananas/java/src/com/yahoo/ycsb/db/libcom_yahoo_ycsb_db_JAnanas.so
7fd2c6ade000-7fd2c6adf000 rw-p 00003000 08:06 28839499                   /home/runhui/ananas/java/src/com/yahoo/ycsb/db/libcom_yahoo_ycsb_db_JAnanas.so
7fd2c6adf000-7fd2c6ae8000 r--s 00065000 08:01 7604786                    /usr/lib64/jvm/java-1.6.0-openjdk-1.6.0/jre/lib/ext/gnome-java-bridge.jar
7fd2c6ae8000-7fd2c6aeb000 r--s 0000f000 08:01 7604790                    /usr/lib64/jvm/java-1.6.0-openjdk-1.6.0/jre/lib/ext/pulse-java.jar
7fd2c6aeb000-7fd2c6aec000 ---p 00000000 00:00 0 
7fd2c6aec000-7fd2c6bec000 rw-p 00000000 00:00 0 
7fd2c6bec000-7fd2c6bef000 ---p 00000000 00:00 0 
7fd2c6bef000-7fd2c6ced000 rw-p 00000000 00:00 0 
7fd2c6ced000-7fd2c6cf0000 ---p 00000000 00:00 0 
7fd2c6cf0000-7fd2c6dee000 rw-p 00000000 00:00 0 
7fd2c6dee000-7fd2c6df1000 ---p 00000000 00:00 0 
7fd2c6df1000-7fd2c6eef000 rw-p 00000000 00:00 0 
7fd2c6eef000-7fd2c6ef2000 ---p 00000000 00:00 0 
7fd2c6ef2000-7fd2c6ff0000 rw-p 00000000 00:00 0 
7fd2c6ff0000-7fd2c6ff3000 ---p 00000000 00:00 0 
7fd2c6ff3000-7fd2c70f1000 rw-p 00000000 00:00 0 
7fd2c70f1000-7fd2c70f4000 ---p 00000000 00:00 0 
7fd2c70f4000-7fd2c71f2000 rw-p 00000000 00:00 0 
7fd2c71f2000-7fd2c71f3000 ---p 00000000 00:00 0 
7fd2c71f3000-7fd2c8000000 rw-p 00000000 00:00 0 
7fd2c8000000-7fd2c80c6000 rw-p 00000000 00:00 0 
7fd2c80c6000-7fd2cc000000 ---p 00000000 00:00 0 
7fd2cc068000-7fd2cc06f000 r--s 00000000 08:01 6165667                    /usr/lib64/gconv/gconv-modules.cache
7fd2cc06f000-7fd2cc0ae000 r--p 00000000 08:01 6294262                    /usr/lib/locale/en_US.utf8/LC_CTYPE
7fd2cc0ae000-7fd2cc1e2000 rw-p 00000000 00:00 0 
7fd2cc1e2000-7fd2cc377000 r--s 03849000 08:01 7604847                    /usr/lib64/jvm/java-1.6.0-openjdk-1.6.0/jre/lib/rt.jar
7fd2cc377000-7fd2cc39f000 rw-p 00000000 00:00 0 
7fd2cc39f000-7fd2cc3a0000 ---p 00000000 00:00 0 
7fd2cc3a0000-7fd2cc4a0000 rw-p 00000000 00:00 0 
7fd2cc4a0000-7fd2cc4a1000 ---p 00000000 00:00 0 
7fd2cc4a1000-7fd2cc5a1000 rw-p 00000000 00:00 0 
7fd2cc5a1000-7fd2cc5a2000 ---p 00000000 00:00 0 
7fd2cc5a2000-7fd2cc6a2000 rw-p 00000000 00:00 0 
7fd2cc6a2000-7fd2cc6a3000 ---p 00000000 00:00 0 
7fd2cc6a3000-7fd2cc7a3000 rw-p 00000000 00:00 0 
7fd2cc7a3000-7fd2cc7a4000 ---p 00000000 00:00 0 
7fd2cc7a4000-7fd2cc8a4000 rw-p 00000000 00:00 0 
7fd2cc8a4000-7fd2cc8a5000 ---p 00000000 00:00 0 
7fd2cc8a5000-7fd2cc9a5000 rw-p 00000000 00:00 0 
7fd2cc9a5000-7fd2cc9a6000 ---p 00000000 00:00 0 
7fd2cc9a6000-7fd2ccaa6000 rw-p 00000000 00:00 0 
7fd2ccaa6000-7fd2ccaa7000 ---p 00000000 00:00 0 
7fd2ccaa7000-7fd2ccba7000 rw-p 00000000 00:00 0 
7fd2ccba7000-7fd2ccba8000 ---p 00000000 00:00 0 
7fd2ccba8000-7fd2ccca8000 rw-p 00000000 00:00 0 
7fd2ccca8000-7fd2ccca9000 ---p 00000000 00:00 0 
7fd2ccca9000-7fd2ccda9000 rw-p 00000000 00:00 0 
7fd2ccda9000-7fd2ccdaa000 ---p 00000000 00:00 0 
7fd2ccdaa000-7fd2cceaa000 rw-p 00000000 00:00 0 
7fd2cceaa000-7fd2cceab000 ---p 00000000 00:00 0 
7fd2cceab000-7fd2ccfab000 rw-p 00000000 00:00 0 
7fd2ccfab000-7fd2ccfac000 ---p 00000000 00:00 0 
7fd2ccfac000-7fd2cd0b7000 rw-p 00000000 00:00 0 
7fd2cd0b7000-7fd2cd0ff000 rw-p 00000000 00:00 0 
7fd2cd0ff000-7fd2cd1a7000 rw-p 00000000 00:00 0 
7fd2cd1a7000-7fd2cdb7d000 rw-p 00000000 00:00 0 
7fd2cdb7d000-7fd2cdb88000 rw-p 00000000 00:00 0 
7fd2cdb88000-7fd2cdbd0000 rw-p 00000000 00:00 0 
7fd2cdbd0000-7fd2cdc78000 rw-p 00000000 00:00 0 
7fd2cdc78000-7fd2ce64e000 rw-p 00000000 00:00 0 
7fd2ce64e000-7fd2ce6a2000 rw-p 00000000 00:00 0 
7fd2ce6a2000-7fd2ceb8d000 rw-p 00000000 00:00 0 
7fd2ceb8d000-7fd2ceb8e000 rw-p 00000000 00:00 0 
7fd2ceb8e000-7fd2cedfe000 rwxp 00000000 00:00 0 
7fd2cedfe000-7fd2d1b8e000 rw-p 00000000 00:00 0 
7fd2d1b8e000-7fd2d1b95000 r-xp 00000000 08:01 7604764                    /usr/lib64/jvm/java-1.6.0-openjdk-1.6.0/jre/lib/amd64/libzip.so
7fd2d1b95000-7fd2d1d94000 ---p 00007000 08:01 7604764                    /usr/lib64/jvm/java-1.6.0-openjdk-1.6.0/jre/lib/amd64/libzip.so
7fd2d1d94000-7fd2d1d95000 r--p 00006000 08:01 7604764                    /usr/lib64/jvm/java-1.6.0-openjdk-1.6.0/jre/lib/amd64/libzip.so
7fd2d1d95000-7fd2d1d96000 rw-p 00007000 08:01 7604764                    /usr/lib64/jvm/java-1.6.0-openjdk-1.6.0/jre/lib/amd64/libzip.so
7fd2d1d96000-7fd2d1dc4000 r-xp 00000000 08:01 7604744                    /usr/lib64/jvm/java-1.6.0-openjdk-1.6.0/jre/lib/amd64/libjava.so
7fd2d1dc4000-7fd2d1fc3000 ---p 0002e000 08:01 7604744                    /usr/lib64/jvm/java-1.6.0-openjdk-1.6.0/jre/lib/amd64/libjava.so
7fd2d1fc3000-7fd2d1fc4000 r--p 0002d000 08:01 7604744                    /usr/lib64/jvm/java-1.6.0-openjdk-1.6.0/jre/lib/amd64/libjava.so
7fd2d1fc4000-7fd2d1fc7000 rw-p 0002e000 08:01 7604744                    /usr/lib64/jvm/java-1.6.0-openjdk-1.6.0/jre/lib/amd64/libjava.so
7fd2d1fc7000-7fd2d1fc8000 rw-p 00000000 00:00 0 
7fd2d1fc8000-7fd2d1fd6000 r-xp 00000000 08:01 7604763                    /usr/lib64/jvm/java-1.6.0-openjdk-1.6.0/jre/lib/amd64/libverify.so
7fd2d1fd6000-7fd2d21d5000 ---p 0000e000 08:01 7604763                    /usr/lib64/jvm/java-1.6.0-openjdk-1.6.0/jre/lib/amd64/libverify.so
7fd2d21d5000-7fd2d21d7000 r--p 0000d000 08:01 7604763                    /usr/lib64/jvm/java-1.6.0-openjdk-1.6.0/jre/lib/amd64/libverify.so
7fd2d21d7000-7fd2d21d8000 rw-p 0000f000 08:01 7604763                    /usr/lib64/jvm/java-1.6.0-openjdk-1.6.0/jre/lib/amd64/libverify.so
7fd2d21d8000-7fd2d21e0000 r-xp 00000000 08:01 6029526                    /lib64/librt-2.11.3.so
7fd2d21e0000-7fd2d23df000 ---p 00008000 08:01 6029526                    /lib64/librt-2.11.3.so
7fd2d23df000-7fd2d23e0000 r--p 00007000 08:01 6029526                    /lib64/librt-2.11.3.so
7fd2d23e0000-7fd2d23e1000 rw-p 00008000 08:01 6029526                    /lib64/librt-2.11.3.so
7fd2d23e1000-7fd2d23f6000 r-xp 00000000 08:01 6029453                    /lib64/libgcc_s.so.1
7fd2d23f6000-7fd2d25f5000 ---p 00015000 08:01 6029453                    /lib64/libgcc_s.so.1
7fd2d25f5000-7fd2d25f6000 r--p 00014000 08:01 6029453                    /lib64/libgcc_s.so.1
7fd2d25f6000-7fd2d25f7000 rw-p 00015000 08:01 6029453                    /lib64/libgcc_s.so.1
7fd2d25f7000-7fd2d264d000 r-xp 00000000 08:01 6029450                    /lib64/libm-2.11.3.so
7fd2d264d000-7fd2d284c000 ---p 00056000 08:01 6029450                    /lib64/libm-2.11.3.so
7fd2d284c000-7fd2d284d000 r--p 00055000 08:01 6029450                    /lib64/libm-2.11.3.so
7fd2d284d000-7fd2d284e000 rw-p 00056000 08:01 6029450                    /lib64/libm-2.11.3.so
7fd2d284e000-7fd2d2939000 r-xp 00000000 08:01 6163108                    /usr/lib64/libstdc++.so.6.0.14
7fd2d2939000-7fd2d2b38000 ---p 000eb000 08:01 6163108                    /usr/lib64/libstdc++.so.6.0.14
7fd2d2b38000-7fd2d2b40000 r--p 000ea000 08:01 6163108                    /usr/lib64/libstdc++.so.6.0.14
7fd2d2b40000-7fd2d2b42000 rw-p 000f2000 08:01 6163108                    /usr/lib64/libstdc++.so.6.0.14
7fd2d2b42000-7fd2d2b57000 rw-p 00000000 00:00 0 
7fd2d2b57000-7fd2d34b4000 r-xp 00000000 08:01 7610206                    /usr/lib64/jvm/java-1.6.0-openjdk-1.6.0/jre/lib/amd64/server/libjvm.so
7fd2d34b4000-7fd2d36b3000 ---p 0095d000 08:01 7610206                    /usr/lib64/jvm/java-1.6.0-openjdk-1.6.0/jre/lib/amd64/server/libjvm.so
7fd2d36b3000-7fd2d3734000 r--p 0095c000 08:01 7610206                    /usr/lib64/jvm/java-1.6.0-openjdk-1.6.0/jre/lib/amd64/server/libjvm.so
7fd2d3734000-7fd2d374f000 rw-p 009dd000 08:01 7610206                    /usr/lib64/jvm/java-1.6.0-openjdk-1.6.0/jre/lib/amd64/server/libjvm.so
7fd2d374f000-7fd2d3778000 rw-p 00000000 00:00 0 
7fd2d3778000-7fd2d378e000 r-xp 00000000 08:01 6029318                    /lib64/libz.so.1.2.5
7fd2d378e000-7fd2d398e000 ---p 00016000 08:01 6029318                    /lib64/libz.so.1.2.5
7fd2d398e000-7fd2d398f000 r--p 00016000 08:01 6029318                    /lib64/libz.so.1.2.5
7fd2d398f000-7fd2d3990000 rw-p 00017000 08:01 6029318                    /lib64/libz.so.1.2.5
7fd2d3990000-7fd2d3af4000 r-xp 00000000 08:01 6029425                    /lib64/libc-2.11.3.so
7fd2d3af4000-7fd2d3cf3000 ---p 00164000 08:01 6029425                    /lib64/libc-2.11.3.so
7fd2d3cf3000-7fd2d3cf7000 r--p 00163000 08:01 6029425                    /lib64/libc-2.11.3.so
7fd2d3cf7000-7fd2d3cf8000 rw-p 00167000 08:01 6029425                    /lib64/libc-2.11.3.so
7fd2d3cf8000-7fd2d3cfd000 rw-p 00000000 00:00 0 
7fd2d3cfd000-7fd2d3cff000 r-xp 00000000 08:01 6029446                    /lib64/libdl-2.11.3.so
7fd2d3cff000-7fd2d3eff000 ---p 00002000 08:01 6029446                    /lib64/libdl-2.11.3.so
7fd2d3eff000-7fd2d3f00000 r--p 00002000 08:01 6029446                    /lib64/libdl-2.11.3.so
7fd2d3f00000-7fd2d3f01000 rw-p 00003000 08:01 6029446                    /lib64/libdl-2.11.3.so
7fd2d3f01000-7fd2d3f05000 r-xp 00000000 08:01 8395764                    /usr/lib64/jvm/java-1.6.0-openjdk-1.6.0/lib/amd64/jli/libjli.so
7fd2d3f05000-7fd2d4104000 ---p 00004000 08:01 8395764                    /usr/lib64/jvm/java-1.6.0-openjdk-1.6.0/lib/amd64/jli/libjli.so
7fd2d4104000-7fd2d4105000 r--p 00003000 08:01 8395764                    /usr/lib64/jvm/java-1.6.0-openjdk-1.6.0/lib/amd64/jli/libjli.so
7fd2d4105000-7fd2d4106000 rw-p 00004000 08:01 8395764                    /usr/lib64/jvm/java-1.6.0-openjdk-1.6.0/lib/amd64/jli/libjli.so
7fd2d4106000-7fd2d411d000 r-xp 00000000 08:01 6029514                    /lib64/libpthread-2.11.3.so
7fd2d411d000-7fd2d431d000 ---p 00017000 08:01 6029514                    /lib64/libpthread-2.11.3.so
7fd2d431d000-7fd2d431e000 r--p 00017000 08:01 6029514                    /lib64/libpthread-2.11.3.so
7fd2d431e000-7fd2d431f000 rw-p 00018000 08:01 6029514                    /lib64/libpthread-2.11.3.so
7fd2d431f000-7fd2d4323000 rw-p 00000000 00:00 0 
7fd2d4323000-7fd2d4341000 r-xp 00000000 08:01 6029348                    /lib64/ld-2.11.3.so
7fd2d4356000-7fd2d4360000 rw-p 00000000 00:00 0 
7fd2d4360000-7fd2d4416000 rw-p 00000000 00:00 0 
7fd2d4416000-7fd2d4419000 ---p 00000000 00:00 0 
7fd2d4419000-7fd2d451c000 rw-p 00000000 00:00 0 
7fd2d4535000-7fd2d453d000 rw-s 00000000 08:01 22151590                   /tmp/hsperfdata_runhui/9828
7fd2d453d000-7fd2d453e000 rw-p 00000000 00:00 0 
7fd2d453e000-7fd2d453f000 r--p 00000000 00:00 0 
7fd2d453f000-7fd2d4540000 rw-p 00000000 00:00 0 
7fd2d4540000-7fd2d4541000 r--p 0001d000 08:01 6029348                    /lib64/ld-2.11.3.so
7fd2d4541000-7fd2d4542000 rw-p 0001e000 08:01 6029348                    /lib64/ld-2.11.3.so
7fd2d4542000-7fd2d4543000 rw-p 00000000 00:00 0 
7fffdf9d7000-7fffdf9f8000 rw-p 00000000 00:00 0                          [stack]
7fffdf9fc000-7fffdf9fd000 r-xp 00000000 00:00 0                          [vdso]
ffffffffff600000-ffffffffff601000 r-xp 00000000 00:00 0                  [vsyscall]

VM Arguments:
jvm_args: -Dfile.encoding=UTF-8 
java_command: com.yahoo.ycsb.db.JAnanas
Launcher Type: SUN_STANDARD

Environment Variables:
JAVA_HOME=/usr/lib64/jvm/java
JRE_HOME=/usr/lib64/jvm/jre
PATH=/usr/lib64/mpi/gcc/openmpi/bin:/home/runhui/bin:/usr/local/bin:/usr/bin:/bin:/usr/bin/X11:/usr/X11R6/bin:/usr/games
LD_LIBRARY_PATH=/usr/lib64/jvm/java-1.6.0-openjdk-1.6.0/jre/lib/amd64/server:/usr/lib64/jvm/java-1.6.0-openjdk-1.6.0/jre/lib/amd64:/usr/lib64/jvm/java-1.6.0-openjdk-1.6.0/jre/../lib/amd64:/home/runhui/ananas/lib/.libs:/home/runhui/ananas/java/src/com/yahoo/ycsb/db:/usr/lib64/mpi/gcc/openmpi/lib64
SHELL=/bin/bash
DISPLAY=localhost:10.0
HOSTTYPE=x86_64
OSTYPE=linux
MACHTYPE=x86_64-suse-linux

Signal Handlers:
SIGSEGV: [libjvm.so+0x7dbbe0], sa_mask[0]=0x7ffbfeff, sa_flags=0x10000004
SIGBUS: [libjvm.so+0x7dbbe0], sa_mask[0]=0x7ffbfeff, sa_flags=0x10000004
SIGFPE: [libjvm.so+0x68be50], sa_mask[0]=0x7ffbfeff, sa_flags=0x10000004
SIGPIPE: [libjvm.so+0x68be50], sa_mask[0]=0x7ffbfeff, sa_flags=0x10000004
SIGXFSZ: [libjvm.so+0x68be50], sa_mask[0]=0x7ffbfeff, sa_flags=0x10000004
SIGILL: [libjvm.so+0x68be50], sa_mask[0]=0x7ffbfeff, sa_flags=0x10000004
SIGUSR1: SIG_DFL, sa_mask[0]=0x00000000, sa_flags=0x00000000
SIGUSR2: [libjvm.so+0x68c070], sa_mask[0]=0x00000004, sa_flags=0x10000004
SIGHUP: [libjvm.so+0x68ea80], sa_mask[0]=0x7ffbfeff, sa_flags=0x10000004
SIGINT: [libjvm.so+0x68ea80], sa_mask[0]=0x7ffbfeff, sa_flags=0x10000004
SIGTERM: [libjvm.so+0x68ea80], sa_mask[0]=0x7ffbfeff, sa_flags=0x10000004
SIGQUIT: [libjvm.so+0x68ea80], sa_mask[0]=0x7ffbfeff, sa_flags=0x10000004


---------------  S Y S T E M  ---------------

OS:openSUSE 11.4 (x86_64)
VERSION = 11.4
CODENAME = Celadon

uname:Linux 3.0.101-99-default #1 SMP Mon Feb 2 17:54:26 UTC 2015 (96d4595) x86_64
libc:glibc 2.11.3 NPTL 2.11.3 
rlimit: STACK 8192k, CORE 0k, NPROC 257693, NOFILE 8192, AS 28075280k
load average:0.37 0.24 0.23

/proc/meminfo:
MemTotal:       32997976 kB
MemFree:        26077236 kB
Buffers:         1248724 kB
Cached:          1775560 kB
SwapCached:            0 kB
Active:          4910600 kB
Inactive:        1201684 kB
Active(anon):    3086576 kB
Inactive(anon):     1584 kB
Active(file):    1824024 kB
Inactive(file):  1200100 kB
Unevictable:           0 kB
Mlocked:               0 kB
SwapTotal:       2096124 kB
SwapFree:        2096124 kB
Dirty:               484 kB
Writeback:             4 kB
AnonPages:       3130864 kB
Mapped:            83088 kB
Shmem:               160 kB
Slab:             432564 kB
SReclaimable:     384408 kB
SUnreclaim:        48156 kB
KernelStack:        3648 kB
PageTables:        11216 kB
NFS_Unstable:          0 kB
Bounce:                0 kB
WritebackTmp:          0 kB
CommitLimit:    18595112 kB
Committed_AS:    5819820 kB
VmallocTotal:   34359738367 kB
VmallocUsed:      340520 kB
VmallocChunk:   34342618724 kB
HardwareCorrupted:     0 kB
AnonHugePages:   2484224 kB
HugePages_Total:       0
HugePages_Free:        0
HugePages_Rsvd:        0
HugePages_Surp:        0
Hugepagesize:       2048 kB
DirectMap4k:       91620 kB
DirectMap2M:     3041280 kB
DirectMap1G:    30408704 kB


CPU:total 16 (4 cores per cpu, 2 threads per core) family 6 model 44 stepping 2, cmov, cx8, fxsr, mmx, sse, sse2, sse3, ssse3, sse4.1, sse4.2, popcnt, ht

Memory: 4k page, physical 32997976k(26077236k free), swap 2096124k(2096124k free)

vm_info: OpenJDK 64-Bit Server VM (20.0-b12) for linux-amd64 JRE (1.6.0_27-b27), built on Dec  7 2013 20:38:31 by "abuild" with gcc 4.5.1 20101208 [gcc-4_5-branch revision 167585]

time: Tue Oct 20 17:30:24 2015
elapsed time: 0 seconds

