#
# A fatal error has been detected by the Java Runtime Environment:
#
#  SIGSEGV (0xb) at pc=0x00007f854211dda0, pid=12063, tid=140210481268480
#
# JRE version: 6.0_27-b27
# Java VM: OpenJDK 64-Bit Server VM (20.0-b12 mixed mode linux-amd64 compressed oops)
# Derivative: IcedTea6 1.12.7
# Distribution: Dummy Product (x86_64), package suse-45.1-x86_64
# Problematic frame:
# C  [libkvf.so.0+0xda0]  _kvf_find_impl+0x30
#
# If you would like to submit a bug report, please include
# instructions how to reproduce the bug and visit:
#   http://icedtea.classpath.org/bugzilla
# The crash happened outside the Java Virtual Machine in native code.
# See problematic frame for where to report the bug.
#

---------------  T H R E A D  ---------------

Current thread (0x0000000000612000):  JavaThread "main" [_thread_in_native, id=12064, stack(0x00007f854bde0000,0x00007f854bee1000)]

siginfo:si_signo=SIGSEGV: si_errno=0, si_code=1 (SEGV_MAPERR), si_addr=0xffffffffffffffe8

Registers:
RAX=0x00007f854bedf8f0, RBX=0x0000000000000000, RCX=0x0000000000000000, RDX=0x00007f854bedf8f0
RSP=0x00007f854bedf800, RBP=0x00007f854bedf870, RSI=0x00007f854bedf8e0, RDI=0x00007f854bedf8f0
R8 =0xc300007f8546565f, R9 =0x0000000000000000, R10=0x00007f854bedf5e0, R11=0x00007f854211e290
R12=0x0000000000000000, R13=0x00007f854231f040, R14=0x00007f854bedf8f0, R15=0x0000000000612000
RIP=0x00007f854211dda0, EFLAGS=0x0000000000010287, CSGSFS=0x0000000000000033, ERR=0x0000000000000005
  TRAPNO=0x000000000000000e

Top of Stack: (sp=0x00007f854bedf800)
0x00007f854bedf800:   00000005fe2d3dc0 00007f854bedf870
0x00007f854bedf810:   0000000000000000 00000005fe2d3dc0
0x00007f854bedf820:   00007f854bedf8f0 00007f8542321349
0x00007f854bedf830:   00007f854655cdd0 00007f854bedf8f0
0x00007f854bedf840:   00007f854bedf8e0 00000000006121d0
0x00007f854bedf850:   00007f854bedf8f0 0000000000612000
0x00007f854bedf860:   0000000000000000 0000000000000000
0x00007f854bedf870:   00007f854bedf8d0 00007f8546568d68
0x00007f854bedf880:   0000000000612f78 0000000000612f80
0x00007f854bedf890:   00007f854bedf890 00000005fe2d3dc0
0x00007f854bedf8a0:   00007f854bedf8f0 00000005fe2d4b48
0x00007f854bedf8b0:   0000000000000000 00000005fe2d3dc0
0x00007f854bedf8c0:   0000000000000000 00007f854bedf8f0
0x00007f854bedf8d0:   00007f854bedf940 00007f854655d929
0x00007f854bedf8e0:   00000005fe2d4aa8 00007f8546565f57
0x00007f854bedf8f0:   00000005fe2d4f90 0000000758238a10
0x00007f854bedf900:   00007f854bedf900 00000005fe2d37cb
0x00007f854bedf910:   00007f854bedf958 00000005fe2d4b48
0x00007f854bedf920:   0000000000000000 00000005fe2d37e0
0x00007f854bedf930:   00007f854bedf8f0 00007f854bedf950
0x00007f854bedf940:   00007f854bedf9a8 00007f854655d85a
0x00007f854bedf950:   00000005fe2d4f90 0000000758238a10
0x00007f854bedf960:   0000000758238a10 00007f854bedf968
0x00007f854bedf970:   00000005fe2d4566 00007f854bedfa08
0x00007f854bedf980:   00000005fe2d4b48 0000000000000000
0x00007f854bedf990:   00000005fe2d46a8 00007f854bedf950
0x00007f854bedf9a0:   00007f854bedfa08 00007f854bedfa70
0x00007f854bedf9b0:   00007f8546558438 0000000000000000
0x00007f854bedf9c0:   0000000000000000 0000000000000000
0x00007f854bedf9d0:   0000000000000000 0000000000000000
0x00007f854bedf9e0:   0000000000000000 0000000000000000
0x00007f854bedf9f0:   0000000000000000 0000000000000000 

Instructions: (pc=0x00007f854211dda0)
0x00007f854211dd80:   45 31 e4 55 53 48 8b 1d b4 12 20 00 4c 39 eb 75
0x00007f854211dd90:   0f eb 2f 0f 1f 44 00 00 48 8b 1b 4c 39 eb 74 30
0x00007f854211dda0:   48 8b 6b e8 4c 8d 63 e0 48 89 ef e8 c8 fe ff ff
0x00007f854211ddb0:   4c 89 f6 48 89 c2 48 89 ef e8 9a fe ff ff 85 c0 

Register to memory mapping:

RAX=0x00007f854bedf8f0 is pointing into the stack for thread: 0x0000000000612000
RBX=0x0000000000000000 is an unknown value
RCX=0x0000000000000000 is an unknown value
RDX=0x00007f854bedf8f0 is pointing into the stack for thread: 0x0000000000612000
RSP=0x00007f854bedf800 is pointing into the stack for thread: 0x0000000000612000
RBP=0x00007f854bedf870 is pointing into the stack for thread: 0x0000000000612000
RSI=0x00007f854bedf8e0 is pointing into the stack for thread: 0x0000000000612000
RDI=0x00007f854bedf8f0 is pointing into the stack for thread: 0x0000000000612000
R8 =0xc300007f8546565f is an unknown value
R9 =0x0000000000000000 is an unknown value
R10=0x00007f854bedf5e0 is pointing into the stack for thread: 0x0000000000612000
R11=0x00007f854211e290: get_kvf+0 in /home/runhui/ananas/lib/.libs/libkvf.so.0 at 0x00007f854211d000
R12=0x0000000000000000 is an unknown value
R13=0x00007f854231f040: <offset 0x202040> in /home/runhui/ananas/lib/.libs/libkvf.so.0 at 0x00007f854211d000
R14=0x00007f854bedf8f0 is pointing into the stack for thread: 0x0000000000612000
R15=0x0000000000612000 is a thread


Stack: [0x00007f854bde0000,0x00007f854bee1000],  sp=0x00007f854bedf800,  free space=1022k
Native frames: (J=compiled Java code, j=interpreted, Vv=VM code, C=native code)
C  [libkvf.so.0+0xda0]  _kvf_find_impl+0x30
j  com.yahoo.ycsb.db.JAnanas.connect(Ljava/lang/String;)J+0
j  com.yahoo.ycsb.db.JAnanas.<init>(Ljava/lang/String;)V+11
j  com.yahoo.ycsb.db.JAnanas.main([Ljava/lang/String;)V+6
v  ~StubRoutines::call_stub
V  [libjvm.so+0x4cead8]  JavaCalls::call_helper(JavaValue*, methodHandle*, JavaCallArguments*, Thread*)+0x2b8
V  [libjvm.so+0x4cdf48]  JavaCalls::call(JavaValue*, methodHandle, JavaCallArguments*, Thread*)+0x28
V  [libjvm.so+0x4dab23]  _ZL17jni_invoke_staticP7JNIEnv_P9JavaValueP8_jobject11JNICallTypeP10_jmethodIDP18JNI_ArgumentPusherP6Thread.clone.53+0x1e3
V  [libjvm.so+0x4ec03d]  jni_CallStaticVoidMethod+0x16d
C  [java+0x2e7d]  JavaMain+0xddd

Java frames: (J=compiled Java code, j=interpreted, Vv=VM code)
j  com.yahoo.ycsb.db.JAnanas.connect(Ljava/lang/String;)J+0
j  com.yahoo.ycsb.db.JAnanas.<init>(Ljava/lang/String;)V+11
j  com.yahoo.ycsb.db.JAnanas.main([Ljava/lang/String;)V+6
v  ~StubRoutines::call_stub

---------------  P R O C E S S  ---------------

Java Threads: ( => current thread )
  0x00007f8534089800 JavaThread "Low Memory Detector" daemon [_thread_blocked, id=12084, stack(0x00007f8542625000,0x00007f8542726000)]
  0x00007f8534086000 JavaThread "C2 CompilerThread1" daemon [_thread_blocked, id=12083, stack(0x00007f8542726000,0x00007f8542827000)]
  0x00007f8534082800 JavaThread "C2 CompilerThread0" daemon [_thread_blocked, id=12082, stack(0x00007f8542827000,0x00007f8542928000)]
  0x00007f8534081000 JavaThread "Signal Dispatcher" daemon [_thread_blocked, id=12081, stack(0x00007f8542928000,0x00007f8542a29000)]
  0x00007f8534060000 JavaThread "Finalizer" daemon [_thread_blocked, id=12080, stack(0x00007f8542a68000,0x00007f8542b69000)]
  0x00007f853405e000 JavaThread "Reference Handler" daemon [_thread_blocked, id=12079, stack(0x00007f8542b69000,0x00007f8542c6a000)]
=>0x0000000000612000 JavaThread "main" [_thread_in_native, id=12064, stack(0x00007f854bde0000,0x00007f854bee1000)]

Other Threads:
  0x00007f8534059000 VMThread [stack: 0x00007f8542c6a000,0x00007f8542d6b000] [id=12078]
  0x00007f8534094800 WatcherThread [stack: 0x00007f8542524000,0x00007f8542625000] [id=12085]

VM state:not at safepoint (normal execution)

VM Mutex/Monitor currently owned by a thread: None

Heap
 PSYoungGen      total 150400K, used 2579K [0x0000000758200000, 0x00000007629d0000, 0x0000000800000000)
  eden space 128960K, 2% used [0x0000000758200000,0x0000000758484cd8,0x000000075fff0000)
  from space 21440K, 0% used [0x00000007614e0000,0x00000007614e0000,0x00000007629d0000)
  to   space 21440K, 0% used [0x000000075fff0000,0x000000075fff0000,0x00000007614e0000)
 PSOldGen        total 343808K, used 0K [0x0000000608600000, 0x000000061d5c0000, 0x0000000758200000)
  object space 343808K, 0% used [0x0000000608600000,0x0000000608600000,0x000000061d5c0000)
 PSPermGen       total 21248K, used 2899K [0x00000005fe000000, 0x00000005ff4c0000, 0x0000000608600000)
  object space 21248K, 13% used [0x00000005fe000000,0x00000005fe2d4fd0,0x00000005ff4c0000)

Code Cache  [0x00007f8546558000, 0x00007f85467c8000, 0x00007f8549558000)
 total_blobs=155 nmethods=0 adapters=123 free_code_cache=49951040 largest_free_block=0

Dynamic libraries:
00400000-00409000 r-xp 00000000 08:01 7607131                            /usr/lib64/jvm/java-1.6.0-openjdk-1.6.0/jre/bin/java
00608000-00609000 r--p 00008000 08:01 7607131                            /usr/lib64/jvm/java-1.6.0-openjdk-1.6.0/jre/bin/java
00609000-0060a000 rw-p 00009000 08:01 7607131                            /usr/lib64/jvm/java-1.6.0-openjdk-1.6.0/jre/bin/java
0060a000-0064c000 rw-p 00000000 00:00 0                                  [heap]
5fe000000-5ff4c0000 rw-p 00000000 00:00 0 
5ff4c0000-608600000 rw-p 00000000 00:00 0 
608600000-61d5c0000 rw-p 00000000 00:00 0 
61d5c0000-758200000 rw-p 00000000 00:00 0 
758200000-7629d0000 rw-p 00000000 00:00 0 
7629d0000-800000000 rw-p 00000000 00:00 0 
7f8534000000-7f85340c8000 rw-p 00000000 00:00 0 
7f85340c8000-7f8538000000 ---p 00000000 00:00 0 
7f853c000000-7f853c021000 rw-p 00000000 00:00 0 
7f853c021000-7f8540000000 ---p 00000000 00:00 0 
7f854211d000-7f854211f000 r-xp 00000000 08:06 28839488                   /home/runhui/ananas/lib/.libs/libkvf.so.0.0.0
7f854211f000-7f854231e000 ---p 00002000 08:06 28839488                   /home/runhui/ananas/lib/.libs/libkvf.so.0.0.0
7f854231e000-7f854231f000 r--p 00001000 08:06 28839488                   /home/runhui/ananas/lib/.libs/libkvf.so.0.0.0
7f854231f000-7f8542320000 rw-p 00002000 08:06 28839488                   /home/runhui/ananas/lib/.libs/libkvf.so.0.0.0
7f8542320000-7f8542322000 r-xp 00000000 08:06 28839499                   /home/runhui/ananas/java/src/com/yahoo/ycsb/db/libcom_yahoo_ycsb_db_JAnanas.so
7f8542322000-7f8542522000 ---p 00002000 08:06 28839499                   /home/runhui/ananas/java/src/com/yahoo/ycsb/db/libcom_yahoo_ycsb_db_JAnanas.so
7f8542522000-7f8542523000 r--p 00002000 08:06 28839499                   /home/runhui/ananas/java/src/com/yahoo/ycsb/db/libcom_yahoo_ycsb_db_JAnanas.so
7f8542523000-7f8542524000 rw-p 00003000 08:06 28839499                   /home/runhui/ananas/java/src/com/yahoo/ycsb/db/libcom_yahoo_ycsb_db_JAnanas.so
7f8542524000-7f8542525000 ---p 00000000 00:00 0 
7f8542525000-7f8542625000 rw-p 00000000 00:00 0 
7f8542625000-7f8542628000 ---p 00000000 00:00 0 
7f8542628000-7f8542726000 rw-p 00000000 00:00 0 
7f8542726000-7f8542729000 ---p 00000000 00:00 0 
7f8542729000-7f8542827000 rw-p 00000000 00:00 0 
7f8542827000-7f854282a000 ---p 00000000 00:00 0 
7f854282a000-7f8542928000 rw-p 00000000 00:00 0 
7f8542928000-7f854292b000 ---p 00000000 00:00 0 
7f854292b000-7f8542a29000 rw-p 00000000 00:00 0 
7f8542a29000-7f8542a68000 r--p 00000000 08:01 6294262                    /usr/lib/locale/en_US.utf8/LC_CTYPE
7f8542a68000-7f8542a6b000 ---p 00000000 00:00 0 
7f8542a6b000-7f8542b69000 rw-p 00000000 00:00 0 
7f8542b69000-7f8542b6c000 ---p 00000000 00:00 0 
7f8542b6c000-7f8542c6a000 rw-p 00000000 00:00 0 
7f8542c6a000-7f8542c6b000 ---p 00000000 00:00 0 
7f8542c6b000-7f8543bac000 rw-p 00000000 00:00 0 
7f8543bac000-7f8543d41000 r--s 03849000 08:01 7604847                    /usr/lib64/jvm/java-1.6.0-openjdk-1.6.0/jre/lib/rt.jar
7f8543d41000-7f8543d69000 rw-p 00000000 00:00 0 
7f8543d69000-7f8543d6a000 ---p 00000000 00:00 0 
7f8543d6a000-7f8543e6a000 rw-p 00000000 00:00 0 
7f8543e6a000-7f8543e6b000 ---p 00000000 00:00 0 
7f8543e6b000-7f8543f6b000 rw-p 00000000 00:00 0 
7f8543f6b000-7f8543f6c000 ---p 00000000 00:00 0 
7f8543f6c000-7f854406c000 rw-p 00000000 00:00 0 
7f854406c000-7f854406d000 ---p 00000000 00:00 0 
7f854406d000-7f854416d000 rw-p 00000000 00:00 0 
7f854416d000-7f854416e000 ---p 00000000 00:00 0 
7f854416e000-7f854426e000 rw-p 00000000 00:00 0 
7f854426e000-7f854426f000 ---p 00000000 00:00 0 
7f854426f000-7f854436f000 rw-p 00000000 00:00 0 
7f854436f000-7f8544370000 ---p 00000000 00:00 0 
7f8544370000-7f8544470000 rw-p 00000000 00:00 0 
7f8544470000-7f8544471000 ---p 00000000 00:00 0 
7f8544471000-7f8544571000 rw-p 00000000 00:00 0 
7f8544571000-7f8544572000 ---p 00000000 00:00 0 
7f8544572000-7f8544672000 rw-p 00000000 00:00 0 
7f8544672000-7f8544673000 ---p 00000000 00:00 0 
7f8544673000-7f8544773000 rw-p 00000000 00:00 0 
7f8544773000-7f8544774000 ---p 00000000 00:00 0 
7f8544774000-7f8544874000 rw-p 00000000 00:00 0 
7f8544874000-7f8544875000 ---p 00000000 00:00 0 
7f8544875000-7f8544975000 rw-p 00000000 00:00 0 
7f8544975000-7f8544976000 ---p 00000000 00:00 0 
7f8544976000-7f8544a81000 rw-p 00000000 00:00 0 
7f8544a81000-7f8544ac9000 rw-p 00000000 00:00 0 
7f8544ac9000-7f8544b71000 rw-p 00000000 00:00 0 
7f8544b71000-7f8545547000 rw-p 00000000 00:00 0 
7f8545547000-7f8545552000 rw-p 00000000 00:00 0 
7f8545552000-7f854559a000 rw-p 00000000 00:00 0 
7f854559a000-7f8545642000 rw-p 00000000 00:00 0 
7f8545642000-7f8546018000 rw-p 00000000 00:00 0 
7f8546018000-7f854606c000 rw-p 00000000 00:00 0 
7f854606c000-7f8546557000 rw-p 00000000 00:00 0 
7f8546557000-7f8546558000 rw-p 00000000 00:00 0 
7f8546558000-7f85467c8000 rwxp 00000000 00:00 0 
7f85467c8000-7f8549558000 rw-p 00000000 00:00 0 
7f8549558000-7f854955f000 r-xp 00000000 08:01 7604764                    /usr/lib64/jvm/java-1.6.0-openjdk-1.6.0/jre/lib/amd64/libzip.so
7f854955f000-7f854975e000 ---p 00007000 08:01 7604764                    /usr/lib64/jvm/java-1.6.0-openjdk-1.6.0/jre/lib/amd64/libzip.so
7f854975e000-7f854975f000 r--p 00006000 08:01 7604764                    /usr/lib64/jvm/java-1.6.0-openjdk-1.6.0/jre/lib/amd64/libzip.so
7f854975f000-7f8549760000 rw-p 00007000 08:01 7604764                    /usr/lib64/jvm/java-1.6.0-openjdk-1.6.0/jre/lib/amd64/libzip.so
7f8549760000-7f854978e000 r-xp 00000000 08:01 7604744                    /usr/lib64/jvm/java-1.6.0-openjdk-1.6.0/jre/lib/amd64/libjava.so
7f854978e000-7f854998d000 ---p 0002e000 08:01 7604744                    /usr/lib64/jvm/java-1.6.0-openjdk-1.6.0/jre/lib/amd64/libjava.so
7f854998d000-7f854998e000 r--p 0002d000 08:01 7604744                    /usr/lib64/jvm/java-1.6.0-openjdk-1.6.0/jre/lib/amd64/libjava.so
7f854998e000-7f8549991000 rw-p 0002e000 08:01 7604744                    /usr/lib64/jvm/java-1.6.0-openjdk-1.6.0/jre/lib/amd64/libjava.so
7f8549991000-7f8549992000 rw-p 00000000 00:00 0 
7f8549992000-7f85499a0000 r-xp 00000000 08:01 7604763                    /usr/lib64/jvm/java-1.6.0-openjdk-1.6.0/jre/lib/amd64/libverify.so
7f85499a0000-7f8549b9f000 ---p 0000e000 08:01 7604763                    /usr/lib64/jvm/java-1.6.0-openjdk-1.6.0/jre/lib/amd64/libverify.so
7f8549b9f000-7f8549ba1000 r--p 0000d000 08:01 7604763                    /usr/lib64/jvm/java-1.6.0-openjdk-1.6.0/jre/lib/amd64/libverify.so
7f8549ba1000-7f8549ba2000 rw-p 0000f000 08:01 7604763                    /usr/lib64/jvm/java-1.6.0-openjdk-1.6.0/jre/lib/amd64/libverify.so
7f8549ba2000-7f8549baa000 r-xp 00000000 08:01 6029526                    /lib64/librt-2.11.3.so
7f8549baa000-7f8549da9000 ---p 00008000 08:01 6029526                    /lib64/librt-2.11.3.so
7f8549da9000-7f8549daa000 r--p 00007000 08:01 6029526                    /lib64/librt-2.11.3.so
7f8549daa000-7f8549dab000 rw-p 00008000 08:01 6029526                    /lib64/librt-2.11.3.so
7f8549dab000-7f8549dc0000 r-xp 00000000 08:01 6029453                    /lib64/libgcc_s.so.1
7f8549dc0000-7f8549fbf000 ---p 00015000 08:01 6029453                    /lib64/libgcc_s.so.1
7f8549fbf000-7f8549fc0000 r--p 00014000 08:01 6029453                    /lib64/libgcc_s.so.1
7f8549fc0000-7f8549fc1000 rw-p 00015000 08:01 6029453                    /lib64/libgcc_s.so.1
7f8549fc1000-7f854a017000 r-xp 00000000 08:01 6029450                    /lib64/libm-2.11.3.so
7f854a017000-7f854a216000 ---p 00056000 08:01 6029450                    /lib64/libm-2.11.3.so
7f854a216000-7f854a217000 r--p 00055000 08:01 6029450                    /lib64/libm-2.11.3.so
7f854a217000-7f854a218000 rw-p 00056000 08:01 6029450                    /lib64/libm-2.11.3.so
7f854a218000-7f854a303000 r-xp 00000000 08:01 6163108                    /usr/lib64/libstdc++.so.6.0.14
7f854a303000-7f854a502000 ---p 000eb000 08:01 6163108                    /usr/lib64/libstdc++.so.6.0.14
7f854a502000-7f854a50a000 r--p 000ea000 08:01 6163108                    /usr/lib64/libstdc++.so.6.0.14
7f854a50a000-7f854a50c000 rw-p 000f2000 08:01 6163108                    /usr/lib64/libstdc++.so.6.0.14
7f854a50c000-7f854a521000 rw-p 00000000 00:00 0 
7f854a521000-7f854ae7e000 r-xp 00000000 08:01 7610206                    /usr/lib64/jvm/java-1.6.0-openjdk-1.6.0/jre/lib/amd64/server/libjvm.so
7f854ae7e000-7f854b07d000 ---p 0095d000 08:01 7610206                    /usr/lib64/jvm/java-1.6.0-openjdk-1.6.0/jre/lib/amd64/server/libjvm.so
7f854b07d000-7f854b0fe000 r--p 0095c000 08:01 7610206                    /usr/lib64/jvm/java-1.6.0-openjdk-1.6.0/jre/lib/amd64/server/libjvm.so
7f854b0fe000-7f854b119000 rw-p 009dd000 08:01 7610206                    /usr/lib64/jvm/java-1.6.0-openjdk-1.6.0/jre/lib/amd64/server/libjvm.so
7f854b119000-7f854b142000 rw-p 00000000 00:00 0 
7f854b142000-7f854b158000 r-xp 00000000 08:01 6029318                    /lib64/libz.so.1.2.5
7f854b158000-7f854b358000 ---p 00016000 08:01 6029318                    /lib64/libz.so.1.2.5
7f854b358000-7f854b359000 r--p 00016000 08:01 6029318                    /lib64/libz.so.1.2.5
7f854b359000-7f854b35a000 rw-p 00017000 08:01 6029318                    /lib64/libz.so.1.2.5
7f854b35a000-7f854b4be000 r-xp 00000000 08:01 6029425                    /lib64/libc-2.11.3.so
7f854b4be000-7f854b6bd000 ---p 00164000 08:01 6029425                    /lib64/libc-2.11.3.so
7f854b6bd000-7f854b6c1000 r--p 00163000 08:01 6029425                    /lib64/libc-2.11.3.so
7f854b6c1000-7f854b6c2000 rw-p 00167000 08:01 6029425                    /lib64/libc-2.11.3.so
7f854b6c2000-7f854b6c7000 rw-p 00000000 00:00 0 
7f854b6c7000-7f854b6c9000 r-xp 00000000 08:01 6029446                    /lib64/libdl-2.11.3.so
7f854b6c9000-7f854b8c9000 ---p 00002000 08:01 6029446                    /lib64/libdl-2.11.3.so
7f854b8c9000-7f854b8ca000 r--p 00002000 08:01 6029446                    /lib64/libdl-2.11.3.so
7f854b8ca000-7f854b8cb000 rw-p 00003000 08:01 6029446                    /lib64/libdl-2.11.3.so
7f854b8cb000-7f854b8cf000 r-xp 00000000 08:01 7604726                    /usr/lib64/jvm/java-1.6.0-openjdk-1.6.0/jre/lib/amd64/jli/libjli.so
7f854b8cf000-7f854bace000 ---p 00004000 08:01 7604726                    /usr/lib64/jvm/java-1.6.0-openjdk-1.6.0/jre/lib/amd64/jli/libjli.so
7f854bace000-7f854bacf000 r--p 00003000 08:01 7604726                    /usr/lib64/jvm/java-1.6.0-openjdk-1.6.0/jre/lib/amd64/jli/libjli.so
7f854bacf000-7f854bad0000 rw-p 00004000 08:01 7604726                    /usr/lib64/jvm/java-1.6.0-openjdk-1.6.0/jre/lib/amd64/jli/libjli.so
7f854bad0000-7f854bae7000 r-xp 00000000 08:01 6029514                    /lib64/libpthread-2.11.3.so
7f854bae7000-7f854bce7000 ---p 00017000 08:01 6029514                    /lib64/libpthread-2.11.3.so
7f854bce7000-7f854bce8000 r--p 00017000 08:01 6029514                    /lib64/libpthread-2.11.3.so
7f854bce8000-7f854bce9000 rw-p 00018000 08:01 6029514                    /lib64/libpthread-2.11.3.so
7f854bce9000-7f854bced000 rw-p 00000000 00:00 0 
7f854bced000-7f854bd0b000 r-xp 00000000 08:01 6029348                    /lib64/ld-2.11.3.so
7f854bd20000-7f854bd2a000 rw-p 00000000 00:00 0 
7f854bd2a000-7f854bde0000 rw-p 00000000 00:00 0 
7f854bde0000-7f854bde3000 ---p 00000000 00:00 0 
7f854bde3000-7f854bee6000 rw-p 00000000 00:00 0 
7f854beec000-7f854bef5000 r--s 00065000 08:01 7604786                    /usr/lib64/jvm/java-1.6.0-openjdk-1.6.0/jre/lib/ext/gnome-java-bridge.jar
7f854bef5000-7f854bef8000 r--s 0000f000 08:01 7604790                    /usr/lib64/jvm/java-1.6.0-openjdk-1.6.0/jre/lib/ext/pulse-java.jar
7f854bef8000-7f854beff000 r--s 00000000 08:01 6165667                    /usr/lib64/gconv/gconv-modules.cache
7f854beff000-7f854bf07000 rw-s 00000000 08:01 22151564                   /tmp/hsperfdata_runhui/12063
7f854bf07000-7f854bf08000 rw-p 00000000 00:00 0 
7f854bf08000-7f854bf09000 r--p 00000000 00:00 0 
7f854bf09000-7f854bf0a000 rw-p 00000000 00:00 0 
7f854bf0a000-7f854bf0b000 r--p 0001d000 08:01 6029348                    /lib64/ld-2.11.3.so
7f854bf0b000-7f854bf0c000 rw-p 0001e000 08:01 6029348                    /lib64/ld-2.11.3.so
7f854bf0c000-7f854bf0d000 rw-p 00000000 00:00 0 
7fff19c6f000-7fff19c90000 rw-p 00000000 00:00 0                          [stack]
7fff19deb000-7fff19dec000 r-xp 00000000 00:00 0                          [vdso]
ffffffffff600000-ffffffffff601000 r-xp 00000000 00:00 0                  [vsyscall]

VM Arguments:
jvm_args: -Djava.library.path=/home/runhui/ananas/java/src/com/yahoo/ycsb/db/ 
java_command: com.yahoo.ycsb.db.JAnanas
Launcher Type: SUN_STANDARD

Environment Variables:
JAVA_HOME=/usr/lib64/jvm/java
JRE_HOME=/usr/lib64/jvm/jre
PATH=/usr/lib64/mpi/gcc/openmpi/bin:/home/runhui/bin:/usr/local/bin:/usr/bin:/bin:/usr/bin/X11:/usr/X11R6/bin:/usr/games
LD_LIBRARY_PATH=/usr/lib64/jvm/java-1.6.0-openjdk-1.6.0/jre/lib/amd64/server:/usr/lib64/jvm/java-1.6.0-openjdk-1.6.0/jre/lib/amd64:/usr/lib64/jvm/java-1.6.0-openjdk-1.6.0/jre/../lib/amd64:/home/runhui/ananas/lib/.libs:/home/runhui/ananas/java/src/com/yahoo/ycsb/db:/usr/lib64/mpi/gcc/openmpi/lib64
SHELL=/bin/bash
DISPLAY=localhost:12.0
HOSTTYPE=x86_64
OSTYPE=linux
MACHTYPE=x86_64-suse-linux

Signal Handlers:
SIGSEGV: [libjvm.so+0x7dbbe0], sa_mask[0]=0x7ffbfeff, sa_flags=0x10000004
SIGBUS: [libjvm.so+0x7dbbe0], sa_mask[0]=0x7ffbfeff, sa_flags=0x10000004
SIGFPE: [libjvm.so+0x68be50], sa_mask[0]=0x7ffbfeff, sa_flags=0x10000004
SIGPIPE: [libjvm.so+0x68be50], sa_mask[0]=0x7ffbfeff, sa_flags=0x10000004
SIGXFSZ: [libjvm.so+0x68be50], sa_mask[0]=0x7ffbfeff, sa_flags=0x10000004
SIGILL: [libjvm.so+0x68be50], sa_mask[0]=0x7ffbfeff, sa_flags=0x10000004
SIGUSR1: SIG_DFL, sa_mask[0]=0x00000000, sa_flags=0x00000000
SIGUSR2: [libjvm.so+0x68c070], sa_mask[0]=0x00000000, sa_flags=0x10000004
SIGHUP: [libjvm.so+0x68ea80], sa_mask[0]=0x7ffbfeff, sa_flags=0x10000004
SIGINT: [libjvm.so+0x68ea80], sa_mask[0]=0x7ffbfeff, sa_flags=0x10000004
SIGTERM: [libjvm.so+0x68ea80], sa_mask[0]=0x7ffbfeff, sa_flags=0x10000004
SIGQUIT: [libjvm.so+0x68ea80], sa_mask[0]=0x7ffbfeff, sa_flags=0x10000004


---------------  S Y S T E M  ---------------

OS:openSUSE 11.4 (x86_64)
VERSION = 11.4
CODENAME = Celadon

uname:Linux 3.0.101-99-default #1 SMP Mon Feb 2 17:54:26 UTC 2015 (96d4595) x86_64
libc:glibc 2.11.3 NPTL 2.11.3 
rlimit: STACK 8192k, CORE 0k, NPROC 257693, NOFILE 8192, AS 28075280k
load average:0.34 0.25 0.18

/proc/meminfo:
MemTotal:       32997976 kB
MemFree:        26920456 kB
Buffers:         1251040 kB
Cached:          1775992 kB
SwapCached:            0 kB
Active:          4078556 kB
Inactive:        1198532 kB
Active(anon):    2248628 kB
Inactive(anon):     1596 kB
Active(file):    1829928 kB
Inactive(file):  1196936 kB
Unevictable:           0 kB
Mlocked:               0 kB
SwapTotal:       2096124 kB
SwapFree:        2096124 kB
Dirty:                72 kB
Writeback:             0 kB
AnonPages:       2244116 kB
Mapped:            61908 kB
Shmem:               172 kB
Slab:             432116 kB
SReclaimable:     384660 kB
SUnreclaim:        47456 kB
KernelStack:        3448 kB
PageTables:        10460 kB
NFS_Unstable:          0 kB
Bounce:                0 kB
WritebackTmp:          0 kB
CommitLimit:    18595112 kB
Committed_AS:    4777424 kB
VmallocTotal:   34359738367 kB
VmallocUsed:      340520 kB
VmallocChunk:   34342618724 kB
HardwareCorrupted:     0 kB
AnonHugePages:   2091008 kB
HugePages_Total:       0
HugePages_Free:        0
HugePages_Rsvd:        0
HugePages_Surp:        0
Hugepagesize:       2048 kB
DirectMap4k:       91620 kB
DirectMap2M:     3041280 kB
DirectMap1G:    30408704 kB


CPU:total 16 (4 cores per cpu, 2 threads per core) family 6 model 44 stepping 2, cmov, cx8, fxsr, mmx, sse, sse2, sse3, ssse3, sse4.1, sse4.2, popcnt, ht

Memory: 4k page, physical 32997976k(26920456k free), swap 2096124k(2096124k free)

vm_info: OpenJDK 64-Bit Server VM (20.0-b12) for linux-amd64 JRE (1.6.0_27-b27), built on Dec  7 2013 20:38:31 by "abuild" with gcc 4.5.1 20101208 [gcc-4_5-branch revision 167585]

time: Tue Oct 20 19:51:25 2015
elapsed time: 0 seconds

