#
# A fatal error has been detected by the Java Runtime Environment:
#
#  SIGSEGV (0xb) at pc=0x00007f6d673e5da0, pid=12088, tid=140108093576960
#
# JRE version: 6.0_27-b27
# Java VM: OpenJDK 64-Bit Server VM (20.0-b12 mixed mode linux-amd64 compressed oops)
# Derivative: IcedTea6 1.12.7
# Distribution: Dummy Product (x86_64), package suse-45.1-x86_64
# Problematic frame:
# C  [libkvf.so.0+0xda0]  _kvf_find_impl+0x30
#
# If you would like to submit a bug report, please include
# instructions how to reproduce the bug and visit:
#   http://icedtea.classpath.org/bugzilla
# The crash happened outside the Java Virtual Machine in native code.
# See problematic frame for where to report the bug.
#

---------------  T H R E A D  ---------------

Current thread (0x0000000000612000):  JavaThread "main" [_thread_in_native, id=12089, stack(0x00007f6d7515d000,0x00007f6d7525e000)]

siginfo:si_signo=SIGSEGV: si_errno=0, si_code=1 (SEGV_MAPERR), si_addr=0xffffffffffffffe8

Registers:
RAX=0x00007f6d7525c8f0, RBX=0x0000000000000000, RCX=0x0000000000000000, RDX=0x00007f6d7525c8f0
RSP=0x00007f6d7525c800, RBP=0x00007f6d7525c870, RSI=0x00007f6d7525c8e0, RDI=0x00007f6d7525c8f0
R8 =0xc300007f6d6f8e2f, R9 =0x0000000000000000, R10=0x00007f6d7525c5e0, R11=0x00007f6d673e6290
R12=0x0000000000000000, R13=0x00007f6d675e7040, R14=0x00007f6d7525c8f0, R15=0x0000000000612000
RIP=0x00007f6d673e5da0, EFLAGS=0x0000000000010287, CSGSFS=0x0000000000000033, ERR=0x0000000000000005
  TRAPNO=0x000000000000000e

Top of Stack: (sp=0x00007f6d7525c800)
0x00007f6d7525c800:   00000005fe2d3dc0 00007f6d7525c870
0x00007f6d7525c810:   0000000000000000 00000005fe2d3dc0
0x00007f6d7525c820:   00007f6d7525c8f0 00007f6d675e9349
0x00007f6d7525c830:   00007f6d6f8d9dd0 00007f6d7525c8f0
0x00007f6d7525c840:   00007f6d7525c8e0 00000000006121d0
0x00007f6d7525c850:   00007f6d7525c8f0 0000000000612000
0x00007f6d7525c860:   0000000000000000 0000000000000000
0x00007f6d7525c870:   00007f6d7525c8d0 00007f6d6f8e5d68
0x00007f6d7525c880:   0000000000612f78 0000000000612f80
0x00007f6d7525c890:   00007f6d7525c890 00000005fe2d3dc0
0x00007f6d7525c8a0:   00007f6d7525c8f0 00000005fe2d4b48
0x00007f6d7525c8b0:   0000000000000000 00000005fe2d3dc0
0x00007f6d7525c8c0:   0000000000000000 00007f6d7525c8f0
0x00007f6d7525c8d0:   00007f6d7525c940 00007f6d6f8da929
0x00007f6d7525c8e0:   00000005fe2d4aa8 00007f6d6f8e2f57
0x00007f6d7525c8f0:   00000005fe2d4f90 0000000758238a10
0x00007f6d7525c900:   00007f6d7525c900 00000005fe2d37cb
0x00007f6d7525c910:   00007f6d7525c958 00000005fe2d4b48
0x00007f6d7525c920:   0000000000000000 00000005fe2d37e0
0x00007f6d7525c930:   00007f6d7525c8f0 00007f6d7525c950
0x00007f6d7525c940:   00007f6d7525c9a8 00007f6d6f8da85a
0x00007f6d7525c950:   00000005fe2d4f90 0000000758238a10
0x00007f6d7525c960:   0000000758238a10 00007f6d7525c968
0x00007f6d7525c970:   00000005fe2d4566 00007f6d7525ca08
0x00007f6d7525c980:   00000005fe2d4b48 0000000000000000
0x00007f6d7525c990:   00000005fe2d46a8 00007f6d7525c950
0x00007f6d7525c9a0:   00007f6d7525ca08 00007f6d7525ca70
0x00007f6d7525c9b0:   00007f6d6f8d5438 0000000000000000
0x00007f6d7525c9c0:   0000000000000000 0000000000000000
0x00007f6d7525c9d0:   0000000000000000 0000000000000000
0x00007f6d7525c9e0:   0000000000000000 0000000000000000
0x00007f6d7525c9f0:   0000000000000000 0000000000000000 

Instructions: (pc=0x00007f6d673e5da0)
0x00007f6d673e5d80:   45 31 e4 55 53 48 8b 1d b4 12 20 00 4c 39 eb 75
0x00007f6d673e5d90:   0f eb 2f 0f 1f 44 00 00 48 8b 1b 4c 39 eb 74 30
0x00007f6d673e5da0:   48 8b 6b e8 4c 8d 63 e0 48 89 ef e8 c8 fe ff ff
0x00007f6d673e5db0:   4c 89 f6 48 89 c2 48 89 ef e8 9a fe ff ff 85 c0 

Register to memory mapping:

RAX=0x00007f6d7525c8f0 is pointing into the stack for thread: 0x0000000000612000
RBX=0x0000000000000000 is an unknown value
RCX=0x0000000000000000 is an unknown value
RDX=0x00007f6d7525c8f0 is pointing into the stack for thread: 0x0000000000612000
RSP=0x00007f6d7525c800 is pointing into the stack for thread: 0x0000000000612000
RBP=0x00007f6d7525c870 is pointing into the stack for thread: 0x0000000000612000
RSI=0x00007f6d7525c8e0 is pointing into the stack for thread: 0x0000000000612000
RDI=0x00007f6d7525c8f0 is pointing into the stack for thread: 0x0000000000612000
R8 =0xc300007f6d6f8e2f is an unknown value
R9 =0x0000000000000000 is an unknown value
R10=0x00007f6d7525c5e0 is pointing into the stack for thread: 0x0000000000612000
R11=0x00007f6d673e6290: get_kvf+0 in /home/runhui/ananas/lib/.libs/libkvf.so.0 at 0x00007f6d673e5000
R12=0x0000000000000000 is an unknown value
R13=0x00007f6d675e7040: <offset 0x202040> in /home/runhui/ananas/lib/.libs/libkvf.so.0 at 0x00007f6d673e5000
R14=0x00007f6d7525c8f0 is pointing into the stack for thread: 0x0000000000612000
R15=0x0000000000612000 is a thread


Stack: [0x00007f6d7515d000,0x00007f6d7525e000],  sp=0x00007f6d7525c800,  free space=1022k
Native frames: (J=compiled Java code, j=interpreted, Vv=VM code, C=native code)
C  [libkvf.so.0+0xda0]  _kvf_find_impl+0x30
j  com.yahoo.ycsb.db.JAnanas.connect(Ljava/lang/String;)J+0
j  com.yahoo.ycsb.db.JAnanas.<init>(Ljava/lang/String;)V+11
j  com.yahoo.ycsb.db.JAnanas.main([Ljava/lang/String;)V+6
v  ~StubRoutines::call_stub
V  [libjvm.so+0x4cead8]  JavaCalls::call_helper(JavaValue*, methodHandle*, JavaCallArguments*, Thread*)+0x2b8
V  [libjvm.so+0x4cdf48]  JavaCalls::call(JavaValue*, methodHandle, JavaCallArguments*, Thread*)+0x28
V  [libjvm.so+0x4dab23]  _ZL17jni_invoke_staticP7JNIEnv_P9JavaValueP8_jobject11JNICallTypeP10_jmethodIDP18JNI_ArgumentPusherP6Thread.clone.53+0x1e3
V  [libjvm.so+0x4ec03d]  jni_CallStaticVoidMethod+0x16d
C  [java+0x2e7d]  JavaMain+0xddd

Java frames: (J=compiled Java code, j=interpreted, Vv=VM code)
j  com.yahoo.ycsb.db.JAnanas.connect(Ljava/lang/String;)J+0
j  com.yahoo.ycsb.db.JAnanas.<init>(Ljava/lang/String;)V+11
j  com.yahoo.ycsb.db.JAnanas.main([Ljava/lang/String;)V+6
v  ~StubRoutines::call_stub

---------------  P R O C E S S  ---------------

Java Threads: ( => current thread )
  0x00007f6d68088000 JavaThread "Low Memory Detector" daemon [_thread_blocked, id=12109, stack(0x00007f6d678f9000,0x00007f6d679fa000)]
  0x00007f6d68085800 JavaThread "C2 CompilerThread1" daemon [_thread_blocked, id=12108, stack(0x00007f6d679fa000,0x00007f6d67afb000)]
  0x00007f6d68082800 JavaThread "C2 CompilerThread0" daemon [_thread_blocked, id=12107, stack(0x00007f6d67afb000,0x00007f6d67bfc000)]
  0x00007f6d68081000 JavaThread "Signal Dispatcher" daemon [_thread_blocked, id=12106, stack(0x00007f6d67bfc000,0x00007f6d67cfd000)]
  0x00007f6d68060000 JavaThread "Finalizer" daemon [_thread_blocked, id=12105, stack(0x00007f6d67cfd000,0x00007f6d67dfe000)]
  0x00007f6d6805e000 JavaThread "Reference Handler" daemon [_thread_blocked, id=12104, stack(0x00007f6d67dfe000,0x00007f6d67eff000)]
=>0x0000000000612000 JavaThread "main" [_thread_in_native, id=12089, stack(0x00007f6d7515d000,0x00007f6d7525e000)]

Other Threads:
  0x00007f6d68059000 VMThread [stack: 0x00007f6d67eff000,0x00007f6d68000000] [id=12103]
  0x00007f6d68093000 WatcherThread [stack: 0x00007f6d677f8000,0x00007f6d678f9000] [id=12110]

VM state:not at safepoint (normal execution)

VM Mutex/Monitor currently owned by a thread: None

Heap
 PSYoungGen      total 150400K, used 2579K [0x0000000758200000, 0x00000007629d0000, 0x0000000800000000)
  eden space 128960K, 2% used [0x0000000758200000,0x0000000758484cd8,0x000000075fff0000)
  from space 21440K, 0% used [0x00000007614e0000,0x00000007614e0000,0x00000007629d0000)
  to   space 21440K, 0% used [0x000000075fff0000,0x000000075fff0000,0x00000007614e0000)
 PSOldGen        total 343808K, used 0K [0x0000000608600000, 0x000000061d5c0000, 0x0000000758200000)
  object space 343808K, 0% used [0x0000000608600000,0x0000000608600000,0x000000061d5c0000)
 PSPermGen       total 21248K, used 2899K [0x00000005fe000000, 0x00000005ff4c0000, 0x0000000608600000)
  object space 21248K, 13% used [0x00000005fe000000,0x00000005fe2d4fd0,0x00000005ff4c0000)

Code Cache  [0x00007f6d6f8d5000, 0x00007f6d6fb45000, 0x00007f6d728d5000)
 total_blobs=155 nmethods=0 adapters=123 free_code_cache=49951040 largest_free_block=0

Dynamic libraries:
00400000-00409000 r-xp 00000000 08:01 7607131                            /usr/lib64/jvm/java-1.6.0-openjdk-1.6.0/jre/bin/java
00608000-00609000 r--p 00008000 08:01 7607131                            /usr/lib64/jvm/java-1.6.0-openjdk-1.6.0/jre/bin/java
00609000-0060a000 rw-p 00009000 08:01 7607131                            /usr/lib64/jvm/java-1.6.0-openjdk-1.6.0/jre/bin/java
0060a000-0064c000 rw-p 00000000 00:00 0                                  [heap]
5fe000000-5ff4c0000 rw-p 00000000 00:00 0 
5ff4c0000-608600000 rw-p 00000000 00:00 0 
608600000-61d5c0000 rw-p 00000000 00:00 0 
61d5c0000-758200000 rw-p 00000000 00:00 0 
758200000-7629d0000 rw-p 00000000 00:00 0 
7629d0000-800000000 rw-p 00000000 00:00 0 
7f6d673e5000-7f6d673e7000 r-xp 00000000 08:06 28839488                   /home/runhui/ananas/lib/.libs/libkvf.so.0.0.0
7f6d673e7000-7f6d675e6000 ---p 00002000 08:06 28839488                   /home/runhui/ananas/lib/.libs/libkvf.so.0.0.0
7f6d675e6000-7f6d675e7000 r--p 00001000 08:06 28839488                   /home/runhui/ananas/lib/.libs/libkvf.so.0.0.0
7f6d675e7000-7f6d675e8000 rw-p 00002000 08:06 28839488                   /home/runhui/ananas/lib/.libs/libkvf.so.0.0.0
7f6d675e8000-7f6d675ea000 r-xp 00000000 08:06 28839499                   /home/runhui/ananas/java/src/com/yahoo/ycsb/db/libcom_yahoo_ycsb_db_JAnanas.so
7f6d675ea000-7f6d677ea000 ---p 00002000 08:06 28839499                   /home/runhui/ananas/java/src/com/yahoo/ycsb/db/libcom_yahoo_ycsb_db_JAnanas.so
7f6d677ea000-7f6d677eb000 r--p 00002000 08:06 28839499                   /home/runhui/ananas/java/src/com/yahoo/ycsb/db/libcom_yahoo_ycsb_db_JAnanas.so
7f6d677eb000-7f6d677ec000 rw-p 00003000 08:06 28839499                   /home/runhui/ananas/java/src/com/yahoo/ycsb/db/libcom_yahoo_ycsb_db_JAnanas.so
7f6d677ec000-7f6d677f5000 r--s 00065000 08:01 7604786                    /usr/lib64/jvm/java-1.6.0-openjdk-1.6.0/jre/lib/ext/gnome-java-bridge.jar
7f6d677f5000-7f6d677f8000 r--s 0000f000 08:01 7604790                    /usr/lib64/jvm/java-1.6.0-openjdk-1.6.0/jre/lib/ext/pulse-java.jar
7f6d677f8000-7f6d677f9000 ---p 00000000 00:00 0 
7f6d677f9000-7f6d678f9000 rw-p 00000000 00:00 0 
7f6d678f9000-7f6d678fc000 ---p 00000000 00:00 0 
7f6d678fc000-7f6d679fa000 rw-p 00000000 00:00 0 
7f6d679fa000-7f6d679fd000 ---p 00000000 00:00 0 
7f6d679fd000-7f6d67afb000 rw-p 00000000 00:00 0 
7f6d67afb000-7f6d67afe000 ---p 00000000 00:00 0 
7f6d67afe000-7f6d67bfc000 rw-p 00000000 00:00 0 
7f6d67bfc000-7f6d67bff000 ---p 00000000 00:00 0 
7f6d67bff000-7f6d67cfd000 rw-p 00000000 00:00 0 
7f6d67cfd000-7f6d67d00000 ---p 00000000 00:00 0 
7f6d67d00000-7f6d67dfe000 rw-p 00000000 00:00 0 
7f6d67dfe000-7f6d67e01000 ---p 00000000 00:00 0 
7f6d67e01000-7f6d67eff000 rw-p 00000000 00:00 0 
7f6d67eff000-7f6d67f00000 ---p 00000000 00:00 0 
7f6d67f00000-7f6d68000000 rw-p 00000000 00:00 0 
7f6d68000000-7f6d680c7000 rw-p 00000000 00:00 0 
7f6d680c7000-7f6d6c000000 ---p 00000000 00:00 0 
7f6d6c0a2000-7f6d6c0a9000 r--s 00000000 08:01 6165667                    /usr/lib64/gconv/gconv-modules.cache
7f6d6c0a9000-7f6d6c0e8000 r--p 00000000 08:01 6294262                    /usr/lib/locale/en_US.utf8/LC_CTYPE
7f6d6c0e8000-7f6d6cf29000 rw-p 00000000 00:00 0 
7f6d6cf29000-7f6d6d0be000 r--s 03849000 08:01 7604847                    /usr/lib64/jvm/java-1.6.0-openjdk-1.6.0/jre/lib/rt.jar
7f6d6d0be000-7f6d6d0e6000 rw-p 00000000 00:00 0 
7f6d6d0e6000-7f6d6d0e7000 ---p 00000000 00:00 0 
7f6d6d0e7000-7f6d6d1e7000 rw-p 00000000 00:00 0 
7f6d6d1e7000-7f6d6d1e8000 ---p 00000000 00:00 0 
7f6d6d1e8000-7f6d6d2e8000 rw-p 00000000 00:00 0 
7f6d6d2e8000-7f6d6d2e9000 ---p 00000000 00:00 0 
7f6d6d2e9000-7f6d6d3e9000 rw-p 00000000 00:00 0 
7f6d6d3e9000-7f6d6d3ea000 ---p 00000000 00:00 0 
7f6d6d3ea000-7f6d6d4ea000 rw-p 00000000 00:00 0 
7f6d6d4ea000-7f6d6d4eb000 ---p 00000000 00:00 0 
7f6d6d4eb000-7f6d6d5eb000 rw-p 00000000 00:00 0 
7f6d6d5eb000-7f6d6d5ec000 ---p 00000000 00:00 0 
7f6d6d5ec000-7f6d6d6ec000 rw-p 00000000 00:00 0 
7f6d6d6ec000-7f6d6d6ed000 ---p 00000000 00:00 0 
7f6d6d6ed000-7f6d6d7ed000 rw-p 00000000 00:00 0 
7f6d6d7ed000-7f6d6d7ee000 ---p 00000000 00:00 0 
7f6d6d7ee000-7f6d6d8ee000 rw-p 00000000 00:00 0 
7f6d6d8ee000-7f6d6d8ef000 ---p 00000000 00:00 0 
7f6d6d8ef000-7f6d6d9ef000 rw-p 00000000 00:00 0 
7f6d6d9ef000-7f6d6d9f0000 ---p 00000000 00:00 0 
7f6d6d9f0000-7f6d6daf0000 rw-p 00000000 00:00 0 
7f6d6daf0000-7f6d6daf1000 ---p 00000000 00:00 0 
7f6d6daf1000-7f6d6dbf1000 rw-p 00000000 00:00 0 
7f6d6dbf1000-7f6d6dbf2000 ---p 00000000 00:00 0 
7f6d6dbf2000-7f6d6dcf2000 rw-p 00000000 00:00 0 
7f6d6dcf2000-7f6d6dcf3000 ---p 00000000 00:00 0 
7f6d6dcf3000-7f6d6ddfe000 rw-p 00000000 00:00 0 
7f6d6ddfe000-7f6d6de46000 rw-p 00000000 00:00 0 
7f6d6de46000-7f6d6deee000 rw-p 00000000 00:00 0 
7f6d6deee000-7f6d6e8c4000 rw-p 00000000 00:00 0 
7f6d6e8c4000-7f6d6e8cf000 rw-p 00000000 00:00 0 
7f6d6e8cf000-7f6d6e917000 rw-p 00000000 00:00 0 
7f6d6e917000-7f6d6e9bf000 rw-p 00000000 00:00 0 
7f6d6e9bf000-7f6d6f395000 rw-p 00000000 00:00 0 
7f6d6f395000-7f6d6f3e9000 rw-p 00000000 00:00 0 
7f6d6f3e9000-7f6d6f8d4000 rw-p 00000000 00:00 0 
7f6d6f8d4000-7f6d6f8d5000 rw-p 00000000 00:00 0 
7f6d6f8d5000-7f6d6fb45000 rwxp 00000000 00:00 0 
7f6d6fb45000-7f6d728d5000 rw-p 00000000 00:00 0 
7f6d728d5000-7f6d728dc000 r-xp 00000000 08:01 7604764                    /usr/lib64/jvm/java-1.6.0-openjdk-1.6.0/jre/lib/amd64/libzip.so
7f6d728dc000-7f6d72adb000 ---p 00007000 08:01 7604764                    /usr/lib64/jvm/java-1.6.0-openjdk-1.6.0/jre/lib/amd64/libzip.so
7f6d72adb000-7f6d72adc000 r--p 00006000 08:01 7604764                    /usr/lib64/jvm/java-1.6.0-openjdk-1.6.0/jre/lib/amd64/libzip.so
7f6d72adc000-7f6d72add000 rw-p 00007000 08:01 7604764                    /usr/lib64/jvm/java-1.6.0-openjdk-1.6.0/jre/lib/amd64/libzip.so
7f6d72add000-7f6d72b0b000 r-xp 00000000 08:01 7604744                    /usr/lib64/jvm/java-1.6.0-openjdk-1.6.0/jre/lib/amd64/libjava.so
7f6d72b0b000-7f6d72d0a000 ---p 0002e000 08:01 7604744                    /usr/lib64/jvm/java-1.6.0-openjdk-1.6.0/jre/lib/amd64/libjava.so
7f6d72d0a000-7f6d72d0b000 r--p 0002d000 08:01 7604744                    /usr/lib64/jvm/java-1.6.0-openjdk-1.6.0/jre/lib/amd64/libjava.so
7f6d72d0b000-7f6d72d0e000 rw-p 0002e000 08:01 7604744                    /usr/lib64/jvm/java-1.6.0-openjdk-1.6.0/jre/lib/amd64/libjava.so
7f6d72d0e000-7f6d72d0f000 rw-p 00000000 00:00 0 
7f6d72d0f000-7f6d72d1d000 r-xp 00000000 08:01 7604763                    /usr/lib64/jvm/java-1.6.0-openjdk-1.6.0/jre/lib/amd64/libverify.so
7f6d72d1d000-7f6d72f1c000 ---p 0000e000 08:01 7604763                    /usr/lib64/jvm/java-1.6.0-openjdk-1.6.0/jre/lib/amd64/libverify.so
7f6d72f1c000-7f6d72f1e000 r--p 0000d000 08:01 7604763                    /usr/lib64/jvm/java-1.6.0-openjdk-1.6.0/jre/lib/amd64/libverify.so
7f6d72f1e000-7f6d72f1f000 rw-p 0000f000 08:01 7604763                    /usr/lib64/jvm/java-1.6.0-openjdk-1.6.0/jre/lib/amd64/libverify.so
7f6d72f1f000-7f6d72f27000 r-xp 00000000 08:01 6029526                    /lib64/librt-2.11.3.so
7f6d72f27000-7f6d73126000 ---p 00008000 08:01 6029526                    /lib64/librt-2.11.3.so
7f6d73126000-7f6d73127000 r--p 00007000 08:01 6029526                    /lib64/librt-2.11.3.so
7f6d73127000-7f6d73128000 rw-p 00008000 08:01 6029526                    /lib64/librt-2.11.3.so
7f6d73128000-7f6d7313d000 r-xp 00000000 08:01 6029453                    /lib64/libgcc_s.so.1
7f6d7313d000-7f6d7333c000 ---p 00015000 08:01 6029453                    /lib64/libgcc_s.so.1
7f6d7333c000-7f6d7333d000 r--p 00014000 08:01 6029453                    /lib64/libgcc_s.so.1
7f6d7333d000-7f6d7333e000 rw-p 00015000 08:01 6029453                    /lib64/libgcc_s.so.1
7f6d7333e000-7f6d73394000 r-xp 00000000 08:01 6029450                    /lib64/libm-2.11.3.so
7f6d73394000-7f6d73593000 ---p 00056000 08:01 6029450                    /lib64/libm-2.11.3.so
7f6d73593000-7f6d73594000 r--p 00055000 08:01 6029450                    /lib64/libm-2.11.3.so
7f6d73594000-7f6d73595000 rw-p 00056000 08:01 6029450                    /lib64/libm-2.11.3.so
7f6d73595000-7f6d73680000 r-xp 00000000 08:01 6163108                    /usr/lib64/libstdc++.so.6.0.14
7f6d73680000-7f6d7387f000 ---p 000eb000 08:01 6163108                    /usr/lib64/libstdc++.so.6.0.14
7f6d7387f000-7f6d73887000 r--p 000ea000 08:01 6163108                    /usr/lib64/libstdc++.so.6.0.14
7f6d73887000-7f6d73889000 rw-p 000f2000 08:01 6163108                    /usr/lib64/libstdc++.so.6.0.14
7f6d73889000-7f6d7389e000 rw-p 00000000 00:00 0 
7f6d7389e000-7f6d741fb000 r-xp 00000000 08:01 7610206                    /usr/lib64/jvm/java-1.6.0-openjdk-1.6.0/jre/lib/amd64/server/libjvm.so
7f6d741fb000-7f6d743fa000 ---p 0095d000 08:01 7610206                    /usr/lib64/jvm/java-1.6.0-openjdk-1.6.0/jre/lib/amd64/server/libjvm.so
7f6d743fa000-7f6d7447b000 r--p 0095c000 08:01 7610206                    /usr/lib64/jvm/java-1.6.0-openjdk-1.6.0/jre/lib/amd64/server/libjvm.so
7f6d7447b000-7f6d74496000 rw-p 009dd000 08:01 7610206                    /usr/lib64/jvm/java-1.6.0-openjdk-1.6.0/jre/lib/amd64/server/libjvm.so
7f6d74496000-7f6d744bf000 rw-p 00000000 00:00 0 
7f6d744bf000-7f6d744d5000 r-xp 00000000 08:01 6029318                    /lib64/libz.so.1.2.5
7f6d744d5000-7f6d746d5000 ---p 00016000 08:01 6029318                    /lib64/libz.so.1.2.5
7f6d746d5000-7f6d746d6000 r--p 00016000 08:01 6029318                    /lib64/libz.so.1.2.5
7f6d746d6000-7f6d746d7000 rw-p 00017000 08:01 6029318                    /lib64/libz.so.1.2.5
7f6d746d7000-7f6d7483b000 r-xp 00000000 08:01 6029425                    /lib64/libc-2.11.3.so
7f6d7483b000-7f6d74a3a000 ---p 00164000 08:01 6029425                    /lib64/libc-2.11.3.so
7f6d74a3a000-7f6d74a3e000 r--p 00163000 08:01 6029425                    /lib64/libc-2.11.3.so
7f6d74a3e000-7f6d74a3f000 rw-p 00167000 08:01 6029425                    /lib64/libc-2.11.3.so
7f6d74a3f000-7f6d74a44000 rw-p 00000000 00:00 0 
7f6d74a44000-7f6d74a46000 r-xp 00000000 08:01 6029446                    /lib64/libdl-2.11.3.so
7f6d74a46000-7f6d74c46000 ---p 00002000 08:01 6029446                    /lib64/libdl-2.11.3.so
7f6d74c46000-7f6d74c47000 r--p 00002000 08:01 6029446                    /lib64/libdl-2.11.3.so
7f6d74c47000-7f6d74c48000 rw-p 00003000 08:01 6029446                    /lib64/libdl-2.11.3.so
7f6d74c48000-7f6d74c4c000 r-xp 00000000 08:01 7604726                    /usr/lib64/jvm/java-1.6.0-openjdk-1.6.0/jre/lib/amd64/jli/libjli.so
7f6d74c4c000-7f6d74e4b000 ---p 00004000 08:01 7604726                    /usr/lib64/jvm/java-1.6.0-openjdk-1.6.0/jre/lib/amd64/jli/libjli.so
7f6d74e4b000-7f6d74e4c000 r--p 00003000 08:01 7604726                    /usr/lib64/jvm/java-1.6.0-openjdk-1.6.0/jre/lib/amd64/jli/libjli.so
7f6d74e4c000-7f6d74e4d000 rw-p 00004000 08:01 7604726                    /usr/lib64/jvm/java-1.6.0-openjdk-1.6.0/jre/lib/amd64/jli/libjli.so
7f6d74e4d000-7f6d74e64000 r-xp 00000000 08:01 6029514                    /lib64/libpthread-2.11.3.so
7f6d74e64000-7f6d75064000 ---p 00017000 08:01 6029514                    /lib64/libpthread-2.11.3.so
7f6d75064000-7f6d75065000 r--p 00017000 08:01 6029514                    /lib64/libpthread-2.11.3.so
7f6d75065000-7f6d75066000 rw-p 00018000 08:01 6029514                    /lib64/libpthread-2.11.3.so
7f6d75066000-7f6d7506a000 rw-p 00000000 00:00 0 
7f6d7506a000-7f6d75088000 r-xp 00000000 08:01 6029348                    /lib64/ld-2.11.3.so
7f6d7509d000-7f6d750a7000 rw-p 00000000 00:00 0 
7f6d750a7000-7f6d7515d000 rw-p 00000000 00:00 0 
7f6d7515d000-7f6d75160000 ---p 00000000 00:00 0 
7f6d75160000-7f6d75263000 rw-p 00000000 00:00 0 
7f6d7527c000-7f6d75284000 rw-s 00000000 08:01 22151564                   /tmp/hsperfdata_runhui/12088
7f6d75284000-7f6d75285000 rw-p 00000000 00:00 0 
7f6d75285000-7f6d75286000 r--p 00000000 00:00 0 
7f6d75286000-7f6d75287000 rw-p 00000000 00:00 0 
7f6d75287000-7f6d75288000 r--p 0001d000 08:01 6029348                    /lib64/ld-2.11.3.so
7f6d75288000-7f6d75289000 rw-p 0001e000 08:01 6029348                    /lib64/ld-2.11.3.so
7f6d75289000-7f6d7528a000 rw-p 00000000 00:00 0 
7fffe1c94000-7fffe1cb5000 rw-p 00000000 00:00 0                          [stack]
7fffe1d8e000-7fffe1d8f000 r-xp 00000000 00:00 0                          [vdso]
ffffffffff600000-ffffffffff601000 r-xp 00000000 00:00 0                  [vsyscall]

VM Arguments:
jvm_args: -Djava.library.path=/home/runhui/ananas/java/src/com/yahoo/ycsb/db/ 
java_command: com.yahoo.ycsb.db.JAnanas
Launcher Type: SUN_STANDARD

Environment Variables:
JAVA_HOME=/usr/lib64/jvm/java
JRE_HOME=/usr/lib64/jvm/jre
PATH=/usr/lib64/mpi/gcc/openmpi/bin:/home/runhui/bin:/usr/local/bin:/usr/bin:/bin:/usr/bin/X11:/usr/X11R6/bin:/usr/games
LD_LIBRARY_PATH=/usr/lib64/jvm/java-1.6.0-openjdk-1.6.0/jre/lib/amd64/server:/usr/lib64/jvm/java-1.6.0-openjdk-1.6.0/jre/lib/amd64:/usr/lib64/jvm/java-1.6.0-openjdk-1.6.0/jre/../lib/amd64:/home/runhui/ananas/lib/.libs:/home/runhui/ananas/java/src/com/yahoo/ycsb/db:/usr/lib64/mpi/gcc/openmpi/lib64
SHELL=/bin/bash
DISPLAY=localhost:12.0
HOSTTYPE=x86_64
OSTYPE=linux
MACHTYPE=x86_64-suse-linux

Signal Handlers:
SIGSEGV: [libjvm.so+0x7dbbe0], sa_mask[0]=0x7ffbfeff, sa_flags=0x10000004
SIGBUS: [libjvm.so+0x7dbbe0], sa_mask[0]=0x7ffbfeff, sa_flags=0x10000004
SIGFPE: [libjvm.so+0x68be50], sa_mask[0]=0x7ffbfeff, sa_flags=0x10000004
SIGPIPE: [libjvm.so+0x68be50], sa_mask[0]=0x7ffbfeff, sa_flags=0x10000004
SIGXFSZ: [libjvm.so+0x68be50], sa_mask[0]=0x7ffbfeff, sa_flags=0x10000004
SIGILL: [libjvm.so+0x68be50], sa_mask[0]=0x7ffbfeff, sa_flags=0x10000004
SIGUSR1: SIG_DFL, sa_mask[0]=0x00000000, sa_flags=0x00000000
SIGUSR2: [libjvm.so+0x68c070], sa_mask[0]=0x00000000, sa_flags=0x10000004
SIGHUP: [libjvm.so+0x68ea80], sa_mask[0]=0x7ffbfeff, sa_flags=0x10000004
SIGINT: [libjvm.so+0x68ea80], sa_mask[0]=0x7ffbfeff, sa_flags=0x10000004
SIGTERM: [libjvm.so+0x68ea80], sa_mask[0]=0x7ffbfeff, sa_flags=0x10000004
SIGQUIT: [libjvm.so+0x68ea80], sa_mask[0]=0x7ffbfeff, sa_flags=0x10000004


---------------  S Y S T E M  ---------------

OS:openSUSE 11.4 (x86_64)
VERSION = 11.4
CODENAME = Celadon

uname:Linux 3.0.101-99-default #1 SMP Mon Feb 2 17:54:26 UTC 2015 (96d4595) x86_64
libc:glibc 2.11.3 NPTL 2.11.3 
rlimit: STACK 8192k, CORE 0k, NPROC 257693, NOFILE 8192, AS 28075280k
load average:0.20 0.23 0.18

/proc/meminfo:
MemTotal:       32997976 kB
MemFree:        26920524 kB
Buffers:         1251048 kB
Cached:          1776048 kB
SwapCached:            0 kB
Active:          4078372 kB
Inactive:        1198592 kB
Active(anon):    2248440 kB
Inactive(anon):     1596 kB
Active(file):    1829932 kB
Inactive(file):  1196996 kB
Unevictable:           0 kB
Mlocked:               0 kB
SwapTotal:       2096124 kB
SwapFree:        2096124 kB
Dirty:               112 kB
Writeback:             0 kB
AnonPages:       2243632 kB
Mapped:            61720 kB
Shmem:               172 kB
Slab:             432156 kB
SReclaimable:     384636 kB
SUnreclaim:        47520 kB
KernelStack:        3504 kB
PageTables:        10500 kB
NFS_Unstable:          0 kB
Bounce:                0 kB
WritebackTmp:          0 kB
CommitLimit:    18595112 kB
Committed_AS:    4776904 kB
VmallocTotal:   34359738367 kB
VmallocUsed:      340520 kB
VmallocChunk:   34342618724 kB
HardwareCorrupted:     0 kB
AnonHugePages:   2091008 kB
HugePages_Total:       0
HugePages_Free:        0
HugePages_Rsvd:        0
HugePages_Surp:        0
Hugepagesize:       2048 kB
DirectMap4k:       91620 kB
DirectMap2M:     3041280 kB
DirectMap1G:    30408704 kB


CPU:total 16 (4 cores per cpu, 2 threads per core) family 6 model 44 stepping 2, cmov, cx8, fxsr, mmx, sse, sse2, sse3, ssse3, sse4.1, sse4.2, popcnt, ht

Memory: 4k page, physical 32997976k(26920524k free), swap 2096124k(2096124k free)

vm_info: OpenJDK 64-Bit Server VM (20.0-b12) for linux-amd64 JRE (1.6.0_27-b27), built on Dec  7 2013 20:38:31 by "abuild" with gcc 4.5.1 20101208 [gcc-4_5-branch revision 167585]

time: Tue Oct 20 19:51:53 2015
elapsed time: 0 seconds

