#
# A fatal error has been detected by the Java Runtime Environment:
#
#  SIGSEGV (0xb) at pc=0x00007f656c6dfda0, pid=13059, tid=140073752995584
#
# JRE version: 6.0_27-b27
# Java VM: OpenJDK 64-Bit Server VM (20.0-b12 mixed mode linux-amd64 compressed oops)
# Derivative: IcedTea6 1.12.7
# Distribution: Dummy Product (x86_64), package suse-45.1-x86_64
# Problematic frame:
# C  [libkvf.so.0+0xda0]  _kvf_find_impl+0x30
#
# If you would like to submit a bug report, please include
# instructions how to reproduce the bug and visit:
#   http://icedtea.classpath.org/bugzilla
# The crash happened outside the Java Virtual Machine in native code.
# See problematic frame for where to report the bug.
#

---------------  T H R E A D  ---------------

Current thread (0x0000000000612000):  JavaThread "main" [_thread_in_native, id=13060, stack(0x00007f65763a2000,0x00007f65764a3000)]

siginfo:si_signo=SIGSEGV: si_errno=0, si_code=1 (SEGV_MAPERR), si_addr=0xffffffffffffffe8

Registers:
RAX=0x00007f65764a18f0, RBX=0x0000000000000000, RCX=0x0000000000000000, RDX=0x00007f65764a18f0
RSP=0x00007f65764a1800, RBP=0x00007f65764a1870, RSI=0x00007f65764a18e0, RDI=0x00007f65764a18f0
R8 =0xc300007f6570b27f, R9 =0x0000000000000000, R10=0x00007f65764a15e0, R11=0x00007f656c6e02e0
R12=0x0000000000000000, R13=0x00007f656c8e1040, R14=0x00007f65764a18f0, R15=0x0000000000612000
RIP=0x00007f656c6dfda0, EFLAGS=0x0000000000010287, CSGSFS=0x0000000000000033, ERR=0x0000000000000005
  TRAPNO=0x000000000000000e

Top of Stack: (sp=0x00007f65764a1800)
0x00007f65764a1800:   00000005fe2d3dc0 00007f65764a1870
0x00007f65764a1810:   0000000000000000 00000005fe2d3dc0
0x00007f65764a1820:   00007f65764a18f0 00007f656c8e3349
0x00007f65764a1830:   00007f6570b1edd0 00007f65764a18f0
0x00007f65764a1840:   00007f65764a18e0 00000000006121d0
0x00007f65764a1850:   00007f65764a18f0 0000000000612000
0x00007f65764a1860:   0000000000000000 0000000000000000
0x00007f65764a1870:   00007f65764a18d0 00007f6570b2ad68
0x00007f65764a1880:   0000000000612f78 0000000000612f80
0x00007f65764a1890:   00007f65764a1890 00000005fe2d3dc0
0x00007f65764a18a0:   00007f65764a18f0 00000005fe2d4b48
0x00007f65764a18b0:   0000000000000000 00000005fe2d3dc0
0x00007f65764a18c0:   0000000000000000 00007f65764a18f0
0x00007f65764a18d0:   00007f65764a1940 00007f6570b1f929
0x00007f65764a18e0:   00000005fe2d4aa8 00007f6570b27f57
0x00007f65764a18f0:   00000005fe2d4f90 0000000758238a10
0x00007f65764a1900:   00007f65764a1900 00000005fe2d37cb
0x00007f65764a1910:   00007f65764a1958 00000005fe2d4b48
0x00007f65764a1920:   0000000000000000 00000005fe2d37e0
0x00007f65764a1930:   00007f65764a18f0 00007f65764a1950
0x00007f65764a1940:   00007f65764a19a8 00007f6570b1f85a
0x00007f65764a1950:   00000005fe2d4f90 0000000758238a10
0x00007f65764a1960:   0000000758238a10 00007f65764a1968
0x00007f65764a1970:   00000005fe2d4566 00007f65764a1a08
0x00007f65764a1980:   00000005fe2d4b48 0000000000000000
0x00007f65764a1990:   00000005fe2d46a8 00007f65764a1950
0x00007f65764a19a0:   00007f65764a1a08 00007f65764a1a70
0x00007f65764a19b0:   00007f6570b1a438 0000000000000000
0x00007f65764a19c0:   0000000000000000 0000000000000000
0x00007f65764a19d0:   0000000000000000 0000000000000000
0x00007f65764a19e0:   0000000000000000 0000000000000000
0x00007f65764a19f0:   0000000000000000 0000000000000000 

Instructions: (pc=0x00007f656c6dfda0)
0x00007f656c6dfd80:   45 31 e4 55 53 48 8b 1d b4 12 20 00 4c 39 eb 75
0x00007f656c6dfd90:   0f eb 2f 0f 1f 44 00 00 48 8b 1b 4c 39 eb 74 30
0x00007f656c6dfda0:   48 8b 6b e8 4c 8d 63 e0 48 89 ef e8 c8 fe ff ff
0x00007f656c6dfdb0:   4c 89 f6 48 89 c2 48 89 ef e8 9a fe ff ff 85 c0 

Register to memory mapping:

RAX=0x00007f65764a18f0 is pointing into the stack for thread: 0x0000000000612000
RBX=0x0000000000000000 is an unknown value
RCX=0x0000000000000000 is an unknown value
RDX=0x00007f65764a18f0 is pointing into the stack for thread: 0x0000000000612000
RSP=0x00007f65764a1800 is pointing into the stack for thread: 0x0000000000612000
RBP=0x00007f65764a1870 is pointing into the stack for thread: 0x0000000000612000
RSI=0x00007f65764a18e0 is pointing into the stack for thread: 0x0000000000612000
RDI=0x00007f65764a18f0 is pointing into the stack for thread: 0x0000000000612000
R8 =0xc300007f6570b27f is an unknown value
R9 =0x0000000000000000 is an unknown value
R10=0x00007f65764a15e0 is pointing into the stack for thread: 0x0000000000612000
R11=0x00007f656c6e02e0: get_kvf+0 in /home/runhui/ananas/lib/.libs/libkvf.so.0 at 0x00007f656c6df000
R12=0x0000000000000000 is an unknown value
R13=0x00007f656c8e1040: <offset 0x202040> in /home/runhui/ananas/lib/.libs/libkvf.so.0 at 0x00007f656c6df000
R14=0x00007f65764a18f0 is pointing into the stack for thread: 0x0000000000612000
R15=0x0000000000612000 is a thread


Stack: [0x00007f65763a2000,0x00007f65764a3000],  sp=0x00007f65764a1800,  free space=1022k
Native frames: (J=compiled Java code, j=interpreted, Vv=VM code, C=native code)
C  [libkvf.so.0+0xda0]  _kvf_find_impl+0x30
j  com.yahoo.ycsb.db.JAnanas.connect(Ljava/lang/String;)J+0
j  com.yahoo.ycsb.db.JAnanas.<init>(Ljava/lang/String;)V+11
j  com.yahoo.ycsb.db.JAnanas.main([Ljava/lang/String;)V+6
v  ~StubRoutines::call_stub
V  [libjvm.so+0x4cead8]  JavaCalls::call_helper(JavaValue*, methodHandle*, JavaCallArguments*, Thread*)+0x2b8
V  [libjvm.so+0x4cdf48]  JavaCalls::call(JavaValue*, methodHandle, JavaCallArguments*, Thread*)+0x28
V  [libjvm.so+0x4dab23]  _ZL17jni_invoke_staticP7JNIEnv_P9JavaValueP8_jobject11JNICallTypeP10_jmethodIDP18JNI_ArgumentPusherP6Thread.clone.53+0x1e3
V  [libjvm.so+0x4ec03d]  jni_CallStaticVoidMethod+0x16d
C  [java+0x2e7d]  JavaMain+0xddd

Java frames: (J=compiled Java code, j=interpreted, Vv=VM code)
j  com.yahoo.ycsb.db.JAnanas.connect(Ljava/lang/String;)J+0
j  com.yahoo.ycsb.db.JAnanas.<init>(Ljava/lang/String;)V+11
j  com.yahoo.ycsb.db.JAnanas.main([Ljava/lang/String;)V+6
v  ~StubRoutines::call_stub

---------------  P R O C E S S  ---------------

Java Threads: ( => current thread )
  0x00007f6568088000 JavaThread "Low Memory Detector" daemon [_thread_blocked, id=13081, stack(0x00007f656cbe7000,0x00007f656cce8000)]
  0x00007f6568085800 JavaThread "C2 CompilerThread1" daemon [_thread_blocked, id=13080, stack(0x00007f656cce8000,0x00007f656cde9000)]
  0x00007f6568082800 JavaThread "C2 CompilerThread0" daemon [_thread_blocked, id=13079, stack(0x00007f656cde9000,0x00007f656ceea000)]
  0x00007f6568081000 JavaThread "Signal Dispatcher" daemon [_thread_blocked, id=13078, stack(0x00007f656ceea000,0x00007f656cfeb000)]
  0x00007f6568060000 JavaThread "Finalizer" daemon [_thread_blocked, id=13077, stack(0x00007f656d02a000,0x00007f656d12b000)]
  0x00007f656805e000 JavaThread "Reference Handler" daemon [_thread_blocked, id=13076, stack(0x00007f656d12b000,0x00007f656d22c000)]
=>0x0000000000612000 JavaThread "main" [_thread_in_native, id=13060, stack(0x00007f65763a2000,0x00007f65764a3000)]

Other Threads:
  0x00007f6568059000 VMThread [stack: 0x00007f656d22c000,0x00007f656d32d000] [id=13075]
  0x00007f656808a800 WatcherThread [stack: 0x00007f656cae6000,0x00007f656cbe7000] [id=13082]

VM state:not at safepoint (normal execution)

VM Mutex/Monitor currently owned by a thread: None

Heap
 PSYoungGen      total 150400K, used 2579K [0x0000000758200000, 0x00000007629d0000, 0x0000000800000000)
  eden space 128960K, 2% used [0x0000000758200000,0x0000000758484cd8,0x000000075fff0000)
  from space 21440K, 0% used [0x00000007614e0000,0x00000007614e0000,0x00000007629d0000)
  to   space 21440K, 0% used [0x000000075fff0000,0x000000075fff0000,0x00000007614e0000)
 PSOldGen        total 343808K, used 0K [0x0000000608600000, 0x000000061d5c0000, 0x0000000758200000)
  object space 343808K, 0% used [0x0000000608600000,0x0000000608600000,0x000000061d5c0000)
 PSPermGen       total 21248K, used 2899K [0x00000005fe000000, 0x00000005ff4c0000, 0x0000000608600000)
  object space 21248K, 13% used [0x00000005fe000000,0x00000005fe2d4fd0,0x00000005ff4c0000)

Code Cache  [0x00007f6570b1a000, 0x00007f6570d8a000, 0x00007f6573b1a000)
 total_blobs=155 nmethods=0 adapters=123 free_code_cache=49951040 largest_free_block=0

Dynamic libraries:
00400000-00409000 r-xp 00000000 08:01 7607131                            /usr/lib64/jvm/java-1.6.0-openjdk-1.6.0/jre/bin/java
00608000-00609000 r--p 00008000 08:01 7607131                            /usr/lib64/jvm/java-1.6.0-openjdk-1.6.0/jre/bin/java
00609000-0060a000 rw-p 00009000 08:01 7607131                            /usr/lib64/jvm/java-1.6.0-openjdk-1.6.0/jre/bin/java
0060a000-0064c000 rw-p 00000000 00:00 0                                  [heap]
5fe000000-5ff4c0000 rw-p 00000000 00:00 0 
5ff4c0000-608600000 rw-p 00000000 00:00 0 
608600000-61d5c0000 rw-p 00000000 00:00 0 
61d5c0000-758200000 rw-p 00000000 00:00 0 
758200000-7629d0000 rw-p 00000000 00:00 0 
7629d0000-800000000 rw-p 00000000 00:00 0 
7f6568000000-7f65680c6000 rw-p 00000000 00:00 0 
7f65680c6000-7f656c000000 ---p 00000000 00:00 0 
7f656c6df000-7f656c6e1000 r-xp 00000000 08:06 28839487                   /home/runhui/ananas/lib/.libs/libkvf.so.0.0.0
7f656c6e1000-7f656c8e0000 ---p 00002000 08:06 28839487                   /home/runhui/ananas/lib/.libs/libkvf.so.0.0.0
7f656c8e0000-7f656c8e1000 r--p 00001000 08:06 28839487                   /home/runhui/ananas/lib/.libs/libkvf.so.0.0.0
7f656c8e1000-7f656c8e2000 rw-p 00002000 08:06 28839487                   /home/runhui/ananas/lib/.libs/libkvf.so.0.0.0
7f656c8e2000-7f656c8e4000 r-xp 00000000 08:06 28839466                   /home/runhui/ananas/java/src/com/yahoo/ycsb/db/libcom_yahoo_ycsb_db_JAnanas.so
7f656c8e4000-7f656cae4000 ---p 00002000 08:06 28839466                   /home/runhui/ananas/java/src/com/yahoo/ycsb/db/libcom_yahoo_ycsb_db_JAnanas.so
7f656cae4000-7f656cae5000 r--p 00002000 08:06 28839466                   /home/runhui/ananas/java/src/com/yahoo/ycsb/db/libcom_yahoo_ycsb_db_JAnanas.so
7f656cae5000-7f656cae6000 rw-p 00003000 08:06 28839466                   /home/runhui/ananas/java/src/com/yahoo/ycsb/db/libcom_yahoo_ycsb_db_JAnanas.so
7f656cae6000-7f656cae7000 ---p 00000000 00:00 0 
7f656cae7000-7f656cbe7000 rw-p 00000000 00:00 0 
7f656cbe7000-7f656cbea000 ---p 00000000 00:00 0 
7f656cbea000-7f656cce8000 rw-p 00000000 00:00 0 
7f656cce8000-7f656cceb000 ---p 00000000 00:00 0 
7f656cceb000-7f656cde9000 rw-p 00000000 00:00 0 
7f656cde9000-7f656cdec000 ---p 00000000 00:00 0 
7f656cdec000-7f656ceea000 rw-p 00000000 00:00 0 
7f656ceea000-7f656ceed000 ---p 00000000 00:00 0 
7f656ceed000-7f656cfeb000 rw-p 00000000 00:00 0 
7f656cfeb000-7f656d02a000 r--p 00000000 08:01 6294262                    /usr/lib/locale/en_US.utf8/LC_CTYPE
7f656d02a000-7f656d02d000 ---p 00000000 00:00 0 
7f656d02d000-7f656d12b000 rw-p 00000000 00:00 0 
7f656d12b000-7f656d12e000 ---p 00000000 00:00 0 
7f656d12e000-7f656d22c000 rw-p 00000000 00:00 0 
7f656d22c000-7f656d22d000 ---p 00000000 00:00 0 
7f656d22d000-7f656e16e000 rw-p 00000000 00:00 0 
7f656e16e000-7f656e303000 r--s 03849000 08:01 7604847                    /usr/lib64/jvm/java-1.6.0-openjdk-1.6.0/jre/lib/rt.jar
7f656e303000-7f656e32b000 rw-p 00000000 00:00 0 
7f656e32b000-7f656e32c000 ---p 00000000 00:00 0 
7f656e32c000-7f656e42c000 rw-p 00000000 00:00 0 
7f656e42c000-7f656e42d000 ---p 00000000 00:00 0 
7f656e42d000-7f656e52d000 rw-p 00000000 00:00 0 
7f656e52d000-7f656e52e000 ---p 00000000 00:00 0 
7f656e52e000-7f656e62e000 rw-p 00000000 00:00 0 
7f656e62e000-7f656e62f000 ---p 00000000 00:00 0 
7f656e62f000-7f656e72f000 rw-p 00000000 00:00 0 
7f656e72f000-7f656e730000 ---p 00000000 00:00 0 
7f656e730000-7f656e830000 rw-p 00000000 00:00 0 
7f656e830000-7f656e831000 ---p 00000000 00:00 0 
7f656e831000-7f656e931000 rw-p 00000000 00:00 0 
7f656e931000-7f656e932000 ---p 00000000 00:00 0 
7f656e932000-7f656ea32000 rw-p 00000000 00:00 0 
7f656ea32000-7f656ea33000 ---p 00000000 00:00 0 
7f656ea33000-7f656eb33000 rw-p 00000000 00:00 0 
7f656eb33000-7f656eb34000 ---p 00000000 00:00 0 
7f656eb34000-7f656ec34000 rw-p 00000000 00:00 0 
7f656ec34000-7f656ec35000 ---p 00000000 00:00 0 
7f656ec35000-7f656ed35000 rw-p 00000000 00:00 0 
7f656ed35000-7f656ed36000 ---p 00000000 00:00 0 
7f656ed36000-7f656ee36000 rw-p 00000000 00:00 0 
7f656ee36000-7f656ee37000 ---p 00000000 00:00 0 
7f656ee37000-7f656ef37000 rw-p 00000000 00:00 0 
7f656ef37000-7f656ef38000 ---p 00000000 00:00 0 
7f656ef38000-7f656f043000 rw-p 00000000 00:00 0 
7f656f043000-7f656f08b000 rw-p 00000000 00:00 0 
7f656f08b000-7f656f133000 rw-p 00000000 00:00 0 
7f656f133000-7f656fb09000 rw-p 00000000 00:00 0 
7f656fb09000-7f656fb14000 rw-p 00000000 00:00 0 
7f656fb14000-7f656fb5c000 rw-p 00000000 00:00 0 
7f656fb5c000-7f656fc04000 rw-p 00000000 00:00 0 
7f656fc04000-7f65705da000 rw-p 00000000 00:00 0 
7f65705da000-7f657062e000 rw-p 00000000 00:00 0 
7f657062e000-7f6570b19000 rw-p 00000000 00:00 0 
7f6570b19000-7f6570b1a000 rw-p 00000000 00:00 0 
7f6570b1a000-7f6570d8a000 rwxp 00000000 00:00 0 
7f6570d8a000-7f6573b1a000 rw-p 00000000 00:00 0 
7f6573b1a000-7f6573b21000 r-xp 00000000 08:01 7604764                    /usr/lib64/jvm/java-1.6.0-openjdk-1.6.0/jre/lib/amd64/libzip.so
7f6573b21000-7f6573d20000 ---p 00007000 08:01 7604764                    /usr/lib64/jvm/java-1.6.0-openjdk-1.6.0/jre/lib/amd64/libzip.so
7f6573d20000-7f6573d21000 r--p 00006000 08:01 7604764                    /usr/lib64/jvm/java-1.6.0-openjdk-1.6.0/jre/lib/amd64/libzip.so
7f6573d21000-7f6573d22000 rw-p 00007000 08:01 7604764                    /usr/lib64/jvm/java-1.6.0-openjdk-1.6.0/jre/lib/amd64/libzip.so
7f6573d22000-7f6573d50000 r-xp 00000000 08:01 7604744                    /usr/lib64/jvm/java-1.6.0-openjdk-1.6.0/jre/lib/amd64/libjava.so
7f6573d50000-7f6573f4f000 ---p 0002e000 08:01 7604744                    /usr/lib64/jvm/java-1.6.0-openjdk-1.6.0/jre/lib/amd64/libjava.so
7f6573f4f000-7f6573f50000 r--p 0002d000 08:01 7604744                    /usr/lib64/jvm/java-1.6.0-openjdk-1.6.0/jre/lib/amd64/libjava.so
7f6573f50000-7f6573f53000 rw-p 0002e000 08:01 7604744                    /usr/lib64/jvm/java-1.6.0-openjdk-1.6.0/jre/lib/amd64/libjava.so
7f6573f53000-7f6573f54000 rw-p 00000000 00:00 0 
7f6573f54000-7f6573f62000 r-xp 00000000 08:01 7604763                    /usr/lib64/jvm/java-1.6.0-openjdk-1.6.0/jre/lib/amd64/libverify.so
7f6573f62000-7f6574161000 ---p 0000e000 08:01 7604763                    /usr/lib64/jvm/java-1.6.0-openjdk-1.6.0/jre/lib/amd64/libverify.so
7f6574161000-7f6574163000 r--p 0000d000 08:01 7604763                    /usr/lib64/jvm/java-1.6.0-openjdk-1.6.0/jre/lib/amd64/libverify.so
7f6574163000-7f6574164000 rw-p 0000f000 08:01 7604763                    /usr/lib64/jvm/java-1.6.0-openjdk-1.6.0/jre/lib/amd64/libverify.so
7f6574164000-7f657416c000 r-xp 00000000 08:01 6029526                    /lib64/librt-2.11.3.so
7f657416c000-7f657436b000 ---p 00008000 08:01 6029526                    /lib64/librt-2.11.3.so
7f657436b000-7f657436c000 r--p 00007000 08:01 6029526                    /lib64/librt-2.11.3.so
7f657436c000-7f657436d000 rw-p 00008000 08:01 6029526                    /lib64/librt-2.11.3.so
7f657436d000-7f6574382000 r-xp 00000000 08:01 6029453                    /lib64/libgcc_s.so.1
7f6574382000-7f6574581000 ---p 00015000 08:01 6029453                    /lib64/libgcc_s.so.1
7f6574581000-7f6574582000 r--p 00014000 08:01 6029453                    /lib64/libgcc_s.so.1
7f6574582000-7f6574583000 rw-p 00015000 08:01 6029453                    /lib64/libgcc_s.so.1
7f6574583000-7f65745d9000 r-xp 00000000 08:01 6029450                    /lib64/libm-2.11.3.so
7f65745d9000-7f65747d8000 ---p 00056000 08:01 6029450                    /lib64/libm-2.11.3.so
7f65747d8000-7f65747d9000 r--p 00055000 08:01 6029450                    /lib64/libm-2.11.3.so
7f65747d9000-7f65747da000 rw-p 00056000 08:01 6029450                    /lib64/libm-2.11.3.so
7f65747da000-7f65748c5000 r-xp 00000000 08:01 6163108                    /usr/lib64/libstdc++.so.6.0.14
7f65748c5000-7f6574ac4000 ---p 000eb000 08:01 6163108                    /usr/lib64/libstdc++.so.6.0.14
7f6574ac4000-7f6574acc000 r--p 000ea000 08:01 6163108                    /usr/lib64/libstdc++.so.6.0.14
7f6574acc000-7f6574ace000 rw-p 000f2000 08:01 6163108                    /usr/lib64/libstdc++.so.6.0.14
7f6574ace000-7f6574ae3000 rw-p 00000000 00:00 0 
7f6574ae3000-7f6575440000 r-xp 00000000 08:01 7610206                    /usr/lib64/jvm/java-1.6.0-openjdk-1.6.0/jre/lib/amd64/server/libjvm.so
7f6575440000-7f657563f000 ---p 0095d000 08:01 7610206                    /usr/lib64/jvm/java-1.6.0-openjdk-1.6.0/jre/lib/amd64/server/libjvm.so
7f657563f000-7f65756c0000 r--p 0095c000 08:01 7610206                    /usr/lib64/jvm/java-1.6.0-openjdk-1.6.0/jre/lib/amd64/server/libjvm.so
7f65756c0000-7f65756db000 rw-p 009dd000 08:01 7610206                    /usr/lib64/jvm/java-1.6.0-openjdk-1.6.0/jre/lib/amd64/server/libjvm.so
7f65756db000-7f6575704000 rw-p 00000000 00:00 0 
7f6575704000-7f657571a000 r-xp 00000000 08:01 6029318                    /lib64/libz.so.1.2.5
7f657571a000-7f657591a000 ---p 00016000 08:01 6029318                    /lib64/libz.so.1.2.5
7f657591a000-7f657591b000 r--p 00016000 08:01 6029318                    /lib64/libz.so.1.2.5
7f657591b000-7f657591c000 rw-p 00017000 08:01 6029318                    /lib64/libz.so.1.2.5
7f657591c000-7f6575a80000 r-xp 00000000 08:01 6029425                    /lib64/libc-2.11.3.so
7f6575a80000-7f6575c7f000 ---p 00164000 08:01 6029425                    /lib64/libc-2.11.3.so
7f6575c7f000-7f6575c83000 r--p 00163000 08:01 6029425                    /lib64/libc-2.11.3.so
7f6575c83000-7f6575c84000 rw-p 00167000 08:01 6029425                    /lib64/libc-2.11.3.so
7f6575c84000-7f6575c89000 rw-p 00000000 00:00 0 
7f6575c89000-7f6575c8b000 r-xp 00000000 08:01 6029446                    /lib64/libdl-2.11.3.so
7f6575c8b000-7f6575e8b000 ---p 00002000 08:01 6029446                    /lib64/libdl-2.11.3.so
7f6575e8b000-7f6575e8c000 r--p 00002000 08:01 6029446                    /lib64/libdl-2.11.3.so
7f6575e8c000-7f6575e8d000 rw-p 00003000 08:01 6029446                    /lib64/libdl-2.11.3.so
7f6575e8d000-7f6575e91000 r-xp 00000000 08:01 7604726                    /usr/lib64/jvm/java-1.6.0-openjdk-1.6.0/jre/lib/amd64/jli/libjli.so
7f6575e91000-7f6576090000 ---p 00004000 08:01 7604726                    /usr/lib64/jvm/java-1.6.0-openjdk-1.6.0/jre/lib/amd64/jli/libjli.so
7f6576090000-7f6576091000 r--p 00003000 08:01 7604726                    /usr/lib64/jvm/java-1.6.0-openjdk-1.6.0/jre/lib/amd64/jli/libjli.so
7f6576091000-7f6576092000 rw-p 00004000 08:01 7604726                    /usr/lib64/jvm/java-1.6.0-openjdk-1.6.0/jre/lib/amd64/jli/libjli.so
7f6576092000-7f65760a9000 r-xp 00000000 08:01 6029514                    /lib64/libpthread-2.11.3.so
7f65760a9000-7f65762a9000 ---p 00017000 08:01 6029514                    /lib64/libpthread-2.11.3.so
7f65762a9000-7f65762aa000 r--p 00017000 08:01 6029514                    /lib64/libpthread-2.11.3.so
7f65762aa000-7f65762ab000 rw-p 00018000 08:01 6029514                    /lib64/libpthread-2.11.3.so
7f65762ab000-7f65762af000 rw-p 00000000 00:00 0 
7f65762af000-7f65762cd000 r-xp 00000000 08:01 6029348                    /lib64/ld-2.11.3.so
7f65762e2000-7f65762ec000 rw-p 00000000 00:00 0 
7f65762ec000-7f65763a2000 rw-p 00000000 00:00 0 
7f65763a2000-7f65763a5000 ---p 00000000 00:00 0 
7f65763a5000-7f65764a8000 rw-p 00000000 00:00 0 
7f65764ae000-7f65764b7000 r--s 00065000 08:01 7604786                    /usr/lib64/jvm/java-1.6.0-openjdk-1.6.0/jre/lib/ext/gnome-java-bridge.jar
7f65764b7000-7f65764ba000 r--s 0000f000 08:01 7604790                    /usr/lib64/jvm/java-1.6.0-openjdk-1.6.0/jre/lib/ext/pulse-java.jar
7f65764ba000-7f65764c1000 r--s 00000000 08:01 6165667                    /usr/lib64/gconv/gconv-modules.cache
7f65764c1000-7f65764c9000 rw-s 00000000 08:01 22151564                   /tmp/hsperfdata_runhui/13059
7f65764c9000-7f65764ca000 rw-p 00000000 00:00 0 
7f65764ca000-7f65764cb000 r--p 00000000 00:00 0 
7f65764cb000-7f65764cc000 rw-p 00000000 00:00 0 
7f65764cc000-7f65764cd000 r--p 0001d000 08:01 6029348                    /lib64/ld-2.11.3.so
7f65764cd000-7f65764ce000 rw-p 0001e000 08:01 6029348                    /lib64/ld-2.11.3.so
7f65764ce000-7f65764cf000 rw-p 00000000 00:00 0 
7fff7ebc2000-7fff7ebe3000 rw-p 00000000 00:00 0                          [stack]
7fff7ebf1000-7fff7ebf2000 r-xp 00000000 00:00 0                          [vdso]
ffffffffff600000-ffffffffff601000 r-xp 00000000 00:00 0                  [vsyscall]

VM Arguments:
jvm_args: -Djava.library.path=/home/runhui/ananas/java/src/com/yahoo/ycsb/db/ 
java_command: com.yahoo.ycsb.db.JAnanas
Launcher Type: SUN_STANDARD

Environment Variables:
JAVA_HOME=/usr/lib64/jvm/java
JRE_HOME=/usr/lib64/jvm/jre
PATH=/usr/lib64/mpi/gcc/openmpi/bin:/home/runhui/bin:/usr/local/bin:/usr/bin:/bin:/usr/bin/X11:/usr/X11R6/bin:/usr/games
LD_LIBRARY_PATH=/usr/lib64/jvm/java-1.6.0-openjdk-1.6.0/jre/lib/amd64/server:/usr/lib64/jvm/java-1.6.0-openjdk-1.6.0/jre/lib/amd64:/usr/lib64/jvm/java-1.6.0-openjdk-1.6.0/jre/../lib/amd64:/home/runhui/ananas/lib/.libs:/home/runhui/ananas/java/src/com/yahoo/ycsb/db:/usr/lib64/mpi/gcc/openmpi/lib64
SHELL=/bin/bash
HOSTTYPE=x86_64
OSTYPE=linux
MACHTYPE=x86_64-suse-linux

Signal Handlers:
SIGSEGV: [libjvm.so+0x7dbbe0], sa_mask[0]=0x7ffbfeff, sa_flags=0x10000004
SIGBUS: [libjvm.so+0x7dbbe0], sa_mask[0]=0x7ffbfeff, sa_flags=0x10000004
SIGFPE: [libjvm.so+0x68be50], sa_mask[0]=0x7ffbfeff, sa_flags=0x10000004
SIGPIPE: [libjvm.so+0x68be50], sa_mask[0]=0x7ffbfeff, sa_flags=0x10000004
SIGXFSZ: [libjvm.so+0x68be50], sa_mask[0]=0x7ffbfeff, sa_flags=0x10000004
SIGILL: [libjvm.so+0x68be50], sa_mask[0]=0x7ffbfeff, sa_flags=0x10000004
SIGUSR1: SIG_DFL, sa_mask[0]=0x00000000, sa_flags=0x00000000
SIGUSR2: [libjvm.so+0x68c070], sa_mask[0]=0x00000000, sa_flags=0x10000004
SIGHUP: [libjvm.so+0x68ea80], sa_mask[0]=0x7ffbfeff, sa_flags=0x10000004
SIGINT: [libjvm.so+0x68ea80], sa_mask[0]=0x7ffbfeff, sa_flags=0x10000004
SIGTERM: [libjvm.so+0x68ea80], sa_mask[0]=0x7ffbfeff, sa_flags=0x10000004
SIGQUIT: [libjvm.so+0x68ea80], sa_mask[0]=0x7ffbfeff, sa_flags=0x10000004


---------------  S Y S T E M  ---------------

OS:openSUSE 11.4 (x86_64)
VERSION = 11.4
CODENAME = Celadon

uname:Linux 3.0.101-99-default #1 SMP Mon Feb 2 17:54:26 UTC 2015 (96d4595) x86_64
libc:glibc 2.11.3 NPTL 2.11.3 
rlimit: STACK 8192k, CORE 0k, NPROC 257693, NOFILE 8192, AS 28075280k
load average:0.34 0.19 0.17

/proc/meminfo:
MemTotal:       32997976 kB
MemFree:        26603744 kB
Buffers:         1263248 kB
Cached:          2057600 kB
SwapCached:            0 kB
Active:          4342080 kB
Inactive:        1239708 kB
Active(anon):    2260532 kB
Inactive(anon):      568 kB
Active(file):    2081548 kB
Inactive(file):  1239140 kB
Unevictable:           0 kB
Mlocked:               0 kB
SwapTotal:       2096124 kB
SwapFree:        2096124 kB
Dirty:                32 kB
Writeback:             0 kB
AnonPages:       2254632 kB
Mapped:            59784 kB
Shmem:               168 kB
Slab:             444620 kB
SReclaimable:     397400 kB
SUnreclaim:        47220 kB
KernelStack:        3360 kB
PageTables:         9216 kB
NFS_Unstable:          0 kB
Bounce:                0 kB
WritebackTmp:          0 kB
CommitLimit:    18595112 kB
Committed_AS:    4675756 kB
VmallocTotal:   34359738367 kB
VmallocUsed:      340520 kB
VmallocChunk:   34342619404 kB
HardwareCorrupted:     0 kB
AnonHugePages:   2113536 kB
HugePages_Total:       0
HugePages_Free:        0
HugePages_Rsvd:        0
HugePages_Surp:        0
Hugepagesize:       2048 kB
DirectMap4k:       91620 kB
DirectMap2M:     3041280 kB
DirectMap1G:    30408704 kB


CPU:total 16 (4 cores per cpu, 2 threads per core) family 6 model 44 stepping 2, cmov, cx8, fxsr, mmx, sse, sse2, sse3, ssse3, sse4.1, sse4.2, popcnt, ht

Memory: 4k page, physical 32997976k(26603744k free), swap 2096124k(2096124k free)

vm_info: OpenJDK 64-Bit Server VM (20.0-b12) for linux-amd64 JRE (1.6.0_27-b27), built on Dec  7 2013 20:38:31 by "abuild" with gcc 4.5.1 20101208 [gcc-4_5-branch revision 167585]

time: Sat Oct 24 13:28:42 2015
elapsed time: 0 seconds

