#
# A fatal error has been detected by the Java Runtime Environment:
#
#  SIGSEGV (0xb) at pc=0x00007f56fa9dbda0, pid=12289, tid=140011781216000
#
# JRE version: 6.0_27-b27
# Java VM: OpenJDK 64-Bit Server VM (20.0-b12 mixed mode linux-amd64 compressed oops)
# Derivative: IcedTea6 1.12.7
# Distribution: Dummy Product (x86_64), package suse-45.1-x86_64
# Problematic frame:
# C  [libkvf.so.0+0xda0]  _kvf_find_impl+0x30
#
# If you would like to submit a bug report, please include
# instructions how to reproduce the bug and visit:
#   http://icedtea.classpath.org/bugzilla
# The crash happened outside the Java Virtual Machine in native code.
# See problematic frame for where to report the bug.
#

---------------  T H R E A D  ---------------

Current thread (0x0000000000612000):  JavaThread "main" [_thread_in_native, id=12290, stack(0x00007f57086bd000,0x00007f57087be000)]

siginfo:si_signo=SIGSEGV: si_errno=0, si_code=1 (SEGV_MAPERR), si_addr=0xffffffffffffffe8

Registers:
RAX=0x00007f57087bc8f0, RBX=0x0000000000000000, RCX=0x0000000000000000, RDX=0x00007f57087bc8f0
RSP=0x00007f57087bc800, RBP=0x00007f57087bc870, RSI=0x00007f57087bc8e0, RDI=0x00007f57087bc8f0
R8 =0xc300007f5702e42f, R9 =0x0000000000000000, R10=0x00007f57087bc5e0, R11=0x00007f56fa9dc290
R12=0x0000000000000000, R13=0x00007f56fabdd040, R14=0x00007f57087bc8f0, R15=0x0000000000612000
RIP=0x00007f56fa9dbda0, EFLAGS=0x0000000000010287, CSGSFS=0x0000000000000033, ERR=0x0000000000000005
  TRAPNO=0x000000000000000e

Top of Stack: (sp=0x00007f57087bc800)
0x00007f57087bc800:   00000005fe2d3dc0 00007f57087bc870
0x00007f57087bc810:   0000000000000000 00000005fe2d3dc0
0x00007f57087bc820:   00007f57087bc8f0 00007f56fabdf349
0x00007f57087bc830:   00007f5702e39dd0 00007f57087bc8f0
0x00007f57087bc840:   00007f57087bc8e0 00000000006121d0
0x00007f57087bc850:   00007f57087bc8f0 0000000000612000
0x00007f57087bc860:   0000000000000000 0000000000000000
0x00007f57087bc870:   00007f57087bc8d0 00007f5702e45d68
0x00007f57087bc880:   0000000000612f78 0000000000612f80
0x00007f57087bc890:   00007f57087bc890 00000005fe2d3dc0
0x00007f57087bc8a0:   00007f57087bc8f0 00000005fe2d4b48
0x00007f57087bc8b0:   0000000000000000 00000005fe2d3dc0
0x00007f57087bc8c0:   0000000000000000 00007f57087bc8f0
0x00007f57087bc8d0:   00007f57087bc940 00007f5702e3a929
0x00007f57087bc8e0:   00000005fe2d4aa8 00007f5702e42f57
0x00007f57087bc8f0:   00000005fe2d4f90 0000000758238a10
0x00007f57087bc900:   00007f57087bc900 00000005fe2d37cb
0x00007f57087bc910:   00007f57087bc958 00000005fe2d4b48
0x00007f57087bc920:   0000000000000000 00000005fe2d37e0
0x00007f57087bc930:   00007f57087bc8f0 00007f57087bc950
0x00007f57087bc940:   00007f57087bc9a8 00007f5702e3a85a
0x00007f57087bc950:   00000005fe2d4f90 0000000758238a10
0x00007f57087bc960:   0000000758238a10 00007f57087bc968
0x00007f57087bc970:   00000005fe2d4566 00007f57087bca08
0x00007f57087bc980:   00000005fe2d4b48 0000000000000000
0x00007f57087bc990:   00000005fe2d46a8 00007f57087bc950
0x00007f57087bc9a0:   00007f57087bca08 00007f57087bca70
0x00007f57087bc9b0:   00007f5702e35438 0000000000000000
0x00007f57087bc9c0:   0000000000000000 0000000000000000
0x00007f57087bc9d0:   0000000000000000 0000000000000000
0x00007f57087bc9e0:   0000000000000000 0000000000000000
0x00007f57087bc9f0:   0000000000000000 0000000000000000 

Instructions: (pc=0x00007f56fa9dbda0)
0x00007f56fa9dbd80:   45 31 e4 55 53 48 8b 1d b4 12 20 00 4c 39 eb 75
0x00007f56fa9dbd90:   0f eb 2f 0f 1f 44 00 00 48 8b 1b 4c 39 eb 74 30
0x00007f56fa9dbda0:   48 8b 6b e8 4c 8d 63 e0 48 89 ef e8 c8 fe ff ff
0x00007f56fa9dbdb0:   4c 89 f6 48 89 c2 48 89 ef e8 9a fe ff ff 85 c0 

Register to memory mapping:

RAX=0x00007f57087bc8f0 is pointing into the stack for thread: 0x0000000000612000
RBX=0x0000000000000000 is an unknown value
RCX=0x0000000000000000 is an unknown value
RDX=0x00007f57087bc8f0 is pointing into the stack for thread: 0x0000000000612000
RSP=0x00007f57087bc800 is pointing into the stack for thread: 0x0000000000612000
RBP=0x00007f57087bc870 is pointing into the stack for thread: 0x0000000000612000
RSI=0x00007f57087bc8e0 is pointing into the stack for thread: 0x0000000000612000
RDI=0x00007f57087bc8f0 is pointing into the stack for thread: 0x0000000000612000
R8 =0xc300007f5702e42f is an unknown value
R9 =0x0000000000000000 is an unknown value
R10=0x00007f57087bc5e0 is pointing into the stack for thread: 0x0000000000612000
R11=0x00007f56fa9dc290: get_kvf+0 in /home/runhui/ananas/lib/.libs/libkvf.so.0 at 0x00007f56fa9db000
R12=0x0000000000000000 is an unknown value
R13=0x00007f56fabdd040: <offset 0x202040> in /home/runhui/ananas/lib/.libs/libkvf.so.0 at 0x00007f56fa9db000
R14=0x00007f57087bc8f0 is pointing into the stack for thread: 0x0000000000612000
R15=0x0000000000612000 is a thread


Stack: [0x00007f57086bd000,0x00007f57087be000],  sp=0x00007f57087bc800,  free space=1022k
Native frames: (J=compiled Java code, j=interpreted, Vv=VM code, C=native code)
C  [libkvf.so.0+0xda0]  _kvf_find_impl+0x30
j  com.yahoo.ycsb.db.JAnanas.connect(Ljava/lang/String;)J+0
j  com.yahoo.ycsb.db.JAnanas.<init>(Ljava/lang/String;)V+11
j  com.yahoo.ycsb.db.JAnanas.main([Ljava/lang/String;)V+6
v  ~StubRoutines::call_stub
V  [libjvm.so+0x4cead8]  JavaCalls::call_helper(JavaValue*, methodHandle*, JavaCallArguments*, Thread*)+0x2b8
V  [libjvm.so+0x4cdf48]  JavaCalls::call(JavaValue*, methodHandle, JavaCallArguments*, Thread*)+0x28
V  [libjvm.so+0x4dab23]  _ZL17jni_invoke_staticP7JNIEnv_P9JavaValueP8_jobject11JNICallTypeP10_jmethodIDP18JNI_ArgumentPusherP6Thread.clone.53+0x1e3
V  [libjvm.so+0x4ec03d]  jni_CallStaticVoidMethod+0x16d
C  [java+0x2e7d]  JavaMain+0xddd

Java frames: (J=compiled Java code, j=interpreted, Vv=VM code)
j  com.yahoo.ycsb.db.JAnanas.connect(Ljava/lang/String;)J+0
j  com.yahoo.ycsb.db.JAnanas.<init>(Ljava/lang/String;)V+11
j  com.yahoo.ycsb.db.JAnanas.main([Ljava/lang/String;)V+6
v  ~StubRoutines::call_stub

---------------  P R O C E S S  ---------------

Java Threads: ( => current thread )
  0x00007f56fc029800 JavaThread "Low Memory Detector" daemon [_thread_blocked, id=12310, stack(0x00007f56faeef000,0x00007f56faff0000)]
  0x00007f56fc026800 JavaThread "C2 CompilerThread1" daemon [_thread_blocked, id=12309, stack(0x00007f56faff0000,0x00007f56fb0f1000)]
  0x00007f56fc023800 JavaThread "C2 CompilerThread0" daemon [_thread_blocked, id=12308, stack(0x00007f56fb0f1000,0x00007f56fb1f2000)]
  0x00007f56fc022000 JavaThread "Signal Dispatcher" daemon [_thread_blocked, id=12307, stack(0x00007f56fb1f2000,0x00007f56fb2f3000)]
  0x00007f56fc001000 JavaThread "Finalizer" daemon [_thread_blocked, id=12306, stack(0x00007f56fb2f3000,0x00007f56fb3f4000)]
  0x0000000000692800 JavaThread "Reference Handler" daemon [_thread_blocked, id=12305, stack(0x00007f56fb3f4000,0x00007f56fb4f5000)]
=>0x0000000000612000 JavaThread "main" [_thread_in_native, id=12290, stack(0x00007f57086bd000,0x00007f57087be000)]

Other Threads:
  0x000000000068d800 VMThread [stack: 0x00007f56fb4f5000,0x00007f56fb5f6000] [id=12304]
  0x00007f56fc034000 WatcherThread [stack: 0x00007f56fadee000,0x00007f56faeef000] [id=12311]

VM state:not at safepoint (normal execution)

VM Mutex/Monitor currently owned by a thread: None

Heap
 PSYoungGen      total 150400K, used 2579K [0x0000000758200000, 0x00000007629d0000, 0x0000000800000000)
  eden space 128960K, 2% used [0x0000000758200000,0x0000000758484cd8,0x000000075fff0000)
  from space 21440K, 0% used [0x00000007614e0000,0x00000007614e0000,0x00000007629d0000)
  to   space 21440K, 0% used [0x000000075fff0000,0x000000075fff0000,0x00000007614e0000)
 PSOldGen        total 343808K, used 0K [0x0000000608600000, 0x000000061d5c0000, 0x0000000758200000)
  object space 343808K, 0% used [0x0000000608600000,0x0000000608600000,0x000000061d5c0000)
 PSPermGen       total 21248K, used 2899K [0x00000005fe000000, 0x00000005ff4c0000, 0x0000000608600000)
  object space 21248K, 13% used [0x00000005fe000000,0x00000005fe2d4fd0,0x00000005ff4c0000)

Code Cache  [0x00007f5702e35000, 0x00007f57030a5000, 0x00007f5705e35000)
 total_blobs=155 nmethods=0 adapters=123 free_code_cache=49951040 largest_free_block=0

Dynamic libraries:
00400000-00409000 r-xp 00000000 08:01 7607131                            /usr/lib64/jvm/java-1.6.0-openjdk-1.6.0/jre/bin/java
00608000-00609000 r--p 00008000 08:01 7607131                            /usr/lib64/jvm/java-1.6.0-openjdk-1.6.0/jre/bin/java
00609000-0060a000 rw-p 00009000 08:01 7607131                            /usr/lib64/jvm/java-1.6.0-openjdk-1.6.0/jre/bin/java
0060a000-006b4000 rw-p 00000000 00:00 0                                  [heap]
5fe000000-5ff4c0000 rw-p 00000000 00:00 0 
5ff4c0000-608600000 rw-p 00000000 00:00 0 
608600000-61d5c0000 rw-p 00000000 00:00 0 
61d5c0000-758200000 rw-p 00000000 00:00 0 
758200000-7629d0000 rw-p 00000000 00:00 0 
7629d0000-800000000 rw-p 00000000 00:00 0 
7f56fa9db000-7f56fa9dd000 r-xp 00000000 08:06 28839488                   /home/runhui/ananas/lib/.libs/libkvf.so.0.0.0
7f56fa9dd000-7f56fabdc000 ---p 00002000 08:06 28839488                   /home/runhui/ananas/lib/.libs/libkvf.so.0.0.0
7f56fabdc000-7f56fabdd000 r--p 00001000 08:06 28839488                   /home/runhui/ananas/lib/.libs/libkvf.so.0.0.0
7f56fabdd000-7f56fabde000 rw-p 00002000 08:06 28839488                   /home/runhui/ananas/lib/.libs/libkvf.so.0.0.0
7f56fabde000-7f56fabe0000 r-xp 00000000 08:06 28839466                   /home/runhui/ananas/java/src/com/yahoo/ycsb/db/libcom_yahoo_ycsb_db_JAnanas.so
7f56fabe0000-7f56fade0000 ---p 00002000 08:06 28839466                   /home/runhui/ananas/java/src/com/yahoo/ycsb/db/libcom_yahoo_ycsb_db_JAnanas.so
7f56fade0000-7f56fade1000 r--p 00002000 08:06 28839466                   /home/runhui/ananas/java/src/com/yahoo/ycsb/db/libcom_yahoo_ycsb_db_JAnanas.so
7f56fade1000-7f56fade2000 rw-p 00003000 08:06 28839466                   /home/runhui/ananas/java/src/com/yahoo/ycsb/db/libcom_yahoo_ycsb_db_JAnanas.so
7f56fade2000-7f56fadeb000 r--s 00065000 08:01 7604786                    /usr/lib64/jvm/java-1.6.0-openjdk-1.6.0/jre/lib/ext/gnome-java-bridge.jar
7f56fadeb000-7f56fadee000 r--s 0000f000 08:01 7604790                    /usr/lib64/jvm/java-1.6.0-openjdk-1.6.0/jre/lib/ext/pulse-java.jar
7f56fadee000-7f56fadef000 ---p 00000000 00:00 0 
7f56fadef000-7f56faeef000 rw-p 00000000 00:00 0 
7f56faeef000-7f56faef2000 ---p 00000000 00:00 0 
7f56faef2000-7f56faff0000 rw-p 00000000 00:00 0 
7f56faff0000-7f56faff3000 ---p 00000000 00:00 0 
7f56faff3000-7f56fb0f1000 rw-p 00000000 00:00 0 
7f56fb0f1000-7f56fb0f4000 ---p 00000000 00:00 0 
7f56fb0f4000-7f56fb1f2000 rw-p 00000000 00:00 0 
7f56fb1f2000-7f56fb1f5000 ---p 00000000 00:00 0 
7f56fb1f5000-7f56fb2f3000 rw-p 00000000 00:00 0 
7f56fb2f3000-7f56fb2f6000 ---p 00000000 00:00 0 
7f56fb2f6000-7f56fb3f4000 rw-p 00000000 00:00 0 
7f56fb3f4000-7f56fb3f7000 ---p 00000000 00:00 0 
7f56fb3f7000-7f56fb4f5000 rw-p 00000000 00:00 0 
7f56fb4f5000-7f56fb4f6000 ---p 00000000 00:00 0 
7f56fb4f6000-7f56fc000000 rw-p 00000000 00:00 0 
7f56fc000000-7f56fc068000 rw-p 00000000 00:00 0 
7f56fc068000-7f5700000000 ---p 00000000 00:00 0 
7f570000c000-7f5700013000 r--s 00000000 08:01 6165667                    /usr/lib64/gconv/gconv-modules.cache
7f5700013000-7f5700052000 r--p 00000000 08:01 6294262                    /usr/lib/locale/en_US.utf8/LC_CTYPE
7f5700052000-7f5700489000 rw-p 00000000 00:00 0 
7f5700489000-7f570061e000 r--s 03849000 08:01 7604847                    /usr/lib64/jvm/java-1.6.0-openjdk-1.6.0/jre/lib/rt.jar
7f570061e000-7f5700646000 rw-p 00000000 00:00 0 
7f5700646000-7f5700647000 ---p 00000000 00:00 0 
7f5700647000-7f5700747000 rw-p 00000000 00:00 0 
7f5700747000-7f5700748000 ---p 00000000 00:00 0 
7f5700748000-7f5700848000 rw-p 00000000 00:00 0 
7f5700848000-7f5700849000 ---p 00000000 00:00 0 
7f5700849000-7f5700949000 rw-p 00000000 00:00 0 
7f5700949000-7f570094a000 ---p 00000000 00:00 0 
7f570094a000-7f5700a4a000 rw-p 00000000 00:00 0 
7f5700a4a000-7f5700a4b000 ---p 00000000 00:00 0 
7f5700a4b000-7f5700b4b000 rw-p 00000000 00:00 0 
7f5700b4b000-7f5700b4c000 ---p 00000000 00:00 0 
7f5700b4c000-7f5700c4c000 rw-p 00000000 00:00 0 
7f5700c4c000-7f5700c4d000 ---p 00000000 00:00 0 
7f5700c4d000-7f5700d4d000 rw-p 00000000 00:00 0 
7f5700d4d000-7f5700d4e000 ---p 00000000 00:00 0 
7f5700d4e000-7f5700e4e000 rw-p 00000000 00:00 0 
7f5700e4e000-7f5700e4f000 ---p 00000000 00:00 0 
7f5700e4f000-7f5700f4f000 rw-p 00000000 00:00 0 
7f5700f4f000-7f5700f50000 ---p 00000000 00:00 0 
7f5700f50000-7f5701050000 rw-p 00000000 00:00 0 
7f5701050000-7f5701051000 ---p 00000000 00:00 0 
7f5701051000-7f5701151000 rw-p 00000000 00:00 0 
7f5701151000-7f5701152000 ---p 00000000 00:00 0 
7f5701152000-7f5701252000 rw-p 00000000 00:00 0 
7f5701252000-7f5701253000 ---p 00000000 00:00 0 
7f5701253000-7f570135e000 rw-p 00000000 00:00 0 
7f570135e000-7f57013a6000 rw-p 00000000 00:00 0 
7f57013a6000-7f570144e000 rw-p 00000000 00:00 0 
7f570144e000-7f5701e24000 rw-p 00000000 00:00 0 
7f5701e24000-7f5701e2f000 rw-p 00000000 00:00 0 
7f5701e2f000-7f5701e77000 rw-p 00000000 00:00 0 
7f5701e77000-7f5701f1f000 rw-p 00000000 00:00 0 
7f5701f1f000-7f57028f5000 rw-p 00000000 00:00 0 
7f57028f5000-7f5702949000 rw-p 00000000 00:00 0 
7f5702949000-7f5702e34000 rw-p 00000000 00:00 0 
7f5702e34000-7f5702e35000 rw-p 00000000 00:00 0 
7f5702e35000-7f57030a5000 rwxp 00000000 00:00 0 
7f57030a5000-7f5705e35000 rw-p 00000000 00:00 0 
7f5705e35000-7f5705e3c000 r-xp 00000000 08:01 7604764                    /usr/lib64/jvm/java-1.6.0-openjdk-1.6.0/jre/lib/amd64/libzip.so
7f5705e3c000-7f570603b000 ---p 00007000 08:01 7604764                    /usr/lib64/jvm/java-1.6.0-openjdk-1.6.0/jre/lib/amd64/libzip.so
7f570603b000-7f570603c000 r--p 00006000 08:01 7604764                    /usr/lib64/jvm/java-1.6.0-openjdk-1.6.0/jre/lib/amd64/libzip.so
7f570603c000-7f570603d000 rw-p 00007000 08:01 7604764                    /usr/lib64/jvm/java-1.6.0-openjdk-1.6.0/jre/lib/amd64/libzip.so
7f570603d000-7f570606b000 r-xp 00000000 08:01 7604744                    /usr/lib64/jvm/java-1.6.0-openjdk-1.6.0/jre/lib/amd64/libjava.so
7f570606b000-7f570626a000 ---p 0002e000 08:01 7604744                    /usr/lib64/jvm/java-1.6.0-openjdk-1.6.0/jre/lib/amd64/libjava.so
7f570626a000-7f570626b000 r--p 0002d000 08:01 7604744                    /usr/lib64/jvm/java-1.6.0-openjdk-1.6.0/jre/lib/amd64/libjava.so
7f570626b000-7f570626e000 rw-p 0002e000 08:01 7604744                    /usr/lib64/jvm/java-1.6.0-openjdk-1.6.0/jre/lib/amd64/libjava.so
7f570626e000-7f570626f000 rw-p 00000000 00:00 0 
7f570626f000-7f570627d000 r-xp 00000000 08:01 7604763                    /usr/lib64/jvm/java-1.6.0-openjdk-1.6.0/jre/lib/amd64/libverify.so
7f570627d000-7f570647c000 ---p 0000e000 08:01 7604763                    /usr/lib64/jvm/java-1.6.0-openjdk-1.6.0/jre/lib/amd64/libverify.so
7f570647c000-7f570647e000 r--p 0000d000 08:01 7604763                    /usr/lib64/jvm/java-1.6.0-openjdk-1.6.0/jre/lib/amd64/libverify.so
7f570647e000-7f570647f000 rw-p 0000f000 08:01 7604763                    /usr/lib64/jvm/java-1.6.0-openjdk-1.6.0/jre/lib/amd64/libverify.so
7f570647f000-7f5706487000 r-xp 00000000 08:01 6029526                    /lib64/librt-2.11.3.so
7f5706487000-7f5706686000 ---p 00008000 08:01 6029526                    /lib64/librt-2.11.3.so
7f5706686000-7f5706687000 r--p 00007000 08:01 6029526                    /lib64/librt-2.11.3.so
7f5706687000-7f5706688000 rw-p 00008000 08:01 6029526                    /lib64/librt-2.11.3.so
7f5706688000-7f570669d000 r-xp 00000000 08:01 6029453                    /lib64/libgcc_s.so.1
7f570669d000-7f570689c000 ---p 00015000 08:01 6029453                    /lib64/libgcc_s.so.1
7f570689c000-7f570689d000 r--p 00014000 08:01 6029453                    /lib64/libgcc_s.so.1
7f570689d000-7f570689e000 rw-p 00015000 08:01 6029453                    /lib64/libgcc_s.so.1
7f570689e000-7f57068f4000 r-xp 00000000 08:01 6029450                    /lib64/libm-2.11.3.so
7f57068f4000-7f5706af3000 ---p 00056000 08:01 6029450                    /lib64/libm-2.11.3.so
7f5706af3000-7f5706af4000 r--p 00055000 08:01 6029450                    /lib64/libm-2.11.3.so
7f5706af4000-7f5706af5000 rw-p 00056000 08:01 6029450                    /lib64/libm-2.11.3.so
7f5706af5000-7f5706be0000 r-xp 00000000 08:01 6163108                    /usr/lib64/libstdc++.so.6.0.14
7f5706be0000-7f5706ddf000 ---p 000eb000 08:01 6163108                    /usr/lib64/libstdc++.so.6.0.14
7f5706ddf000-7f5706de7000 r--p 000ea000 08:01 6163108                    /usr/lib64/libstdc++.so.6.0.14
7f5706de7000-7f5706de9000 rw-p 000f2000 08:01 6163108                    /usr/lib64/libstdc++.so.6.0.14
7f5706de9000-7f5706dfe000 rw-p 00000000 00:00 0 
7f5706dfe000-7f570775b000 r-xp 00000000 08:01 7610206                    /usr/lib64/jvm/java-1.6.0-openjdk-1.6.0/jre/lib/amd64/server/libjvm.so
7f570775b000-7f570795a000 ---p 0095d000 08:01 7610206                    /usr/lib64/jvm/java-1.6.0-openjdk-1.6.0/jre/lib/amd64/server/libjvm.so
7f570795a000-7f57079db000 r--p 0095c000 08:01 7610206                    /usr/lib64/jvm/java-1.6.0-openjdk-1.6.0/jre/lib/amd64/server/libjvm.so
7f57079db000-7f57079f6000 rw-p 009dd000 08:01 7610206                    /usr/lib64/jvm/java-1.6.0-openjdk-1.6.0/jre/lib/amd64/server/libjvm.so
7f57079f6000-7f5707a1f000 rw-p 00000000 00:00 0 
7f5707a1f000-7f5707a35000 r-xp 00000000 08:01 6029318                    /lib64/libz.so.1.2.5
7f5707a35000-7f5707c35000 ---p 00016000 08:01 6029318                    /lib64/libz.so.1.2.5
7f5707c35000-7f5707c36000 r--p 00016000 08:01 6029318                    /lib64/libz.so.1.2.5
7f5707c36000-7f5707c37000 rw-p 00017000 08:01 6029318                    /lib64/libz.so.1.2.5
7f5707c37000-7f5707d9b000 r-xp 00000000 08:01 6029425                    /lib64/libc-2.11.3.so
7f5707d9b000-7f5707f9a000 ---p 00164000 08:01 6029425                    /lib64/libc-2.11.3.so
7f5707f9a000-7f5707f9e000 r--p 00163000 08:01 6029425                    /lib64/libc-2.11.3.so
7f5707f9e000-7f5707f9f000 rw-p 00167000 08:01 6029425                    /lib64/libc-2.11.3.so
7f5707f9f000-7f5707fa4000 rw-p 00000000 00:00 0 
7f5707fa4000-7f5707fa6000 r-xp 00000000 08:01 6029446                    /lib64/libdl-2.11.3.so
7f5707fa6000-7f57081a6000 ---p 00002000 08:01 6029446                    /lib64/libdl-2.11.3.so
7f57081a6000-7f57081a7000 r--p 00002000 08:01 6029446                    /lib64/libdl-2.11.3.so
7f57081a7000-7f57081a8000 rw-p 00003000 08:01 6029446                    /lib64/libdl-2.11.3.so
7f57081a8000-7f57081ac000 r-xp 00000000 08:01 7604726                    /usr/lib64/jvm/java-1.6.0-openjdk-1.6.0/jre/lib/amd64/jli/libjli.so
7f57081ac000-7f57083ab000 ---p 00004000 08:01 7604726                    /usr/lib64/jvm/java-1.6.0-openjdk-1.6.0/jre/lib/amd64/jli/libjli.so
7f57083ab000-7f57083ac000 r--p 00003000 08:01 7604726                    /usr/lib64/jvm/java-1.6.0-openjdk-1.6.0/jre/lib/amd64/jli/libjli.so
7f57083ac000-7f57083ad000 rw-p 00004000 08:01 7604726                    /usr/lib64/jvm/java-1.6.0-openjdk-1.6.0/jre/lib/amd64/jli/libjli.so
7f57083ad000-7f57083c4000 r-xp 00000000 08:01 6029514                    /lib64/libpthread-2.11.3.so
7f57083c4000-7f57085c4000 ---p 00017000 08:01 6029514                    /lib64/libpthread-2.11.3.so
7f57085c4000-7f57085c5000 r--p 00017000 08:01 6029514                    /lib64/libpthread-2.11.3.so
7f57085c5000-7f57085c6000 rw-p 00018000 08:01 6029514                    /lib64/libpthread-2.11.3.so
7f57085c6000-7f57085ca000 rw-p 00000000 00:00 0 
7f57085ca000-7f57085e8000 r-xp 00000000 08:01 6029348                    /lib64/ld-2.11.3.so
7f57085fd000-7f5708607000 rw-p 00000000 00:00 0 
7f5708607000-7f57086bd000 rw-p 00000000 00:00 0 
7f57086bd000-7f57086c0000 ---p 00000000 00:00 0 
7f57086c0000-7f57087c3000 rw-p 00000000 00:00 0 
7f57087dc000-7f57087e4000 rw-s 00000000 08:01 22151564                   /tmp/hsperfdata_runhui/12289
7f57087e4000-7f57087e5000 rw-p 00000000 00:00 0 
7f57087e5000-7f57087e6000 r--p 00000000 00:00 0 
7f57087e6000-7f57087e7000 rw-p 00000000 00:00 0 
7f57087e7000-7f57087e8000 r--p 0001d000 08:01 6029348                    /lib64/ld-2.11.3.so
7f57087e8000-7f57087e9000 rw-p 0001e000 08:01 6029348                    /lib64/ld-2.11.3.so
7f57087e9000-7f57087ea000 rw-p 00000000 00:00 0 
7fffa27dc000-7fffa27fd000 rw-p 00000000 00:00 0                          [stack]
7fffa27fd000-7fffa27fe000 r-xp 00000000 00:00 0                          [vdso]
ffffffffff600000-ffffffffff601000 r-xp 00000000 00:00 0                  [vsyscall]

VM Arguments:
jvm_args: -Djava.library.path=/home/runhui/ananas/java/src/com/yahoo/ycsb/db/ 
java_command: com.yahoo.ycsb.db.JAnanas
Launcher Type: SUN_STANDARD

Environment Variables:
JAVA_HOME=/usr/lib64/jvm/java
JRE_HOME=/usr/lib64/jvm/jre
PATH=/usr/lib64/mpi/gcc/openmpi/bin:/home/runhui/bin:/usr/local/bin:/usr/bin:/bin:/usr/bin/X11:/usr/X11R6/bin:/usr/games
LD_LIBRARY_PATH=/usr/lib64/jvm/java-1.6.0-openjdk-1.6.0/jre/lib/amd64/server:/usr/lib64/jvm/java-1.6.0-openjdk-1.6.0/jre/lib/amd64:/usr/lib64/jvm/java-1.6.0-openjdk-1.6.0/jre/../lib/amd64:/home/runhui/ananas/lib/.libs:/home/runhui/ananas/java/src/com/yahoo/ycsb/db:/usr/lib64/mpi/gcc/openmpi/lib64
SHELL=/bin/bash
DISPLAY=localhost:12.0
HOSTTYPE=x86_64
OSTYPE=linux
MACHTYPE=x86_64-suse-linux

Signal Handlers:
SIGSEGV: [libjvm.so+0x7dbbe0], sa_mask[0]=0x7ffbfeff, sa_flags=0x10000004
SIGBUS: [libjvm.so+0x7dbbe0], sa_mask[0]=0x7ffbfeff, sa_flags=0x10000004
SIGFPE: [libjvm.so+0x68be50], sa_mask[0]=0x7ffbfeff, sa_flags=0x10000004
SIGPIPE: [libjvm.so+0x68be50], sa_mask[0]=0x7ffbfeff, sa_flags=0x10000004
SIGXFSZ: [libjvm.so+0x68be50], sa_mask[0]=0x7ffbfeff, sa_flags=0x10000004
SIGILL: [libjvm.so+0x68be50], sa_mask[0]=0x7ffbfeff, sa_flags=0x10000004
SIGUSR1: SIG_DFL, sa_mask[0]=0x00000000, sa_flags=0x00000000
SIGUSR2: [libjvm.so+0x68c070], sa_mask[0]=0x00000000, sa_flags=0x10000004
SIGHUP: [libjvm.so+0x68ea80], sa_mask[0]=0x7ffbfeff, sa_flags=0x10000004
SIGINT: [libjvm.so+0x68ea80], sa_mask[0]=0x7ffbfeff, sa_flags=0x10000004
SIGTERM: [libjvm.so+0x68ea80], sa_mask[0]=0x7ffbfeff, sa_flags=0x10000004
SIGQUIT: [libjvm.so+0x68ea80], sa_mask[0]=0x7ffbfeff, sa_flags=0x10000004


---------------  S Y S T E M  ---------------

OS:openSUSE 11.4 (x86_64)
VERSION = 11.4
CODENAME = Celadon

uname:Linux 3.0.101-99-default #1 SMP Mon Feb 2 17:54:26 UTC 2015 (96d4595) x86_64
libc:glibc 2.11.3 NPTL 2.11.3 
rlimit: STACK 8192k, CORE 0k, NPROC 257693, NOFILE 8192, AS 28075280k
load average:0.08 0.07 0.10

/proc/meminfo:
MemTotal:       32997976 kB
MemFree:        26916216 kB
Buffers:         1251272 kB
Cached:          1776044 kB
SwapCached:            0 kB
Active:          4078524 kB
Inactive:        1198744 kB
Active(anon):    2248528 kB
Inactive(anon):     1596 kB
Active(file):    1829996 kB
Inactive(file):  1197148 kB
Unevictable:           0 kB
Mlocked:               0 kB
SwapTotal:       2096124 kB
SwapFree:        2096124 kB
Dirty:               192 kB
Writeback:             0 kB
AnonPages:       2244140 kB
Mapped:            61832 kB
Shmem:               172 kB
Slab:             432664 kB
SReclaimable:     384668 kB
SUnreclaim:        47996 kB
KernelStack:        3528 kB
PageTables:        10428 kB
NFS_Unstable:          0 kB
Bounce:                0 kB
WritebackTmp:          0 kB
CommitLimit:    18595112 kB
Committed_AS:    4777876 kB
VmallocTotal:   34359738367 kB
VmallocUsed:      340520 kB
VmallocChunk:   34342618724 kB
HardwareCorrupted:     0 kB
AnonHugePages:   2091008 kB
HugePages_Total:       0
HugePages_Free:        0
HugePages_Rsvd:        0
HugePages_Surp:        0
Hugepagesize:       2048 kB
DirectMap4k:       91620 kB
DirectMap2M:     3041280 kB
DirectMap1G:    30408704 kB


CPU:total 16 (4 cores per cpu, 2 threads per core) family 6 model 44 stepping 2, cmov, cx8, fxsr, mmx, sse, sse2, sse3, ssse3, sse4.1, sse4.2, popcnt, ht

Memory: 4k page, physical 32997976k(26916216k free), swap 2096124k(2096124k free)

vm_info: OpenJDK 64-Bit Server VM (20.0-b12) for linux-amd64 JRE (1.6.0_27-b27), built on Dec  7 2013 20:38:31 by "abuild" with gcc 4.5.1 20101208 [gcc-4_5-branch revision 167585]

time: Tue Oct 20 20:09:39 2015
elapsed time: 0 seconds

