#
# A fatal error has been detected by the Java Runtime Environment:
#
#  SIGSEGV (0xb) at pc=0x00007f68cf5f3da0, pid=12004, tid=140088365152000
#
# JRE version: 6.0_27-b27
# Java VM: OpenJDK 64-Bit Server VM (20.0-b12 mixed mode linux-amd64 compressed oops)
# Derivative: IcedTea6 1.12.7
# Distribution: Dummy Product (x86_64), package suse-45.1-x86_64
# Problematic frame:
# C  [libkvf.so.0+0xda0]  _kvf_find_impl+0x30
#
# If you would like to submit a bug report, please include
# instructions how to reproduce the bug and visit:
#   http://icedtea.classpath.org/bugzilla
# The crash happened outside the Java Virtual Machine in native code.
# See problematic frame for where to report the bug.
#

---------------  T H R E A D  ---------------

Current thread (0x0000000000612000):  JavaThread "main" [_thread_in_native, id=12005, stack(0x00007f68dd2df000,0x00007f68dd3e0000)]

siginfo:si_signo=SIGSEGV: si_errno=0, si_code=1 (SEGV_MAPERR), si_addr=0xffffffffffffffe8

Registers:
RAX=0x00007f68dd3de8f0, RBX=0x0000000000000000, RCX=0x0000000000000000, RDX=0x00007f68dd3de8f0
RSP=0x00007f68dd3de800, RBP=0x00007f68dd3de870, RSI=0x00007f68dd3de8e0, RDI=0x00007f68dd3de8f0
R8 =0xc300007f68d7a64f, R9 =0x0000000000000000, R10=0x00007f68dd3de5e0, R11=0x00007f68cf5f4290
R12=0x0000000000000000, R13=0x00007f68cf7f5040, R14=0x00007f68dd3de8f0, R15=0x0000000000612000
RIP=0x00007f68cf5f3da0, EFLAGS=0x0000000000010287, CSGSFS=0x0000000000000033, ERR=0x0000000000000005
  TRAPNO=0x000000000000000e

Top of Stack: (sp=0x00007f68dd3de800)
0x00007f68dd3de800:   00000005fe2d3dc0 00007f68dd3de870
0x00007f68dd3de810:   0000000000000000 00000005fe2d3dc0
0x00007f68dd3de820:   00007f68dd3de8f0 00007f68cf7f7349
0x00007f68dd3de830:   00007f68d7a5bdd0 00007f68dd3de8f0
0x00007f68dd3de840:   00007f68dd3de8e0 00000000006121d0
0x00007f68dd3de850:   00007f68dd3de8f0 0000000000612000
0x00007f68dd3de860:   0000000000000000 0000000000000000
0x00007f68dd3de870:   00007f68dd3de8d0 00007f68d7a67d68
0x00007f68dd3de880:   0000000000612f78 0000000000612f80
0x00007f68dd3de890:   00007f68dd3de890 00000005fe2d3dc0
0x00007f68dd3de8a0:   00007f68dd3de8f0 00000005fe2d4b48
0x00007f68dd3de8b0:   0000000000000000 00000005fe2d3dc0
0x00007f68dd3de8c0:   0000000000000000 00007f68dd3de8f0
0x00007f68dd3de8d0:   00007f68dd3de940 00007f68d7a5c929
0x00007f68dd3de8e0:   00000005fe2d4aa8 00007f68d7a64f57
0x00007f68dd3de8f0:   00000005fe2d4f90 0000000758238a10
0x00007f68dd3de900:   00007f68dd3de900 00000005fe2d37cb
0x00007f68dd3de910:   00007f68dd3de958 00000005fe2d4b48
0x00007f68dd3de920:   0000000000000000 00000005fe2d37e0
0x00007f68dd3de930:   00007f68dd3de8f0 00007f68dd3de950
0x00007f68dd3de940:   00007f68dd3de9a8 00007f68d7a5c85a
0x00007f68dd3de950:   00000005fe2d4f90 0000000758238a10
0x00007f68dd3de960:   0000000758238a10 00007f68dd3de968
0x00007f68dd3de970:   00000005fe2d4566 00007f68dd3dea08
0x00007f68dd3de980:   00000005fe2d4b48 0000000000000000
0x00007f68dd3de990:   00000005fe2d46a8 00007f68dd3de950
0x00007f68dd3de9a0:   00007f68dd3dea08 00007f68dd3dea70
0x00007f68dd3de9b0:   00007f68d7a57438 0000000000000000
0x00007f68dd3de9c0:   0000000000000000 0000000000000000
0x00007f68dd3de9d0:   0000000000000000 0000000000000000
0x00007f68dd3de9e0:   0000000000000000 0000000000000000
0x00007f68dd3de9f0:   0000000000000000 0000000000000000 

Instructions: (pc=0x00007f68cf5f3da0)
0x00007f68cf5f3d80:   45 31 e4 55 53 48 8b 1d b4 12 20 00 4c 39 eb 75
0x00007f68cf5f3d90:   0f eb 2f 0f 1f 44 00 00 48 8b 1b 4c 39 eb 74 30
0x00007f68cf5f3da0:   48 8b 6b e8 4c 8d 63 e0 48 89 ef e8 c8 fe ff ff
0x00007f68cf5f3db0:   4c 89 f6 48 89 c2 48 89 ef e8 9a fe ff ff 85 c0 

Register to memory mapping:

RAX=0x00007f68dd3de8f0 is pointing into the stack for thread: 0x0000000000612000
RBX=0x0000000000000000 is an unknown value
RCX=0x0000000000000000 is an unknown value
RDX=0x00007f68dd3de8f0 is pointing into the stack for thread: 0x0000000000612000
RSP=0x00007f68dd3de800 is pointing into the stack for thread: 0x0000000000612000
RBP=0x00007f68dd3de870 is pointing into the stack for thread: 0x0000000000612000
RSI=0x00007f68dd3de8e0 is pointing into the stack for thread: 0x0000000000612000
RDI=0x00007f68dd3de8f0 is pointing into the stack for thread: 0x0000000000612000
R8 =0xc300007f68d7a64f is an unknown value
R9 =0x0000000000000000 is an unknown value
R10=0x00007f68dd3de5e0 is pointing into the stack for thread: 0x0000000000612000
R11=0x00007f68cf5f4290: get_kvf+0 in /home/runhui/ananas/lib/.libs/libkvf.so.0 at 0x00007f68cf5f3000
R12=0x0000000000000000 is an unknown value
R13=0x00007f68cf7f5040: <offset 0x202040> in /home/runhui/ananas/lib/.libs/libkvf.so.0 at 0x00007f68cf5f3000
R14=0x00007f68dd3de8f0 is pointing into the stack for thread: 0x0000000000612000
R15=0x0000000000612000 is a thread


Stack: [0x00007f68dd2df000,0x00007f68dd3e0000],  sp=0x00007f68dd3de800,  free space=1022k
Native frames: (J=compiled Java code, j=interpreted, Vv=VM code, C=native code)
C  [libkvf.so.0+0xda0]  _kvf_find_impl+0x30
j  com.yahoo.ycsb.db.JAnanas.connect(Ljava/lang/String;)J+0
j  com.yahoo.ycsb.db.JAnanas.<init>(Ljava/lang/String;)V+11
j  com.yahoo.ycsb.db.JAnanas.main([Ljava/lang/String;)V+6
v  ~StubRoutines::call_stub
V  [libjvm.so+0x4cead8]  JavaCalls::call_helper(JavaValue*, methodHandle*, JavaCallArguments*, Thread*)+0x2b8
V  [libjvm.so+0x4cdf48]  JavaCalls::call(JavaValue*, methodHandle, JavaCallArguments*, Thread*)+0x28
V  [libjvm.so+0x4dab23]  _ZL17jni_invoke_staticP7JNIEnv_P9JavaValueP8_jobject11JNICallTypeP10_jmethodIDP18JNI_ArgumentPusherP6Thread.clone.53+0x1e3
V  [libjvm.so+0x4ec03d]  jni_CallStaticVoidMethod+0x16d
C  [java+0x2e7d]  JavaMain+0xddd

Java frames: (J=compiled Java code, j=interpreted, Vv=VM code)
j  com.yahoo.ycsb.db.JAnanas.connect(Ljava/lang/String;)J+0
j  com.yahoo.ycsb.db.JAnanas.<init>(Ljava/lang/String;)V+11
j  com.yahoo.ycsb.db.JAnanas.main([Ljava/lang/String;)V+6
v  ~StubRoutines::call_stub

---------------  P R O C E S S  ---------------

Java Threads: ( => current thread )
  0x00007f68d0088000 JavaThread "Low Memory Detector" daemon [_thread_blocked, id=12025, stack(0x00007f68cfafb000,0x00007f68cfbfc000)]
  0x00007f68d0085800 JavaThread "C2 CompilerThread1" daemon [_thread_blocked, id=12024, stack(0x00007f68cfbfc000,0x00007f68cfcfd000)]
  0x00007f68d0082800 JavaThread "C2 CompilerThread0" daemon [_thread_blocked, id=12023, stack(0x00007f68cfcfd000,0x00007f68cfdfe000)]
  0x00007f68d0081000 JavaThread "Signal Dispatcher" daemon [_thread_blocked, id=12022, stack(0x00007f68cfdfe000,0x00007f68cfeff000)]
  0x00007f68d0060000 JavaThread "Finalizer" daemon [_thread_blocked, id=12021, stack(0x00007f68cfeff000,0x00007f68d0000000)]
  0x00007f68d005e000 JavaThread "Reference Handler" daemon [_thread_blocked, id=12020, stack(0x00007f68d4068000,0x00007f68d4169000)]
=>0x0000000000612000 JavaThread "main" [_thread_in_native, id=12005, stack(0x00007f68dd2df000,0x00007f68dd3e0000)]

Other Threads:
  0x00007f68d0059000 VMThread [stack: 0x00007f68d4169000,0x00007f68d426a000] [id=12019]
  0x00007f68d0093000 WatcherThread [stack: 0x00007f68cf9fa000,0x00007f68cfafb000] [id=12026]

VM state:not at safepoint (normal execution)

VM Mutex/Monitor currently owned by a thread: None

Heap
 PSYoungGen      total 150400K, used 2579K [0x0000000758200000, 0x00000007629d0000, 0x0000000800000000)
  eden space 128960K, 2% used [0x0000000758200000,0x0000000758484cd8,0x000000075fff0000)
  from space 21440K, 0% used [0x00000007614e0000,0x00000007614e0000,0x00000007629d0000)
  to   space 21440K, 0% used [0x000000075fff0000,0x000000075fff0000,0x00000007614e0000)
 PSOldGen        total 343808K, used 0K [0x0000000608600000, 0x000000061d5c0000, 0x0000000758200000)
  object space 343808K, 0% used [0x0000000608600000,0x0000000608600000,0x000000061d5c0000)
 PSPermGen       total 21248K, used 2899K [0x00000005fe000000, 0x00000005ff4c0000, 0x0000000608600000)
  object space 21248K, 13% used [0x00000005fe000000,0x00000005fe2d4fd0,0x00000005ff4c0000)

Code Cache  [0x00007f68d7a57000, 0x00007f68d7cc7000, 0x00007f68daa57000)
 total_blobs=155 nmethods=0 adapters=123 free_code_cache=49951040 largest_free_block=0

Dynamic libraries:
00400000-00409000 r-xp 00000000 08:01 7607131                            /usr/lib64/jvm/java-1.6.0-openjdk-1.6.0/jre/bin/java
00608000-00609000 r--p 00008000 08:01 7607131                            /usr/lib64/jvm/java-1.6.0-openjdk-1.6.0/jre/bin/java
00609000-0060a000 rw-p 00009000 08:01 7607131                            /usr/lib64/jvm/java-1.6.0-openjdk-1.6.0/jre/bin/java
0060a000-0064c000 rw-p 00000000 00:00 0                                  [heap]
5fe000000-5ff4c0000 rw-p 00000000 00:00 0 
5ff4c0000-608600000 rw-p 00000000 00:00 0 
608600000-61d5c0000 rw-p 00000000 00:00 0 
61d5c0000-758200000 rw-p 00000000 00:00 0 
758200000-7629d0000 rw-p 00000000 00:00 0 
7629d0000-800000000 rw-p 00000000 00:00 0 
7f68cf5f3000-7f68cf5f5000 r-xp 00000000 08:06 28839488                   /home/runhui/ananas/lib/.libs/libkvf.so.0.0.0
7f68cf5f5000-7f68cf7f4000 ---p 00002000 08:06 28839488                   /home/runhui/ananas/lib/.libs/libkvf.so.0.0.0
7f68cf7f4000-7f68cf7f5000 r--p 00001000 08:06 28839488                   /home/runhui/ananas/lib/.libs/libkvf.so.0.0.0
7f68cf7f5000-7f68cf7f6000 rw-p 00002000 08:06 28839488                   /home/runhui/ananas/lib/.libs/libkvf.so.0.0.0
7f68cf7f6000-7f68cf7f8000 r-xp 00000000 08:06 28839499                   /home/runhui/ananas/java/src/com/yahoo/ycsb/db/libcom_yahoo_ycsb_db_JAnanas.so
7f68cf7f8000-7f68cf9f8000 ---p 00002000 08:06 28839499                   /home/runhui/ananas/java/src/com/yahoo/ycsb/db/libcom_yahoo_ycsb_db_JAnanas.so
7f68cf9f8000-7f68cf9f9000 r--p 00002000 08:06 28839499                   /home/runhui/ananas/java/src/com/yahoo/ycsb/db/libcom_yahoo_ycsb_db_JAnanas.so
7f68cf9f9000-7f68cf9fa000 rw-p 00003000 08:06 28839499                   /home/runhui/ananas/java/src/com/yahoo/ycsb/db/libcom_yahoo_ycsb_db_JAnanas.so
7f68cf9fa000-7f68cf9fb000 ---p 00000000 00:00 0 
7f68cf9fb000-7f68cfafb000 rw-p 00000000 00:00 0 
7f68cfafb000-7f68cfafe000 ---p 00000000 00:00 0 
7f68cfafe000-7f68cfbfc000 rw-p 00000000 00:00 0 
7f68cfbfc000-7f68cfbff000 ---p 00000000 00:00 0 
7f68cfbff000-7f68cfcfd000 rw-p 00000000 00:00 0 
7f68cfcfd000-7f68cfd00000 ---p 00000000 00:00 0 
7f68cfd00000-7f68cfdfe000 rw-p 00000000 00:00 0 
7f68cfdfe000-7f68cfe01000 ---p 00000000 00:00 0 
7f68cfe01000-7f68cfeff000 rw-p 00000000 00:00 0 
7f68cfeff000-7f68cff02000 ---p 00000000 00:00 0 
7f68cff02000-7f68d0000000 rw-p 00000000 00:00 0 
7f68d0000000-7f68d00c7000 rw-p 00000000 00:00 0 
7f68d00c7000-7f68d4000000 ---p 00000000 00:00 0 
7f68d4029000-7f68d4068000 r--p 00000000 08:01 6294262                    /usr/lib/locale/en_US.utf8/LC_CTYPE
7f68d4068000-7f68d406b000 ---p 00000000 00:00 0 
7f68d406b000-7f68d4169000 rw-p 00000000 00:00 0 
7f68d4169000-7f68d416a000 ---p 00000000 00:00 0 
7f68d416a000-7f68d50ab000 rw-p 00000000 00:00 0 
7f68d50ab000-7f68d5240000 r--s 03849000 08:01 7604847                    /usr/lib64/jvm/java-1.6.0-openjdk-1.6.0/jre/lib/rt.jar
7f68d5240000-7f68d5268000 rw-p 00000000 00:00 0 
7f68d5268000-7f68d5269000 ---p 00000000 00:00 0 
7f68d5269000-7f68d5369000 rw-p 00000000 00:00 0 
7f68d5369000-7f68d536a000 ---p 00000000 00:00 0 
7f68d536a000-7f68d546a000 rw-p 00000000 00:00 0 
7f68d546a000-7f68d546b000 ---p 00000000 00:00 0 
7f68d546b000-7f68d556b000 rw-p 00000000 00:00 0 
7f68d556b000-7f68d556c000 ---p 00000000 00:00 0 
7f68d556c000-7f68d566c000 rw-p 00000000 00:00 0 
7f68d566c000-7f68d566d000 ---p 00000000 00:00 0 
7f68d566d000-7f68d576d000 rw-p 00000000 00:00 0 
7f68d576d000-7f68d576e000 ---p 00000000 00:00 0 
7f68d576e000-7f68d586e000 rw-p 00000000 00:00 0 
7f68d586e000-7f68d586f000 ---p 00000000 00:00 0 
7f68d586f000-7f68d596f000 rw-p 00000000 00:00 0 
7f68d596f000-7f68d5970000 ---p 00000000 00:00 0 
7f68d5970000-7f68d5a70000 rw-p 00000000 00:00 0 
7f68d5a70000-7f68d5a71000 ---p 00000000 00:00 0 
7f68d5a71000-7f68d5b71000 rw-p 00000000 00:00 0 
7f68d5b71000-7f68d5b72000 ---p 00000000 00:00 0 
7f68d5b72000-7f68d5c72000 rw-p 00000000 00:00 0 
7f68d5c72000-7f68d5c73000 ---p 00000000 00:00 0 
7f68d5c73000-7f68d5d73000 rw-p 00000000 00:00 0 
7f68d5d73000-7f68d5d74000 ---p 00000000 00:00 0 
7f68d5d74000-7f68d5e74000 rw-p 00000000 00:00 0 
7f68d5e74000-7f68d5e75000 ---p 00000000 00:00 0 
7f68d5e75000-7f68d5f80000 rw-p 00000000 00:00 0 
7f68d5f80000-7f68d5fc8000 rw-p 00000000 00:00 0 
7f68d5fc8000-7f68d6070000 rw-p 00000000 00:00 0 
7f68d6070000-7f68d6a46000 rw-p 00000000 00:00 0 
7f68d6a46000-7f68d6a51000 rw-p 00000000 00:00 0 
7f68d6a51000-7f68d6a99000 rw-p 00000000 00:00 0 
7f68d6a99000-7f68d6b41000 rw-p 00000000 00:00 0 
7f68d6b41000-7f68d7517000 rw-p 00000000 00:00 0 
7f68d7517000-7f68d756b000 rw-p 00000000 00:00 0 
7f68d756b000-7f68d7a56000 rw-p 00000000 00:00 0 
7f68d7a56000-7f68d7a57000 rw-p 00000000 00:00 0 
7f68d7a57000-7f68d7cc7000 rwxp 00000000 00:00 0 
7f68d7cc7000-7f68daa57000 rw-p 00000000 00:00 0 
7f68daa57000-7f68daa5e000 r-xp 00000000 08:01 7604764                    /usr/lib64/jvm/java-1.6.0-openjdk-1.6.0/jre/lib/amd64/libzip.so
7f68daa5e000-7f68dac5d000 ---p 00007000 08:01 7604764                    /usr/lib64/jvm/java-1.6.0-openjdk-1.6.0/jre/lib/amd64/libzip.so
7f68dac5d000-7f68dac5e000 r--p 00006000 08:01 7604764                    /usr/lib64/jvm/java-1.6.0-openjdk-1.6.0/jre/lib/amd64/libzip.so
7f68dac5e000-7f68dac5f000 rw-p 00007000 08:01 7604764                    /usr/lib64/jvm/java-1.6.0-openjdk-1.6.0/jre/lib/amd64/libzip.so
7f68dac5f000-7f68dac8d000 r-xp 00000000 08:01 7604744                    /usr/lib64/jvm/java-1.6.0-openjdk-1.6.0/jre/lib/amd64/libjava.so
7f68dac8d000-7f68dae8c000 ---p 0002e000 08:01 7604744                    /usr/lib64/jvm/java-1.6.0-openjdk-1.6.0/jre/lib/amd64/libjava.so
7f68dae8c000-7f68dae8d000 r--p 0002d000 08:01 7604744                    /usr/lib64/jvm/java-1.6.0-openjdk-1.6.0/jre/lib/amd64/libjava.so
7f68dae8d000-7f68dae90000 rw-p 0002e000 08:01 7604744                    /usr/lib64/jvm/java-1.6.0-openjdk-1.6.0/jre/lib/amd64/libjava.so
7f68dae90000-7f68dae91000 rw-p 00000000 00:00 0 
7f68dae91000-7f68dae9f000 r-xp 00000000 08:01 7604763                    /usr/lib64/jvm/java-1.6.0-openjdk-1.6.0/jre/lib/amd64/libverify.so
7f68dae9f000-7f68db09e000 ---p 0000e000 08:01 7604763                    /usr/lib64/jvm/java-1.6.0-openjdk-1.6.0/jre/lib/amd64/libverify.so
7f68db09e000-7f68db0a0000 r--p 0000d000 08:01 7604763                    /usr/lib64/jvm/java-1.6.0-openjdk-1.6.0/jre/lib/amd64/libverify.so
7f68db0a0000-7f68db0a1000 rw-p 0000f000 08:01 7604763                    /usr/lib64/jvm/java-1.6.0-openjdk-1.6.0/jre/lib/amd64/libverify.so
7f68db0a1000-7f68db0a9000 r-xp 00000000 08:01 6029526                    /lib64/librt-2.11.3.so
7f68db0a9000-7f68db2a8000 ---p 00008000 08:01 6029526                    /lib64/librt-2.11.3.so
7f68db2a8000-7f68db2a9000 r--p 00007000 08:01 6029526                    /lib64/librt-2.11.3.so
7f68db2a9000-7f68db2aa000 rw-p 00008000 08:01 6029526                    /lib64/librt-2.11.3.so
7f68db2aa000-7f68db2bf000 r-xp 00000000 08:01 6029453                    /lib64/libgcc_s.so.1
7f68db2bf000-7f68db4be000 ---p 00015000 08:01 6029453                    /lib64/libgcc_s.so.1
7f68db4be000-7f68db4bf000 r--p 00014000 08:01 6029453                    /lib64/libgcc_s.so.1
7f68db4bf000-7f68db4c0000 rw-p 00015000 08:01 6029453                    /lib64/libgcc_s.so.1
7f68db4c0000-7f68db516000 r-xp 00000000 08:01 6029450                    /lib64/libm-2.11.3.so
7f68db516000-7f68db715000 ---p 00056000 08:01 6029450                    /lib64/libm-2.11.3.so
7f68db715000-7f68db716000 r--p 00055000 08:01 6029450                    /lib64/libm-2.11.3.so
7f68db716000-7f68db717000 rw-p 00056000 08:01 6029450                    /lib64/libm-2.11.3.so
7f68db717000-7f68db802000 r-xp 00000000 08:01 6163108                    /usr/lib64/libstdc++.so.6.0.14
7f68db802000-7f68dba01000 ---p 000eb000 08:01 6163108                    /usr/lib64/libstdc++.so.6.0.14
7f68dba01000-7f68dba09000 r--p 000ea000 08:01 6163108                    /usr/lib64/libstdc++.so.6.0.14
7f68dba09000-7f68dba0b000 rw-p 000f2000 08:01 6163108                    /usr/lib64/libstdc++.so.6.0.14
7f68dba0b000-7f68dba20000 rw-p 00000000 00:00 0 
7f68dba20000-7f68dc37d000 r-xp 00000000 08:01 7610206                    /usr/lib64/jvm/java-1.6.0-openjdk-1.6.0/jre/lib/amd64/server/libjvm.so
7f68dc37d000-7f68dc57c000 ---p 0095d000 08:01 7610206                    /usr/lib64/jvm/java-1.6.0-openjdk-1.6.0/jre/lib/amd64/server/libjvm.so
7f68dc57c000-7f68dc5fd000 r--p 0095c000 08:01 7610206                    /usr/lib64/jvm/java-1.6.0-openjdk-1.6.0/jre/lib/amd64/server/libjvm.so
7f68dc5fd000-7f68dc618000 rw-p 009dd000 08:01 7610206                    /usr/lib64/jvm/java-1.6.0-openjdk-1.6.0/jre/lib/amd64/server/libjvm.so
7f68dc618000-7f68dc641000 rw-p 00000000 00:00 0 
7f68dc641000-7f68dc657000 r-xp 00000000 08:01 6029318                    /lib64/libz.so.1.2.5
7f68dc657000-7f68dc857000 ---p 00016000 08:01 6029318                    /lib64/libz.so.1.2.5
7f68dc857000-7f68dc858000 r--p 00016000 08:01 6029318                    /lib64/libz.so.1.2.5
7f68dc858000-7f68dc859000 rw-p 00017000 08:01 6029318                    /lib64/libz.so.1.2.5
7f68dc859000-7f68dc9bd000 r-xp 00000000 08:01 6029425                    /lib64/libc-2.11.3.so
7f68dc9bd000-7f68dcbbc000 ---p 00164000 08:01 6029425                    /lib64/libc-2.11.3.so
7f68dcbbc000-7f68dcbc0000 r--p 00163000 08:01 6029425                    /lib64/libc-2.11.3.so
7f68dcbc0000-7f68dcbc1000 rw-p 00167000 08:01 6029425                    /lib64/libc-2.11.3.so
7f68dcbc1000-7f68dcbc6000 rw-p 00000000 00:00 0 
7f68dcbc6000-7f68dcbc8000 r-xp 00000000 08:01 6029446                    /lib64/libdl-2.11.3.so
7f68dcbc8000-7f68dcdc8000 ---p 00002000 08:01 6029446                    /lib64/libdl-2.11.3.so
7f68dcdc8000-7f68dcdc9000 r--p 00002000 08:01 6029446                    /lib64/libdl-2.11.3.so
7f68dcdc9000-7f68dcdca000 rw-p 00003000 08:01 6029446                    /lib64/libdl-2.11.3.so
7f68dcdca000-7f68dcdce000 r-xp 00000000 08:01 7604726                    /usr/lib64/jvm/java-1.6.0-openjdk-1.6.0/jre/lib/amd64/jli/libjli.so
7f68dcdce000-7f68dcfcd000 ---p 00004000 08:01 7604726                    /usr/lib64/jvm/java-1.6.0-openjdk-1.6.0/jre/lib/amd64/jli/libjli.so
7f68dcfcd000-7f68dcfce000 r--p 00003000 08:01 7604726                    /usr/lib64/jvm/java-1.6.0-openjdk-1.6.0/jre/lib/amd64/jli/libjli.so
7f68dcfce000-7f68dcfcf000 rw-p 00004000 08:01 7604726                    /usr/lib64/jvm/java-1.6.0-openjdk-1.6.0/jre/lib/amd64/jli/libjli.so
7f68dcfcf000-7f68dcfe6000 r-xp 00000000 08:01 6029514                    /lib64/libpthread-2.11.3.so
7f68dcfe6000-7f68dd1e6000 ---p 00017000 08:01 6029514                    /lib64/libpthread-2.11.3.so
7f68dd1e6000-7f68dd1e7000 r--p 00017000 08:01 6029514                    /lib64/libpthread-2.11.3.so
7f68dd1e7000-7f68dd1e8000 rw-p 00018000 08:01 6029514                    /lib64/libpthread-2.11.3.so
7f68dd1e8000-7f68dd1ec000 rw-p 00000000 00:00 0 
7f68dd1ec000-7f68dd20a000 r-xp 00000000 08:01 6029348                    /lib64/ld-2.11.3.so
7f68dd21f000-7f68dd229000 rw-p 00000000 00:00 0 
7f68dd229000-7f68dd2df000 rw-p 00000000 00:00 0 
7f68dd2df000-7f68dd2e2000 ---p 00000000 00:00 0 
7f68dd2e2000-7f68dd3e5000 rw-p 00000000 00:00 0 
7f68dd3eb000-7f68dd3f4000 r--s 00065000 08:01 7604786                    /usr/lib64/jvm/java-1.6.0-openjdk-1.6.0/jre/lib/ext/gnome-java-bridge.jar
7f68dd3f4000-7f68dd3f7000 r--s 0000f000 08:01 7604790                    /usr/lib64/jvm/java-1.6.0-openjdk-1.6.0/jre/lib/ext/pulse-java.jar
7f68dd3f7000-7f68dd3fe000 r--s 00000000 08:01 6165667                    /usr/lib64/gconv/gconv-modules.cache
7f68dd3fe000-7f68dd406000 rw-s 00000000 08:01 22151564                   /tmp/hsperfdata_runhui/12004
7f68dd406000-7f68dd407000 rw-p 00000000 00:00 0 
7f68dd407000-7f68dd408000 r--p 00000000 00:00 0 
7f68dd408000-7f68dd409000 rw-p 00000000 00:00 0 
7f68dd409000-7f68dd40a000 r--p 0001d000 08:01 6029348                    /lib64/ld-2.11.3.so
7f68dd40a000-7f68dd40b000 rw-p 0001e000 08:01 6029348                    /lib64/ld-2.11.3.so
7f68dd40b000-7f68dd40c000 rw-p 00000000 00:00 0 
7fffe402e000-7fffe404f000 rw-p 00000000 00:00 0                          [stack]
7fffe418b000-7fffe418c000 r-xp 00000000 00:00 0                          [vdso]
ffffffffff600000-ffffffffff601000 r-xp 00000000 00:00 0                  [vsyscall]

VM Arguments:
jvm_args: -Djava.library.path=/home/runhui/ananas/java/src/com/yahoo/ycsb/db/ 
java_command: com.yahoo.ycsb.db.JAnanas
Launcher Type: SUN_STANDARD

Environment Variables:
JAVA_HOME=/usr/lib64/jvm/java
JRE_HOME=/usr/lib64/jvm/jre
PATH=/usr/lib64/mpi/gcc/openmpi/bin:/home/runhui/bin:/usr/local/bin:/usr/bin:/bin:/usr/bin/X11:/usr/X11R6/bin:/usr/games
LD_LIBRARY_PATH=/usr/lib64/jvm/java-1.6.0-openjdk-1.6.0/jre/lib/amd64/server:/usr/lib64/jvm/java-1.6.0-openjdk-1.6.0/jre/lib/amd64:/usr/lib64/jvm/java-1.6.0-openjdk-1.6.0/jre/../lib/amd64:/home/runhui/ananas/lib/.libs:/home/runhui/ananas/java/src/com/yahoo/ycsb/db:/usr/lib64/mpi/gcc/openmpi/lib64
SHELL=/bin/bash
DISPLAY=localhost:12.0
HOSTTYPE=x86_64
OSTYPE=linux
MACHTYPE=x86_64-suse-linux

Signal Handlers:
SIGSEGV: [libjvm.so+0x7dbbe0], sa_mask[0]=0x7ffbfeff, sa_flags=0x10000004
SIGBUS: [libjvm.so+0x7dbbe0], sa_mask[0]=0x7ffbfeff, sa_flags=0x10000004
SIGFPE: [libjvm.so+0x68be50], sa_mask[0]=0x7ffbfeff, sa_flags=0x10000004
SIGPIPE: [libjvm.so+0x68be50], sa_mask[0]=0x7ffbfeff, sa_flags=0x10000004
SIGXFSZ: [libjvm.so+0x68be50], sa_mask[0]=0x7ffbfeff, sa_flags=0x10000004
SIGILL: [libjvm.so+0x68be50], sa_mask[0]=0x7ffbfeff, sa_flags=0x10000004
SIGUSR1: SIG_DFL, sa_mask[0]=0x00000000, sa_flags=0x00000000
SIGUSR2: [libjvm.so+0x68c070], sa_mask[0]=0x00000000, sa_flags=0x10000004
SIGHUP: [libjvm.so+0x68ea80], sa_mask[0]=0x7ffbfeff, sa_flags=0x10000004
SIGINT: [libjvm.so+0x68ea80], sa_mask[0]=0x7ffbfeff, sa_flags=0x10000004
SIGTERM: [libjvm.so+0x68ea80], sa_mask[0]=0x7ffbfeff, sa_flags=0x10000004
SIGQUIT: [libjvm.so+0x68ea80], sa_mask[0]=0x7ffbfeff, sa_flags=0x10000004


---------------  S Y S T E M  ---------------

OS:openSUSE 11.4 (x86_64)
VERSION = 11.4
CODENAME = Celadon

uname:Linux 3.0.101-99-default #1 SMP Mon Feb 2 17:54:26 UTC 2015 (96d4595) x86_64
libc:glibc 2.11.3 NPTL 2.11.3 
rlimit: STACK 8192k, CORE 0k, NPROC 257693, NOFILE 8192, AS 28075280k
load average:0.48 0.22 0.16

/proc/meminfo:
MemTotal:       32997976 kB
MemFree:        26921012 kB
Buffers:         1250992 kB
Cached:          1775968 kB
SwapCached:            0 kB
Active:          4078116 kB
Inactive:        1198448 kB
Active(anon):    2248216 kB
Inactive(anon):     1596 kB
Active(file):    1829900 kB
Inactive(file):  1196852 kB
Unevictable:           0 kB
Mlocked:               0 kB
SwapTotal:       2096124 kB
SwapFree:        2096124 kB
Dirty:                68 kB
Writeback:             0 kB
AnonPages:       2243828 kB
Mapped:            61688 kB
Shmem:               172 kB
Slab:             432052 kB
SReclaimable:     384652 kB
SUnreclaim:        47400 kB
KernelStack:        3424 kB
PageTables:        10412 kB
NFS_Unstable:          0 kB
Bounce:                0 kB
WritebackTmp:          0 kB
CommitLimit:    18595112 kB
Committed_AS:    4777424 kB
VmallocTotal:   34359738367 kB
VmallocUsed:      340520 kB
VmallocChunk:   34342618724 kB
HardwareCorrupted:     0 kB
AnonHugePages:   2091008 kB
HugePages_Total:       0
HugePages_Free:        0
HugePages_Rsvd:        0
HugePages_Surp:        0
Hugepagesize:       2048 kB
DirectMap4k:       91620 kB
DirectMap2M:     3041280 kB
DirectMap1G:    30408704 kB


CPU:total 16 (4 cores per cpu, 2 threads per core) family 6 model 44 stepping 2, cmov, cx8, fxsr, mmx, sse, sse2, sse3, ssse3, sse4.1, sse4.2, popcnt, ht

Memory: 4k page, physical 32997976k(26921012k free), swap 2096124k(2096124k free)

vm_info: OpenJDK 64-Bit Server VM (20.0-b12) for linux-amd64 JRE (1.6.0_27-b27), built on Dec  7 2013 20:38:31 by "abuild" with gcc 4.5.1 20101208 [gcc-4_5-branch revision 167585]

time: Tue Oct 20 19:49:44 2015
elapsed time: 0 seconds

